

================================================================
== Vitis HLS Report for 'AXIvideo2MultiPixStream'
================================================================
* Date:           Mon Jan 15 06:27:29 2024

* Version:        2022.1.2 (Build 3605665 on Fri Aug  5 22:52:02 MDT 2022)
* Project:        prj
* Solution:       sol (Vivado IP Flow Target)
* Product family: zynq
* Target device:  xc7z020-clg400-1


================================================================
== Performance Estimates
================================================================
+ Timing: 
    * Summary: 
    +--------+----------+----------+------------+
    |  Clock |  Target  | Estimated| Uncertainty|
    +--------+----------+----------+------------+
    |ap_clk  |  10.00 ns|  6.144 ns|     2.70 ns|
    +--------+----------+----------+------------+

+ Latency: 
    * Summary: 
    +---------+---------+-----------+-----------+-----+---------+---------+
    |  Latency (cycles) |   Latency (absolute)  |    Interval   | Pipeline|
    |   min   |   max   |    min    |    max    | min |   max   |   Type  |
    +---------+---------+-----------+-----------+-----+---------+---------+
    |        6|  8316006|  60.000 ns|  83.160 ms|    6|  8316006|       no|
    +---------+---------+-----------+-----------+-----+---------+---------+

    + Detail: 
        * Instance: 
        +-----------------------------------------------------------------+------------------------------------------------------+---------+---------+-----------+-----------+-----+------+---------+
        |                                                                 |                                                      |  Latency (cycles) |   Latency (absolute)  |  Interval  | Pipeline|
        |                             Instance                            |                        Module                        |   min   |   max   |    min    |    max    | min |  max |   Type  |
        +-----------------------------------------------------------------+------------------------------------------------------+---------+---------+-----------+-----------+-----+------+---------+
        |grp_AXIvideo2MultiPixStream_Pipeline_loop_wait_for_start_fu_183  |AXIvideo2MultiPixStream_Pipeline_loop_wait_for_start  |        2|        2|  20.000 ns|  20.000 ns|    2|     2|       no|
        |grp_AXIvideo2MultiPixStream_Pipeline_loop_width_fu_203           |AXIvideo2MultiPixStream_Pipeline_loop_width           |        3|     3842|  30.000 ns|  38.420 us|    3|  3842|       no|
        |grp_AXIvideo2MultiPixStream_Pipeline_loop_wait_for_eol_fu_231    |AXIvideo2MultiPixStream_Pipeline_loop_wait_for_eol    |        2|        2|  20.000 ns|  20.000 ns|    2|     2|       no|
        |grp_reg_unsigned_short_s_fu_273                                  |reg_unsigned_short_s                                  |        1|        1|  10.000 ns|  10.000 ns|    1|     1|      yes|
        |grp_reg_unsigned_short_s_fu_278                                  |reg_unsigned_short_s                                  |        1|        1|  10.000 ns|  10.000 ns|    1|     1|      yes|
        +-----------------------------------------------------------------+------------------------------------------------------+---------+---------+-----------+-----------+-----+------+---------+

        * Loop: 
        +---------------+---------+---------+----------+-----------+-----------+----------+----------+
        |               |  Latency (cycles) | Iteration|  Initiation Interval  |   Trip   |          |
        |   Loop Name   |   min   |   max   |  Latency |  achieved |   target  |   Count  | Pipelined|
        +---------------+---------+---------+----------+-----------+-----------+----------+----------+
        |- loop_height  |        0|  8316000|  7 ~ 3850|          -|          -|  0 ~ 2160|        no|
        +---------------+---------+---------+----------+-----------+-----------+----------+----------+

============================================================
+ Verbose Summary: Synthesis Manager
============================================================
InlineROM: 1
ExposeGlobal: 0
============================================================
+ Verbose Summary: CDFG Model
============================================================
IsTopModel: 0
ResetActiveHigh: 1
IsCombinational: 2
IsDatapathOnly: 0
HasWiredReturn: 1
HasMFsm: 0
HasVarLatency: 1
IsPipeline: 0
IsRtlPipelined: 0
IsInstanceOverlapped: 0
IsDontTouch: 0
HasImplIP: 0
IsGatedGlobalClock: 0


============================================================
+ Verbose Summary: Schedule
============================================================
* Number of FSM states : 10
* Pipeline : 0
* Dataflow Pipeline: 0

* FSM state transitions: 
1 --> 2 
2 --> 3 
3 --> 4 
4 --> 5 
5 --> 6 7 
6 --> 7 
7 --> 8 
8 --> 9 
9 --> 10 
10 --> 5 

* FSM state operations: 

State 1 <SV = 0> <Delay = 3.63>
ST_1 : Operation 11 [1/1] (0.00ns)   --->   "%i = alloca i32 1"   --->   Operation 11 'alloca' 'i' <Predicate = true> <Delay = 0.00>
ST_1 : Operation 12 [1/1] (0.00ns)   --->   "%axi_data_V_2 = alloca i32 1"   --->   Operation 12 'alloca' 'axi_data_V_2' <Predicate = true> <Delay = 0.00>
ST_1 : Operation 13 [1/1] (0.00ns)   --->   "%sof = alloca i32 1"   --->   Operation 13 'alloca' 'sof' <Predicate = true> <Delay = 0.00>
ST_1 : Operation 14 [1/1] (0.00ns)   --->   "%p_read25 = read i3 @_ssdm_op_Read.ap_auto.i3, i3 %p_read2"   --->   Operation 14 'read' 'p_read25' <Predicate = true> <Delay = 0.00>
ST_1 : Operation 15 [1/1] (0.00ns)   --->   "%p_read14 = read i12 @_ssdm_op_Read.ap_auto.i12, i12 %p_read1"   --->   Operation 15 'read' 'p_read14' <Predicate = true> <Delay = 0.00>
ST_1 : Operation 16 [1/1] (0.00ns)   --->   "%p_read_8 = read i12 @_ssdm_op_Read.ap_auto.i12, i12 %p_read"   --->   Operation 16 'read' 'p_read_8' <Predicate = true> <Delay = 0.00>
ST_1 : Operation 17 [1/1] (0.00ns)   --->   "%axi_last_V_4_loc = alloca i32 1"   --->   Operation 17 'alloca' 'axi_last_V_4_loc' <Predicate = true> <Delay = 0.00>
ST_1 : Operation 18 [1/1] (0.00ns)   --->   "%axi_data_V_3_loc = alloca i32 1"   --->   Operation 18 'alloca' 'axi_data_V_3_loc' <Predicate = true> <Delay = 0.00>
ST_1 : Operation 19 [1/1] (0.00ns)   --->   "%eol_loc = alloca i32 1"   --->   Operation 19 'alloca' 'eol_loc' <Predicate = true> <Delay = 0.00>
ST_1 : Operation 20 [1/1] (0.00ns)   --->   "%axi_last_V_loc = alloca i32 1"   --->   Operation 20 'alloca' 'axi_last_V_loc' <Predicate = true> <Delay = 0.00>
ST_1 : Operation 21 [1/1] (3.63ns)   --->   "%write_ln0 = write void @_ssdm_op_Write.ap_fifo.i12P0A, i12 %height_c10, i12 %p_read_8"   --->   Operation 21 'write' 'write_ln0' <Predicate = true> <Delay = 3.63> <CoreInst = "FIFO_SRL">   --->   Core 81 'FIFO_SRL' <Latency = 0> <II = 1> <Delay = 3.63> <Storage> <Opcode : 'read' 'write' 'nbread' 'nbwrite'> <Ports = 0> <Width = 12> <Depth = 2> <FIFO>
ST_1 : Operation 22 [1/1] (1.13ns)   --->   "%cond = icmp_eq  i3 %p_read25, i3 0"   --->   Operation 22 'icmp' 'cond' <Predicate = true> <Delay = 1.13> <CoreInst = "Cmp">   --->   Core 9 'Cmp' <Latency = 0> <II = 1> <Delay = 1.13> <FuncUnit> <Opcode : 'icmp'> <InPorts = 2> <OutPorts = 1>
ST_1 : Operation 23 [1/1] (1.58ns)   --->   "%store_ln205 = store i1 1, i1 %sof" [/home/sgdh/Zybo-Z7-HW/proj/Zybo-Z7-HW.runs/system_v_frmbuf_wr_0_0_synth_1/prj/sol/.autopilot/db/v_frmbuf_wr.cpp:205]   --->   Operation 23 'store' 'store_ln205' <Predicate = true> <Delay = 1.58>
ST_1 : Operation 24 [1/1] (1.58ns)   --->   "%store_ln205 = store i12 0, i12 %i" [/home/sgdh/Zybo-Z7-HW/proj/Zybo-Z7-HW.runs/system_v_frmbuf_wr_0_0_synth_1/prj/sol/.autopilot/db/v_frmbuf_wr.cpp:205]   --->   Operation 24 'store' 'store_ln205' <Predicate = true> <Delay = 1.58>

State 2 <SV = 1> <Delay = 1.58>
ST_2 : Operation 25 [1/1] (0.00ns)   --->   "%empty = wait i32 @_ssdm_op_Wait"   --->   Operation 25 'wait' 'empty' <Predicate = true> <Delay = 0.00>
ST_2 : Operation 26 [2/2] (1.58ns)   --->   "%call_ln0 = call void @AXIvideo2MultiPixStream_Pipeline_loop_wait_for_start, i24 %s_axis_video_V_data_V, i3 %s_axis_video_V_keep_V, i3 %s_axis_video_V_strb_V, i1 %s_axis_video_V_user_V, i1 %s_axis_video_V_last_V, i1 %s_axis_video_V_id_V, i1 %s_axis_video_V_dest_V, i24 %axi_data_V_2, i1 %axi_last_V_loc"   --->   Operation 26 'call' 'call_ln0' <Predicate = true> <Delay = 1.58> <CoreType = "Generic">   --->   Core 0 '' <Latency = 0> <II = 1> <Delay = 1.00> <Generic> <Opcode : >

State 3 <SV = 2> <Delay = 0.00>
ST_3 : Operation 27 [2/2] (0.00ns)   --->   "%rows = call i12 @reg<unsigned short>, i12 %p_read_8" [/home/sgdh/Zybo-Z7-HW/proj/Zybo-Z7-HW.runs/system_v_frmbuf_wr_0_0_synth_1/prj/sol/.autopilot/db/v_frmbuf_wr.cpp:185]   --->   Operation 27 'call' 'rows' <Predicate = true> <Delay = 0.00> <CoreType = "Generic">   --->   Core 0 '' <Latency = 0> <II = 1> <Delay = 1.00> <Generic> <Opcode : >
ST_3 : Operation 28 [2/2] (0.00ns)   --->   "%cols = call i12 @reg<unsigned short>, i12 %p_read14" [/home/sgdh/Zybo-Z7-HW/proj/Zybo-Z7-HW.runs/system_v_frmbuf_wr_0_0_synth_1/prj/sol/.autopilot/db/v_frmbuf_wr.cpp:186]   --->   Operation 28 'call' 'cols' <Predicate = true> <Delay = 0.00> <CoreType = "Generic">   --->   Core 0 '' <Latency = 0> <II = 1> <Delay = 1.00> <Generic> <Opcode : >
ST_3 : Operation 29 [1/2] (0.00ns)   --->   "%call_ln0 = call void @AXIvideo2MultiPixStream_Pipeline_loop_wait_for_start, i24 %s_axis_video_V_data_V, i3 %s_axis_video_V_keep_V, i3 %s_axis_video_V_strb_V, i1 %s_axis_video_V_user_V, i1 %s_axis_video_V_last_V, i1 %s_axis_video_V_id_V, i1 %s_axis_video_V_dest_V, i24 %axi_data_V_2, i1 %axi_last_V_loc"   --->   Operation 29 'call' 'call_ln0' <Predicate = true> <Delay = 0.00> <CoreType = "Generic">   --->   Core 0 '' <Latency = 0> <II = 1> <Delay = 1.00> <Generic> <Opcode : >

State 4 <SV = 3> <Delay = 1.99>
ST_4 : Operation 30 [1/1] (0.00ns)   --->   "%specinterface_ln0 = specinterface void @_ssdm_op_SpecInterface, i12 %height_c10, void @ap_fifo_str, i32 0, i32 0, void @p_str, i32 0, i32 0, void @p_str, void @p_str, void @p_str, i32 2, i32 2, i32 16, i32 16, void @p_str, void @ScalarProp_str, i32 4294967295, i32 0"   --->   Operation 30 'specinterface' 'specinterface_ln0' <Predicate = true> <Delay = 0.00>
ST_4 : Operation 31 [1/1] (0.00ns)   --->   "%specinterface_ln0 = specinterface void @_ssdm_op_SpecInterface, i24 %img, void @empty_8, i32 0, i32 0, void @empty_1, i32 0, i32 0, void @empty_1, void @empty_1, void @empty_1, i32 0, i32 0, i32 0, i32 0, void @empty_1, void @empty_1, i32 4294967295, i32 0"   --->   Operation 31 'specinterface' 'specinterface_ln0' <Predicate = true> <Delay = 0.00>
ST_4 : Operation 32 [1/1] (0.00ns)   --->   "%specinterface_ln0 = specinterface void @_ssdm_op_SpecInterface, i24 %s_axis_video_V_data_V, i3 %s_axis_video_V_keep_V, i3 %s_axis_video_V_strb_V, i1 %s_axis_video_V_user_V, i1 %s_axis_video_V_last_V, i1 %s_axis_video_V_id_V, i1 %s_axis_video_V_dest_V, void @empty_15, i32 0, i32 0, void @empty_7, i32 0, i32 0, void @empty_1, void @empty_1, void @empty_1, i32 0, i32 0, i32 0, i32 0, void @empty_1, void @empty_1, i32 4294967295, i32 0"   --->   Operation 32 'specinterface' 'specinterface_ln0' <Predicate = true> <Delay = 0.00>
ST_4 : Operation 33 [1/2] (0.00ns)   --->   "%rows = call i12 @reg<unsigned short>, i12 %p_read_8" [/home/sgdh/Zybo-Z7-HW/proj/Zybo-Z7-HW.runs/system_v_frmbuf_wr_0_0_synth_1/prj/sol/.autopilot/db/v_frmbuf_wr.cpp:185]   --->   Operation 33 'call' 'rows' <Predicate = true> <Delay = 0.00> <CoreType = "Generic">   --->   Core 0 '' <Latency = 0> <II = 1> <Delay = 1.00> <Generic> <Opcode : >
ST_4 : Operation 34 [1/2] (0.00ns)   --->   "%cols = call i12 @reg<unsigned short>, i12 %p_read14" [/home/sgdh/Zybo-Z7-HW/proj/Zybo-Z7-HW.runs/system_v_frmbuf_wr_0_0_synth_1/prj/sol/.autopilot/db/v_frmbuf_wr.cpp:186]   --->   Operation 34 'call' 'cols' <Predicate = true> <Delay = 0.00> <CoreType = "Generic">   --->   Core 0 '' <Latency = 0> <II = 1> <Delay = 1.00> <Generic> <Opcode : >
ST_4 : Operation 35 [1/1] (0.00ns)   --->   "%axi_last_V_loc_load = load i1 %axi_last_V_loc"   --->   Operation 35 'load' 'axi_last_V_loc_load' <Predicate = true> <Delay = 0.00>
ST_4 : Operation 36 [1/1] (0.00ns)   --->   "%empty_147 = wait i32 @_ssdm_op_Wait"   --->   Operation 36 'wait' 'empty_147' <Predicate = true> <Delay = 0.00>
ST_4 : Operation 37 [1/1] (1.99ns)   --->   "%cmp8460 = icmp_eq  i12 %cols, i12 0" [/home/sgdh/Zybo-Z7-HW/proj/Zybo-Z7-HW.runs/system_v_frmbuf_wr_0_0_synth_1/prj/sol/.autopilot/db/v_frmbuf_wr.cpp:186]   --->   Operation 37 'icmp' 'cmp8460' <Predicate = true> <Delay = 1.99> <CoreInst = "Cmp">   --->   Core 9 'Cmp' <Latency = 0> <II = 1> <Delay = 1.99> <FuncUnit> <Opcode : 'icmp'> <InPorts = 2> <OutPorts = 1>
ST_4 : Operation 38 [1/1] (1.58ns)   --->   "%br_ln205 = br void %loop_width" [/home/sgdh/Zybo-Z7-HW/proj/Zybo-Z7-HW.runs/system_v_frmbuf_wr_0_0_synth_1/prj/sol/.autopilot/db/v_frmbuf_wr.cpp:205]   --->   Operation 38 'br' 'br_ln205' <Predicate = true> <Delay = 1.58>

State 5 <SV = 4> <Delay = 6.14>
ST_5 : Operation 39 [1/1] (0.00ns)   --->   "%axi_last_V_2 = phi i1 %axi_last_V_loc_load, void %entry, i1 %axi_last_V_4_loc_load, void %loop_wait_for_eol"   --->   Operation 39 'phi' 'axi_last_V_2' <Predicate = true> <Delay = 0.00>
ST_5 : Operation 40 [1/1] (0.00ns)   --->   "%i_1 = load i12 %i" [/home/sgdh/Zybo-Z7-HW/proj/Zybo-Z7-HW.runs/system_v_frmbuf_wr_0_0_synth_1/prj/sol/.autopilot/db/v_frmbuf_wr.cpp:205]   --->   Operation 40 'load' 'i_1' <Predicate = true> <Delay = 0.00>
ST_5 : Operation 41 [1/1] (0.00ns)   --->   "%axi_data_V = load i24 %axi_data_V_2"   --->   Operation 41 'load' 'axi_data_V' <Predicate = true> <Delay = 0.00>
ST_5 : Operation 42 [1/1] (1.99ns)   --->   "%icmp_ln205 = icmp_eq  i12 %i_1, i12 %rows" [/home/sgdh/Zybo-Z7-HW/proj/Zybo-Z7-HW.runs/system_v_frmbuf_wr_0_0_synth_1/prj/sol/.autopilot/db/v_frmbuf_wr.cpp:205]   --->   Operation 42 'icmp' 'icmp_ln205' <Predicate = true> <Delay = 1.99> <CoreInst = "Cmp">   --->   Core 9 'Cmp' <Latency = 0> <II = 1> <Delay = 1.99> <FuncUnit> <Opcode : 'icmp'> <InPorts = 2> <OutPorts = 1>
ST_5 : Operation 43 [1/1] (0.00ns)   --->   "%speclooptripcount_ln0 = speclooptripcount void @_ssdm_op_SpecLoopTripCount, i64 0, i64 2160, i64 0"   --->   Operation 43 'speclooptripcount' 'speclooptripcount_ln0' <Predicate = true> <Delay = 0.00>
ST_5 : Operation 44 [1/1] (1.54ns)   --->   "%i_2 = add i12 %i_1, i12 1" [/home/sgdh/Zybo-Z7-HW/proj/Zybo-Z7-HW.runs/system_v_frmbuf_wr_0_0_synth_1/prj/sol/.autopilot/db/v_frmbuf_wr.cpp:205]   --->   Operation 44 'add' 'i_2' <Predicate = true> <Delay = 1.54> <CoreInst = "Adder">   --->   Core 1 'Adder' <Latency = 0> <II = 1> <Delay = 1.54> <FuncUnit> <Opcode : 'add' 'sub'> <InPorts = 2> <OutPorts = 1>
ST_5 : Operation 45 [1/1] (0.00ns)   --->   "%br_ln205 = br i1 %icmp_ln205, void %loop_width.split, void %for.end69.loopexit" [/home/sgdh/Zybo-Z7-HW/proj/Zybo-Z7-HW.runs/system_v_frmbuf_wr_0_0_synth_1/prj/sol/.autopilot/db/v_frmbuf_wr.cpp:205]   --->   Operation 45 'br' 'br_ln205' <Predicate = true> <Delay = 0.00>
ST_5 : Operation 46 [1/1] (0.00ns)   --->   "%specloopname_ln181 = specloopname void @_ssdm_op_SpecLoopName, void @empty_12" [/home/sgdh/Zybo-Z7-HW/proj/Zybo-Z7-HW.runs/system_v_frmbuf_wr_0_0_synth_1/prj/sol/.autopilot/db/v_frmbuf_wr.cpp:181]   --->   Operation 46 'specloopname' 'specloopname_ln181' <Predicate = (!icmp_ln205)> <Delay = 0.00>
ST_5 : Operation 47 [1/1] (1.58ns)   --->   "%br_ln207 = br i1 %cmp8460, void %for.body10.preheader, void %loop_wait_for_eol" [/home/sgdh/Zybo-Z7-HW/proj/Zybo-Z7-HW.runs/system_v_frmbuf_wr_0_0_synth_1/prj/sol/.autopilot/db/v_frmbuf_wr.cpp:207]   --->   Operation 47 'br' 'br_ln207' <Predicate = (!icmp_ln205)> <Delay = 1.58>
ST_5 : Operation 48 [1/1] (0.00ns)   --->   "%sof_load = load i1 %sof"   --->   Operation 48 'load' 'sof_load' <Predicate = (!icmp_ln205 & !cmp8460)> <Delay = 0.00>
ST_5 : Operation 49 [1/1] (0.00ns)   --->   "%empty_148 = wait i32 @_ssdm_op_Wait"   --->   Operation 49 'wait' 'empty_148' <Predicate = (!icmp_ln205 & !cmp8460)> <Delay = 0.00>
ST_5 : Operation 50 [2/2] (4.15ns)   --->   "%call_ln186 = call void @AXIvideo2MultiPixStream_Pipeline_loop_width, i1 %sof_load, i1 %axi_last_V_2, i24 %axi_data_V, i12 %cols, i1 %cond, i24 %img, i24 %s_axis_video_V_data_V, i3 %s_axis_video_V_keep_V, i3 %s_axis_video_V_strb_V, i1 %s_axis_video_V_user_V, i1 %s_axis_video_V_last_V, i1 %s_axis_video_V_id_V, i1 %s_axis_video_V_dest_V, i1 %eol_loc, i24 %axi_data_V_3_loc" [/home/sgdh/Zybo-Z7-HW/proj/Zybo-Z7-HW.runs/system_v_frmbuf_wr_0_0_synth_1/prj/sol/.autopilot/db/v_frmbuf_wr.cpp:186]   --->   Operation 50 'call' 'call_ln186' <Predicate = (!icmp_ln205 & !cmp8460)> <Delay = 4.15> <CoreType = "Generic">   --->   Core 0 '' <Latency = 0> <II = 1> <Delay = 1.00> <Generic> <Opcode : >
ST_5 : Operation 51 [1/1] (0.00ns)   --->   "%ret_ln0 = ret"   --->   Operation 51 'ret' 'ret_ln0' <Predicate = (icmp_ln205)> <Delay = 0.00>

State 6 <SV = 5> <Delay = 3.57>
ST_6 : Operation 52 [1/2] (3.57ns)   --->   "%call_ln186 = call void @AXIvideo2MultiPixStream_Pipeline_loop_width, i1 %sof_load, i1 %axi_last_V_2, i24 %axi_data_V, i12 %cols, i1 %cond, i24 %img, i24 %s_axis_video_V_data_V, i3 %s_axis_video_V_keep_V, i3 %s_axis_video_V_strb_V, i1 %s_axis_video_V_user_V, i1 %s_axis_video_V_last_V, i1 %s_axis_video_V_id_V, i1 %s_axis_video_V_dest_V, i1 %eol_loc, i24 %axi_data_V_3_loc" [/home/sgdh/Zybo-Z7-HW/proj/Zybo-Z7-HW.runs/system_v_frmbuf_wr_0_0_synth_1/prj/sol/.autopilot/db/v_frmbuf_wr.cpp:186]   --->   Operation 52 'call' 'call_ln186' <Predicate = true> <Delay = 3.57> <CoreType = "Generic">   --->   Core 0 '' <Latency = 0> <II = 1> <Delay = 1.00> <Generic> <Opcode : >

State 7 <SV = 6> <Delay = 1.58>
ST_7 : Operation 53 [1/1] (0.00ns)   --->   "%eol_loc_load = load i1 %eol_loc"   --->   Operation 53 'load' 'eol_loc_load' <Predicate = (!cmp8460)> <Delay = 0.00>
ST_7 : Operation 54 [1/1] (0.00ns)   --->   "%axi_data_V_3_loc_load = load i24 %axi_data_V_3_loc"   --->   Operation 54 'load' 'axi_data_V_3_loc_load' <Predicate = (!cmp8460)> <Delay = 0.00>
ST_7 : Operation 55 [1/1] (0.00ns)   --->   "%empty_149 = wait i32 @_ssdm_op_Wait"   --->   Operation 55 'wait' 'empty_149' <Predicate = (!cmp8460)> <Delay = 0.00>
ST_7 : Operation 56 [1/1] (1.58ns)   --->   "%store_ln0 = store i1 0, i1 %sof"   --->   Operation 56 'store' 'store_ln0' <Predicate = (!cmp8460)> <Delay = 1.58>
ST_7 : Operation 57 [1/1] (1.58ns)   --->   "%br_ln0 = br void %loop_wait_for_eol"   --->   Operation 57 'br' 'br_ln0' <Predicate = (!cmp8460)> <Delay = 1.58>
ST_7 : Operation 58 [1/1] (1.58ns)   --->   "%store_ln205 = store i12 %i_2, i12 %i" [/home/sgdh/Zybo-Z7-HW/proj/Zybo-Z7-HW.runs/system_v_frmbuf_wr_0_0_synth_1/prj/sol/.autopilot/db/v_frmbuf_wr.cpp:205]   --->   Operation 58 'store' 'store_ln205' <Predicate = true> <Delay = 1.58>

State 8 <SV = 7> <Delay = 3.17>
ST_8 : Operation 59 [1/1] (0.00ns)   --->   "%axi_data_2_lcssa = phi i24 %axi_data_V_3_loc_load, void %for.body10.preheader, i24 %axi_data_V, void %loop_width.split"   --->   Operation 59 'phi' 'axi_data_2_lcssa' <Predicate = true> <Delay = 0.00>
ST_8 : Operation 60 [1/1] (0.00ns)   --->   "%axi_last_2_lcssa = phi i1 %eol_loc_load, void %for.body10.preheader, i1 %axi_last_V_2, void %loop_width.split"   --->   Operation 60 'phi' 'axi_last_2_lcssa' <Predicate = true> <Delay = 0.00>
ST_8 : Operation 61 [1/1] (0.00ns)   --->   "%eol_0_lcssa = phi i1 %eol_loc_load, void %for.body10.preheader, i1 0, void %loop_width.split"   --->   Operation 61 'phi' 'eol_0_lcssa' <Predicate = true> <Delay = 0.00>
ST_8 : Operation 62 [1/1] (0.00ns)   --->   "%empty_150 = wait i32 @_ssdm_op_Wait"   --->   Operation 62 'wait' 'empty_150' <Predicate = true> <Delay = 0.00>
ST_8 : Operation 63 [2/2] (3.17ns)   --->   "%call_ln0 = call void @AXIvideo2MultiPixStream_Pipeline_loop_wait_for_eol, i24 %axi_data_2_lcssa, i1 %axi_last_2_lcssa, i1 %eol_0_lcssa, i24 %s_axis_video_V_data_V, i3 %s_axis_video_V_keep_V, i3 %s_axis_video_V_strb_V, i1 %s_axis_video_V_user_V, i1 %s_axis_video_V_last_V, i1 %s_axis_video_V_id_V, i1 %s_axis_video_V_dest_V, i24 %axi_data_V_2, i1 %axi_last_V_4_loc"   --->   Operation 63 'call' 'call_ln0' <Predicate = true> <Delay = 3.17> <CoreType = "Generic">   --->   Core 0 '' <Latency = 0> <II = 1> <Delay = 1.00> <Generic> <Opcode : >

State 9 <SV = 8> <Delay = 1.58>
ST_9 : Operation 64 [1/2] (1.58ns)   --->   "%call_ln0 = call void @AXIvideo2MultiPixStream_Pipeline_loop_wait_for_eol, i24 %axi_data_2_lcssa, i1 %axi_last_2_lcssa, i1 %eol_0_lcssa, i24 %s_axis_video_V_data_V, i3 %s_axis_video_V_keep_V, i3 %s_axis_video_V_strb_V, i1 %s_axis_video_V_user_V, i1 %s_axis_video_V_last_V, i1 %s_axis_video_V_id_V, i1 %s_axis_video_V_dest_V, i24 %axi_data_V_2, i1 %axi_last_V_4_loc"   --->   Operation 64 'call' 'call_ln0' <Predicate = true> <Delay = 1.58> <CoreType = "Generic">   --->   Core 0 '' <Latency = 0> <II = 1> <Delay = 1.00> <Generic> <Opcode : >

State 10 <SV = 9> <Delay = 0.00>
ST_10 : Operation 65 [1/1] (0.00ns)   --->   "%axi_last_V_4_loc_load = load i1 %axi_last_V_4_loc"   --->   Operation 65 'load' 'axi_last_V_4_loc_load' <Predicate = true> <Delay = 0.00>
ST_10 : Operation 66 [1/1] (0.00ns)   --->   "%br_ln205 = br void %loop_width" [/home/sgdh/Zybo-Z7-HW/proj/Zybo-Z7-HW.runs/system_v_frmbuf_wr_0_0_synth_1/prj/sol/.autopilot/db/v_frmbuf_wr.cpp:205]   --->   Operation 66 'br' 'br_ln205' <Predicate = true> <Delay = 0.00>


============================================================
+ Verbose Summary: Binding
============================================================
STG Binding: 
---------------- STG Properties BEGIN ----------------
- Is combinational: 0
- Is one-state seq: 0
- Is datapath-only: 0
- Is pipelined: 0
- Is top level: 0
Port [ Return ] is wired: 1; IO mode=ap_ctrl_hs:ce=0
Port [ s_axis_video_V_data_V]:  wired=1; compound=1; hidden=0; nouse=0; global=0; static=0; extern=0; dir=0; type=0; pingpong=0; private_global=0; IO mode=axis:ce=0
Port [ s_axis_video_V_keep_V]:  wired=1; compound=1; hidden=0; nouse=0; global=0; static=0; extern=0; dir=0; type=0; pingpong=0; private_global=0; IO mode=axis:ce=0
Port [ s_axis_video_V_strb_V]:  wired=1; compound=1; hidden=0; nouse=0; global=0; static=0; extern=0; dir=0; type=0; pingpong=0; private_global=0; IO mode=axis:ce=0
Port [ s_axis_video_V_user_V]:  wired=1; compound=1; hidden=0; nouse=0; global=0; static=0; extern=0; dir=0; type=0; pingpong=0; private_global=0; IO mode=axis:ce=0
Port [ s_axis_video_V_last_V]:  wired=1; compound=1; hidden=0; nouse=0; global=0; static=0; extern=0; dir=0; type=0; pingpong=0; private_global=0; IO mode=axis:ce=0
Port [ s_axis_video_V_id_V]:  wired=1; compound=1; hidden=0; nouse=0; global=0; static=0; extern=0; dir=0; type=0; pingpong=0; private_global=0; IO mode=axis:ce=0
Port [ s_axis_video_V_dest_V]:  wired=1; compound=1; hidden=0; nouse=0; global=0; static=0; extern=0; dir=0; type=0; pingpong=0; private_global=0; IO mode=axis:ce=0
Port [ img]:  wired=1; compound=1; hidden=0; nouse=0; global=0; static=0; extern=0; dir=1; type=3; pingpong=0; private_global=0; IO mode=ap_fifo:ce=0
Port [ p_read]:  wired=1; compound=0; hidden=0; nouse=0; global=0; static=0; extern=0; dir=0; type=0; pingpong=0; private_global=0; IO mode=ap_none:ce=0
Port [ p_read1]:  wired=1; compound=0; hidden=0; nouse=0; global=0; static=0; extern=0; dir=0; type=0; pingpong=0; private_global=0; IO mode=ap_none:ce=0
Port [ p_read2]:  wired=1; compound=0; hidden=0; nouse=0; global=0; static=0; extern=0; dir=0; type=0; pingpong=0; private_global=0; IO mode=ap_none:ce=0
Port [ height_c10]:  wired=1; compound=1; hidden=0; nouse=0; global=0; static=0; extern=0; dir=1; type=3; pingpong=0; private_global=0; IO mode=ap_fifo:ce=0
---------------- STG Properties END ------------------

---------------- Datapath Model BEGIN ----------------

<LifeTime>
<method=bitvector/>
i                     (alloca           ) [ 01111111111]
axi_data_V_2          (alloca           ) [ 00111111111]
sof                   (alloca           ) [ 01111111111]
p_read25              (read             ) [ 00000000000]
p_read14              (read             ) [ 00110000000]
p_read_8              (read             ) [ 00110000000]
axi_last_V_4_loc      (alloca           ) [ 00111111111]
axi_data_V_3_loc      (alloca           ) [ 00111111111]
eol_loc               (alloca           ) [ 00111111111]
axi_last_V_loc        (alloca           ) [ 00111000000]
write_ln0             (write            ) [ 00000000000]
cond                  (icmp             ) [ 00111111111]
store_ln205           (store            ) [ 00000000000]
store_ln205           (store            ) [ 00000000000]
empty                 (wait             ) [ 00000000000]
call_ln0              (call             ) [ 00000000000]
specinterface_ln0     (specinterface    ) [ 00000000000]
specinterface_ln0     (specinterface    ) [ 00000000000]
specinterface_ln0     (specinterface    ) [ 00000000000]
rows                  (call             ) [ 00000111111]
cols                  (call             ) [ 00000111111]
axi_last_V_loc_load   (load             ) [ 00001111111]
empty_147             (wait             ) [ 00000000000]
cmp8460               (icmp             ) [ 00000111111]
br_ln205              (br               ) [ 00001111111]
axi_last_V_2          (phi              ) [ 00000111100]
i_1                   (load             ) [ 00000000000]
axi_data_V            (load             ) [ 00000111111]
icmp_ln205            (icmp             ) [ 00000111111]
speclooptripcount_ln0 (speclooptripcount) [ 00000000000]
i_2                   (add              ) [ 00000011000]
br_ln205              (br               ) [ 00000000000]
specloopname_ln181    (specloopname     ) [ 00000000000]
br_ln207              (br               ) [ 00000111111]
sof_load              (load             ) [ 00000010000]
empty_148             (wait             ) [ 00000000000]
ret_ln0               (ret              ) [ 00000000000]
call_ln186            (call             ) [ 00000000000]
eol_loc_load          (load             ) [ 00000111111]
axi_data_V_3_loc_load (load             ) [ 00000111111]
empty_149             (wait             ) [ 00000000000]
store_ln0             (store            ) [ 00000000000]
br_ln0                (br               ) [ 00000111111]
store_ln205           (store            ) [ 00000000000]
axi_data_2_lcssa      (phi              ) [ 00000000110]
axi_last_2_lcssa      (phi              ) [ 00000000110]
eol_0_lcssa           (phi              ) [ 00000000110]
empty_150             (wait             ) [ 00000000000]
call_ln0              (call             ) [ 00000000000]
axi_last_V_4_loc_load (load             ) [ 00001111111]
br_ln205              (br               ) [ 00001111111]
</LifeTime>

<model>

<comp_list>
<comp id="0" class="1000" name="s_axis_video_V_data_V">
<pin_list>
<pin id="1" dir="1" index="0" bw="1" slack="0"/>
</pin_list>
<bind>
<StgValue><ssdm name="s_axis_video_V_data_V"/></StgValue>
</bind>
</comp>

<comp id="2" class="1000" name="s_axis_video_V_keep_V">
<pin_list>
<pin id="3" dir="1" index="0" bw="1" slack="0"/>
</pin_list>
<bind>
<StgValue><ssdm name="s_axis_video_V_keep_V"/></StgValue>
</bind>
</comp>

<comp id="4" class="1000" name="s_axis_video_V_strb_V">
<pin_list>
<pin id="5" dir="1" index="0" bw="1" slack="0"/>
</pin_list>
<bind>
<StgValue><ssdm name="s_axis_video_V_strb_V"/></StgValue>
</bind>
</comp>

<comp id="6" class="1000" name="s_axis_video_V_user_V">
<pin_list>
<pin id="7" dir="1" index="0" bw="1" slack="0"/>
</pin_list>
<bind>
<StgValue><ssdm name="s_axis_video_V_user_V"/></StgValue>
</bind>
</comp>

<comp id="8" class="1000" name="s_axis_video_V_last_V">
<pin_list>
<pin id="9" dir="1" index="0" bw="1" slack="0"/>
</pin_list>
<bind>
<StgValue><ssdm name="s_axis_video_V_last_V"/></StgValue>
</bind>
</comp>

<comp id="10" class="1000" name="s_axis_video_V_id_V">
<pin_list>
<pin id="11" dir="1" index="0" bw="1" slack="0"/>
</pin_list>
<bind>
<StgValue><ssdm name="s_axis_video_V_id_V"/></StgValue>
</bind>
</comp>

<comp id="12" class="1000" name="s_axis_video_V_dest_V">
<pin_list>
<pin id="13" dir="1" index="0" bw="1" slack="0"/>
</pin_list>
<bind>
<StgValue><ssdm name="s_axis_video_V_dest_V"/></StgValue>
</bind>
</comp>

<comp id="14" class="1000" name="img">
<pin_list>
<pin id="15" dir="1" index="0" bw="1" slack="0"/>
</pin_list>
<bind>
<StgValue><ssdm name="img"/></StgValue>
</bind>
</comp>

<comp id="16" class="1000" name="p_read">
<pin_list>
<pin id="17" dir="1" index="0" bw="1" slack="0"/>
</pin_list>
<bind>
<StgValue><ssdm name="p_read"/></StgValue>
</bind>
</comp>

<comp id="18" class="1000" name="p_read1">
<pin_list>
<pin id="19" dir="1" index="0" bw="1" slack="0"/>
</pin_list>
<bind>
<StgValue><ssdm name="p_read1"/></StgValue>
</bind>
</comp>

<comp id="20" class="1000" name="p_read2">
<pin_list>
<pin id="21" dir="1" index="0" bw="1" slack="0"/>
</pin_list>
<bind>
<StgValue><ssdm name="p_read2"/></StgValue>
</bind>
</comp>

<comp id="22" class="1000" name="height_c10">
<pin_list>
<pin id="23" dir="1" index="0" bw="1" slack="0"/>
</pin_list>
<bind>
<StgValue><ssdm name="height_c10"/></StgValue>
</bind>
</comp>

<comp id="24" class="1001" name="const_24">
<pin_list>
<pin id="25" dir="1" index="0" bw="1" slack="0"/>
</pin_list>
<bind>
<StgValue><ssdm name=""/></StgValue>
</bind>
</comp>

<comp id="26" class="1001" name="const_26">
<pin_list>
<pin id="27" dir="1" index="0" bw="1" slack="0"/>
</pin_list>
<bind>
<StgValue><ssdm name="_ssdm_op_Read.ap_auto.i3"/></StgValue>
</bind>
</comp>

<comp id="28" class="1001" name="const_28">
<pin_list>
<pin id="29" dir="1" index="0" bw="1" slack="0"/>
</pin_list>
<bind>
<StgValue><ssdm name="_ssdm_op_Read.ap_auto.i12"/></StgValue>
</bind>
</comp>

<comp id="30" class="1001" name="const_30">
<pin_list>
<pin id="31" dir="1" index="0" bw="1" slack="0"/>
</pin_list>
<bind>
<StgValue><ssdm name="_ssdm_op_Write.ap_fifo.i12P0A"/></StgValue>
</bind>
</comp>

<comp id="32" class="1001" name="const_32">
<pin_list>
<pin id="33" dir="1" index="0" bw="1" slack="0"/>
</pin_list>
<bind>
<StgValue><ssdm name=""/></StgValue>
</bind>
</comp>

<comp id="34" class="1001" name="const_34">
<pin_list>
<pin id="35" dir="1" index="0" bw="1" slack="0"/>
</pin_list>
<bind>
<StgValue><ssdm name=""/></StgValue>
</bind>
</comp>

<comp id="36" class="1001" name="const_36">
<pin_list>
<pin id="37" dir="1" index="0" bw="1" slack="0"/>
</pin_list>
<bind>
<StgValue><ssdm name=""/></StgValue>
</bind>
</comp>

<comp id="38" class="1001" name="const_38">
<pin_list>
<pin id="39" dir="1" index="0" bw="1" slack="2147483647"/>
</pin_list>
<bind>
<StgValue><ssdm name="_ssdm_op_Wait"/></StgValue>
</bind>
</comp>

<comp id="40" class="1001" name="const_40">
<pin_list>
<pin id="41" dir="1" index="0" bw="1" slack="0"/>
</pin_list>
<bind>
<StgValue><ssdm name="AXIvideo2MultiPixStream_Pipeline_loop_wait_for_start"/></StgValue>
</bind>
</comp>

<comp id="42" class="1001" name="const_42">
<pin_list>
<pin id="43" dir="1" index="0" bw="1" slack="0"/>
</pin_list>
<bind>
<StgValue><ssdm name="reg<unsigned short>"/></StgValue>
</bind>
</comp>

<comp id="44" class="1001" name="const_44">
<pin_list>
<pin id="45" dir="1" index="0" bw="1" slack="2147483647"/>
</pin_list>
<bind>
<StgValue><ssdm name="_ssdm_op_SpecInterface"/></StgValue>
</bind>
</comp>

<comp id="46" class="1001" name="const_46">
<pin_list>
<pin id="47" dir="1" index="0" bw="1" slack="2147483647"/>
</pin_list>
<bind>
<StgValue><ssdm name="ap_fifo_str"/></StgValue>
</bind>
</comp>

<comp id="48" class="1001" name="const_48">
<pin_list>
<pin id="49" dir="1" index="0" bw="1" slack="2147483647"/>
</pin_list>
<bind>
<StgValue><ssdm name=""/></StgValue>
</bind>
</comp>

<comp id="50" class="1001" name="const_50">
<pin_list>
<pin id="51" dir="1" index="0" bw="1" slack="2147483647"/>
</pin_list>
<bind>
<StgValue><ssdm name="p_str"/></StgValue>
</bind>
</comp>

<comp id="52" class="1001" name="const_52">
<pin_list>
<pin id="53" dir="1" index="0" bw="1" slack="2147483647"/>
</pin_list>
<bind>
<StgValue><ssdm name=""/></StgValue>
</bind>
</comp>

<comp id="54" class="1001" name="const_54">
<pin_list>
<pin id="55" dir="1" index="0" bw="1" slack="2147483647"/>
</pin_list>
<bind>
<StgValue><ssdm name=""/></StgValue>
</bind>
</comp>

<comp id="56" class="1001" name="const_56">
<pin_list>
<pin id="57" dir="1" index="0" bw="1" slack="2147483647"/>
</pin_list>
<bind>
<StgValue><ssdm name="ScalarProp_str"/></StgValue>
</bind>
</comp>

<comp id="58" class="1001" name="const_58">
<pin_list>
<pin id="59" dir="1" index="0" bw="1" slack="2147483647"/>
</pin_list>
<bind>
<StgValue><ssdm name=""/></StgValue>
</bind>
</comp>

<comp id="60" class="1001" name="const_60">
<pin_list>
<pin id="61" dir="1" index="0" bw="1" slack="2147483647"/>
</pin_list>
<bind>
<StgValue><ssdm name="empty_8"/></StgValue>
</bind>
</comp>

<comp id="62" class="1001" name="const_62">
<pin_list>
<pin id="63" dir="1" index="0" bw="1" slack="2147483647"/>
</pin_list>
<bind>
<StgValue><ssdm name="empty_1"/></StgValue>
</bind>
</comp>

<comp id="64" class="1001" name="const_64">
<pin_list>
<pin id="65" dir="1" index="0" bw="1" slack="2147483647"/>
</pin_list>
<bind>
<StgValue><ssdm name="empty_15"/></StgValue>
</bind>
</comp>

<comp id="66" class="1001" name="const_66">
<pin_list>
<pin id="67" dir="1" index="0" bw="1" slack="2147483647"/>
</pin_list>
<bind>
<StgValue><ssdm name="empty_7"/></StgValue>
</bind>
</comp>

<comp id="68" class="1001" name="const_68">
<pin_list>
<pin id="69" dir="1" index="0" bw="1" slack="2147483647"/>
</pin_list>
<bind>
<StgValue><ssdm name="_ssdm_op_SpecLoopTripCount"/></StgValue>
</bind>
</comp>

<comp id="70" class="1001" name="const_70">
<pin_list>
<pin id="71" dir="1" index="0" bw="1" slack="2147483647"/>
</pin_list>
<bind>
<StgValue><ssdm name=""/></StgValue>
</bind>
</comp>

<comp id="72" class="1001" name="const_72">
<pin_list>
<pin id="73" dir="1" index="0" bw="1" slack="2147483647"/>
</pin_list>
<bind>
<StgValue><ssdm name=""/></StgValue>
</bind>
</comp>

<comp id="74" class="1001" name="const_74">
<pin_list>
<pin id="75" dir="1" index="0" bw="1" slack="0"/>
</pin_list>
<bind>
<StgValue><ssdm name=""/></StgValue>
</bind>
</comp>

<comp id="76" class="1001" name="const_76">
<pin_list>
<pin id="77" dir="1" index="0" bw="1" slack="2147483647"/>
</pin_list>
<bind>
<StgValue><ssdm name="_ssdm_op_SpecLoopName"/></StgValue>
</bind>
</comp>

<comp id="78" class="1001" name="const_78">
<pin_list>
<pin id="79" dir="1" index="0" bw="1" slack="2147483647"/>
</pin_list>
<bind>
<StgValue><ssdm name="empty_12"/></StgValue>
</bind>
</comp>

<comp id="80" class="1001" name="const_80">
<pin_list>
<pin id="81" dir="1" index="0" bw="1" slack="0"/>
</pin_list>
<bind>
<StgValue><ssdm name="AXIvideo2MultiPixStream_Pipeline_loop_width"/></StgValue>
</bind>
</comp>

<comp id="82" class="1001" name="const_82">
<pin_list>
<pin id="83" dir="1" index="0" bw="1" slack="0"/>
</pin_list>
<bind>
<StgValue><ssdm name=""/></StgValue>
</bind>
</comp>

<comp id="84" class="1001" name="const_84">
<pin_list>
<pin id="85" dir="1" index="0" bw="1" slack="0"/>
</pin_list>
<bind>
<StgValue><ssdm name="AXIvideo2MultiPixStream_Pipeline_loop_wait_for_eol"/></StgValue>
</bind>
</comp>

<comp id="86" class="1004" name="i_fu_86">
<pin_list>
<pin id="87" dir="0" index="0" bw="1" slack="0"/>
<pin id="88" dir="1" index="1" bw="12" slack="0"/>
</pin_list>
<bind>
<opcode="alloca(26) " fcode="alloca"/>
<opset="i/1 "/>
</bind>
</comp>

<comp id="90" class="1004" name="axi_data_V_2_fu_90">
<pin_list>
<pin id="91" dir="0" index="0" bw="1" slack="0"/>
<pin id="92" dir="1" index="1" bw="24" slack="1"/>
</pin_list>
<bind>
<opcode="alloca(26) " fcode="alloca"/>
<opset="axi_data_V_2/1 "/>
</bind>
</comp>

<comp id="94" class="1004" name="sof_fu_94">
<pin_list>
<pin id="95" dir="0" index="0" bw="1" slack="0"/>
<pin id="96" dir="1" index="1" bw="1" slack="0"/>
</pin_list>
<bind>
<opcode="alloca(26) " fcode="alloca"/>
<opset="sof/1 "/>
</bind>
</comp>

<comp id="98" class="1004" name="axi_last_V_4_loc_fu_98">
<pin_list>
<pin id="99" dir="0" index="0" bw="1" slack="0"/>
<pin id="100" dir="1" index="1" bw="1" slack="7"/>
</pin_list>
<bind>
<opcode="alloca(26) " fcode="alloca"/>
<opset="axi_last_V_4_loc/1 "/>
</bind>
</comp>

<comp id="102" class="1004" name="axi_data_V_3_loc_fu_102">
<pin_list>
<pin id="103" dir="0" index="0" bw="1" slack="0"/>
<pin id="104" dir="1" index="1" bw="24" slack="4"/>
</pin_list>
<bind>
<opcode="alloca(26) " fcode="alloca"/>
<opset="axi_data_V_3_loc/1 "/>
</bind>
</comp>

<comp id="106" class="1004" name="eol_loc_fu_106">
<pin_list>
<pin id="107" dir="0" index="0" bw="1" slack="0"/>
<pin id="108" dir="1" index="1" bw="1" slack="4"/>
</pin_list>
<bind>
<opcode="alloca(26) " fcode="alloca"/>
<opset="eol_loc/1 "/>
</bind>
</comp>

<comp id="110" class="1004" name="axi_last_V_loc_fu_110">
<pin_list>
<pin id="111" dir="0" index="0" bw="1" slack="0"/>
<pin id="112" dir="1" index="1" bw="1" slack="1"/>
</pin_list>
<bind>
<opcode="alloca(26) " fcode="alloca"/>
<opset="axi_last_V_loc/1 "/>
</bind>
</comp>

<comp id="114" class="1004" name="p_read25_read_fu_114">
<pin_list>
<pin id="115" dir="0" index="0" bw="3" slack="0"/>
<pin id="116" dir="0" index="1" bw="3" slack="0"/>
<pin id="117" dir="1" index="2" bw="3" slack="0"/>
</pin_list>
<bind>
<opcode="read(1150) " fcode="read"/>
<opset="p_read25/1 "/>
</bind>
</comp>

<comp id="120" class="1004" name="p_read14_read_fu_120">
<pin_list>
<pin id="121" dir="0" index="0" bw="12" slack="0"/>
<pin id="122" dir="0" index="1" bw="12" slack="0"/>
<pin id="123" dir="1" index="2" bw="12" slack="2"/>
</pin_list>
<bind>
<opcode="read(1150) " fcode="read"/>
<opset="p_read14/1 "/>
</bind>
</comp>

<comp id="126" class="1004" name="p_read_8_read_fu_126">
<pin_list>
<pin id="127" dir="0" index="0" bw="12" slack="0"/>
<pin id="128" dir="0" index="1" bw="12" slack="0"/>
<pin id="129" dir="1" index="2" bw="12" slack="0"/>
</pin_list>
<bind>
<opcode="read(1150) " fcode="read"/>
<opset="p_read_8/1 "/>
</bind>
</comp>

<comp id="132" class="1004" name="write_ln0_write_fu_132">
<pin_list>
<pin id="133" dir="0" index="0" bw="0" slack="0"/>
<pin id="134" dir="0" index="1" bw="12" slack="0"/>
<pin id="135" dir="0" index="2" bw="12" slack="0"/>
<pin id="136" dir="1" index="3" bw="0" slack="2147483647"/>
</pin_list>
<bind>
<opcode="write(1151) " fcode="write"/>
<opset="write_ln0/1 "/>
</bind>
</comp>

<comp id="140" class="1005" name="axi_last_V_2_reg_140">
<pin_list>
<pin id="141" dir="0" index="0" bw="1" slack="1"/>
<pin id="142" dir="1" index="1" bw="1" slack="3"/>
</pin_list>
<bind>
<opset="axi_last_V_2 (phireg) "/>
</bind>
</comp>

<comp id="143" class="1004" name="axi_last_V_2_phi_fu_143">
<pin_list>
<pin id="144" dir="0" index="0" bw="1" slack="2147483647"/>
<pin id="145" dir="0" index="1" bw="0" slack="2147483647"/>
<pin id="146" dir="0" index="2" bw="1" slack="2147483647"/>
<pin id="147" dir="0" index="3" bw="0" slack="2147483647"/>
<pin id="148" dir="1" index="4" bw="1" slack="0"/>
</pin_list>
<bind>
<opcode="phi(47) " fcode="phi"/>
<opset="axi_last_V_2/5 "/>
</bind>
</comp>

<comp id="150" class="1005" name="axi_data_2_lcssa_reg_150">
<pin_list>
<pin id="151" dir="0" index="0" bw="24" slack="1"/>
<pin id="152" dir="1" index="1" bw="24" slack="2147483647"/>
</pin_list>
<bind>
<opset="axi_data_2_lcssa (phireg) "/>
</bind>
</comp>

<comp id="153" class="1004" name="axi_data_2_lcssa_phi_fu_153">
<pin_list>
<pin id="154" dir="0" index="0" bw="24" slack="2147483647"/>
<pin id="155" dir="0" index="1" bw="0" slack="2147483647"/>
<pin id="156" dir="0" index="2" bw="24" slack="2147483647"/>
<pin id="157" dir="0" index="3" bw="0" slack="2147483647"/>
<pin id="158" dir="1" index="4" bw="24" slack="0"/>
</pin_list>
<bind>
<opcode="phi(47) " fcode="phi"/>
<opset="axi_data_2_lcssa/8 "/>
</bind>
</comp>

<comp id="160" class="1005" name="axi_last_2_lcssa_reg_160">
<pin_list>
<pin id="161" dir="0" index="0" bw="1" slack="1"/>
<pin id="162" dir="1" index="1" bw="1" slack="2147483647"/>
</pin_list>
<bind>
<opset="axi_last_2_lcssa (phireg) "/>
</bind>
</comp>

<comp id="163" class="1004" name="axi_last_2_lcssa_phi_fu_163">
<pin_list>
<pin id="164" dir="0" index="0" bw="1" slack="2147483647"/>
<pin id="165" dir="0" index="1" bw="0" slack="2147483647"/>
<pin id="166" dir="0" index="2" bw="1" slack="3"/>
<pin id="167" dir="0" index="3" bw="0" slack="2147483647"/>
<pin id="168" dir="1" index="4" bw="1" slack="0"/>
</pin_list>
<bind>
<opcode="phi(47) " fcode="phi"/>
<opset="axi_last_2_lcssa/8 "/>
</bind>
</comp>

<comp id="171" class="1005" name="eol_0_lcssa_reg_171">
<pin_list>
<pin id="172" dir="0" index="0" bw="1" slack="1"/>
<pin id="173" dir="1" index="1" bw="1" slack="3"/>
</pin_list>
<bind>
<opset="eol_0_lcssa (phireg) "/>
</bind>
</comp>

<comp id="175" class="1004" name="eol_0_lcssa_phi_fu_175">
<pin_list>
<pin id="176" dir="0" index="0" bw="1" slack="2147483647"/>
<pin id="177" dir="0" index="1" bw="0" slack="2147483647"/>
<pin id="178" dir="0" index="2" bw="1" slack="3"/>
<pin id="179" dir="0" index="3" bw="0" slack="2147483647"/>
<pin id="180" dir="1" index="4" bw="1" slack="0"/>
</pin_list>
<bind>
<opcode="phi(47) " fcode="phi"/>
<opset="eol_0_lcssa/8 "/>
</bind>
</comp>

<comp id="183" class="1004" name="grp_AXIvideo2MultiPixStream_Pipeline_loop_wait_for_start_fu_183">
<pin_list>
<pin id="184" dir="0" index="0" bw="0" slack="0"/>
<pin id="185" dir="0" index="1" bw="24" slack="0"/>
<pin id="186" dir="0" index="2" bw="3" slack="0"/>
<pin id="187" dir="0" index="3" bw="3" slack="0"/>
<pin id="188" dir="0" index="4" bw="1" slack="0"/>
<pin id="189" dir="0" index="5" bw="1" slack="0"/>
<pin id="190" dir="0" index="6" bw="1" slack="0"/>
<pin id="191" dir="0" index="7" bw="1" slack="0"/>
<pin id="192" dir="0" index="8" bw="24" slack="1"/>
<pin id="193" dir="0" index="9" bw="1" slack="1"/>
<pin id="194" dir="1" index="10" bw="0" slack="2147483647"/>
</pin_list>
<bind>
<opcode="call(48) " fcode="call"/>
<opset="call_ln0/2 "/>
</bind>
</comp>

<comp id="203" class="1004" name="grp_AXIvideo2MultiPixStream_Pipeline_loop_width_fu_203">
<pin_list>
<pin id="204" dir="0" index="0" bw="0" slack="0"/>
<pin id="205" dir="0" index="1" bw="1" slack="0"/>
<pin id="206" dir="0" index="2" bw="1" slack="0"/>
<pin id="207" dir="0" index="3" bw="24" slack="0"/>
<pin id="208" dir="0" index="4" bw="12" slack="1"/>
<pin id="209" dir="0" index="5" bw="1" slack="4"/>
<pin id="210" dir="0" index="6" bw="24" slack="0"/>
<pin id="211" dir="0" index="7" bw="24" slack="0"/>
<pin id="212" dir="0" index="8" bw="3" slack="0"/>
<pin id="213" dir="0" index="9" bw="3" slack="0"/>
<pin id="214" dir="0" index="10" bw="1" slack="0"/>
<pin id="215" dir="0" index="11" bw="1" slack="0"/>
<pin id="216" dir="0" index="12" bw="1" slack="0"/>
<pin id="217" dir="0" index="13" bw="1" slack="0"/>
<pin id="218" dir="0" index="14" bw="1" slack="4"/>
<pin id="219" dir="0" index="15" bw="24" slack="4"/>
<pin id="220" dir="1" index="16" bw="0" slack="2147483647"/>
</pin_list>
<bind>
<opcode="call(48) " fcode="call"/>
<opset="call_ln186/5 "/>
</bind>
</comp>

<comp id="231" class="1004" name="grp_AXIvideo2MultiPixStream_Pipeline_loop_wait_for_eol_fu_231">
<pin_list>
<pin id="232" dir="0" index="0" bw="0" slack="0"/>
<pin id="233" dir="0" index="1" bw="24" slack="0"/>
<pin id="234" dir="0" index="2" bw="1" slack="0"/>
<pin id="235" dir="0" index="3" bw="1" slack="0"/>
<pin id="236" dir="0" index="4" bw="24" slack="0"/>
<pin id="237" dir="0" index="5" bw="3" slack="0"/>
<pin id="238" dir="0" index="6" bw="3" slack="0"/>
<pin id="239" dir="0" index="7" bw="1" slack="0"/>
<pin id="240" dir="0" index="8" bw="1" slack="0"/>
<pin id="241" dir="0" index="9" bw="1" slack="0"/>
<pin id="242" dir="0" index="10" bw="1" slack="0"/>
<pin id="243" dir="0" index="11" bw="24" slack="7"/>
<pin id="244" dir="0" index="12" bw="1" slack="7"/>
<pin id="245" dir="1" index="13" bw="0" slack="2147483647"/>
</pin_list>
<bind>
<opcode="call(48) " fcode="call"/>
<opset="call_ln0/8 "/>
</bind>
</comp>

<comp id="257" class="1004" name="cond_fu_257">
<pin_list>
<pin id="258" dir="0" index="0" bw="3" slack="0"/>
<pin id="259" dir="0" index="1" bw="1" slack="0"/>
<pin id="260" dir="1" index="2" bw="1" slack="4"/>
</pin_list>
<bind>
<opcode="icmp(45) " fcode="icmp"/>
<opset="cond/1 "/>
</bind>
</comp>

<comp id="263" class="1004" name="store_ln205_store_fu_263">
<pin_list>
<pin id="264" dir="0" index="0" bw="1" slack="0"/>
<pin id="265" dir="0" index="1" bw="1" slack="0"/>
<pin id="266" dir="1" index="2" bw="0" slack="2147483647"/>
</pin_list>
<bind>
<opcode="store(28) " fcode="store"/>
<opset="store_ln205/1 "/>
</bind>
</comp>

<comp id="268" class="1004" name="store_ln205_store_fu_268">
<pin_list>
<pin id="269" dir="0" index="0" bw="1" slack="0"/>
<pin id="270" dir="0" index="1" bw="12" slack="0"/>
<pin id="271" dir="1" index="2" bw="0" slack="2147483647"/>
</pin_list>
<bind>
<opcode="store(28) " fcode="store"/>
<opset="store_ln205/1 "/>
</bind>
</comp>

<comp id="273" class="1004" name="grp_reg_unsigned_short_s_fu_273">
<pin_list>
<pin id="274" dir="0" index="0" bw="12" slack="0"/>
<pin id="275" dir="0" index="1" bw="12" slack="2"/>
<pin id="276" dir="1" index="2" bw="12" slack="1"/>
</pin_list>
<bind>
<opcode="call(48) " fcode="call"/>
<opset="rows/3 "/>
</bind>
</comp>

<comp id="278" class="1004" name="grp_reg_unsigned_short_s_fu_278">
<pin_list>
<pin id="279" dir="0" index="0" bw="12" slack="0"/>
<pin id="280" dir="0" index="1" bw="12" slack="2"/>
<pin id="281" dir="1" index="2" bw="12" slack="0"/>
</pin_list>
<bind>
<opcode="call(48) " fcode="call"/>
<opset="cols/3 "/>
</bind>
</comp>

<comp id="283" class="1004" name="axi_last_V_loc_load_load_fu_283">
<pin_list>
<pin id="284" dir="0" index="0" bw="1" slack="3"/>
<pin id="285" dir="1" index="1" bw="1" slack="2147483647"/>
</pin_list>
<bind>
<opcode="load(27) " fcode="load"/>
<opset="axi_last_V_loc_load/4 "/>
</bind>
</comp>

<comp id="286" class="1004" name="cmp8460_fu_286">
<pin_list>
<pin id="287" dir="0" index="0" bw="12" slack="0"/>
<pin id="288" dir="0" index="1" bw="1" slack="0"/>
<pin id="289" dir="1" index="2" bw="1" slack="1"/>
</pin_list>
<bind>
<opcode="icmp(45) " fcode="icmp"/>
<opset="cmp8460/4 "/>
</bind>
</comp>

<comp id="292" class="1004" name="i_1_load_fu_292">
<pin_list>
<pin id="293" dir="0" index="0" bw="12" slack="4"/>
<pin id="294" dir="1" index="1" bw="12" slack="0"/>
</pin_list>
<bind>
<opcode="load(27) " fcode="load"/>
<opset="i_1/5 "/>
</bind>
</comp>

<comp id="295" class="1004" name="axi_data_V_load_fu_295">
<pin_list>
<pin id="296" dir="0" index="0" bw="24" slack="4"/>
<pin id="297" dir="1" index="1" bw="24" slack="0"/>
</pin_list>
<bind>
<opcode="load(27) " fcode="load"/>
<opset="axi_data_V/5 "/>
</bind>
</comp>

<comp id="299" class="1004" name="icmp_ln205_fu_299">
<pin_list>
<pin id="300" dir="0" index="0" bw="12" slack="0"/>
<pin id="301" dir="0" index="1" bw="12" slack="1"/>
<pin id="302" dir="1" index="2" bw="1" slack="2147483647"/>
</pin_list>
<bind>
<opcode="icmp(45) " fcode="icmp"/>
<opset="icmp_ln205/5 "/>
</bind>
</comp>

<comp id="304" class="1004" name="i_2_fu_304">
<pin_list>
<pin id="305" dir="0" index="0" bw="12" slack="0"/>
<pin id="306" dir="0" index="1" bw="1" slack="0"/>
<pin id="307" dir="1" index="2" bw="12" slack="2"/>
</pin_list>
<bind>
<opcode="add(8) " fcode="add"/>
<opset="i_2/5 "/>
</bind>
</comp>

<comp id="310" class="1004" name="sof_load_load_fu_310">
<pin_list>
<pin id="311" dir="0" index="0" bw="1" slack="4"/>
<pin id="312" dir="1" index="1" bw="1" slack="0"/>
</pin_list>
<bind>
<opcode="load(27) " fcode="load"/>
<opset="sof_load/5 "/>
</bind>
</comp>

<comp id="314" class="1004" name="eol_loc_load_load_fu_314">
<pin_list>
<pin id="315" dir="0" index="0" bw="1" slack="6"/>
<pin id="316" dir="1" index="1" bw="1" slack="2147483647"/>
</pin_list>
<bind>
<opcode="load(27) " fcode="load"/>
<opset="eol_loc_load/7 "/>
</bind>
</comp>

<comp id="317" class="1004" name="axi_data_V_3_loc_load_load_fu_317">
<pin_list>
<pin id="318" dir="0" index="0" bw="24" slack="6"/>
<pin id="319" dir="1" index="1" bw="24" slack="2147483647"/>
</pin_list>
<bind>
<opcode="load(27) " fcode="load"/>
<opset="axi_data_V_3_loc_load/7 "/>
</bind>
</comp>

<comp id="320" class="1004" name="store_ln0_store_fu_320">
<pin_list>
<pin id="321" dir="0" index="0" bw="1" slack="0"/>
<pin id="322" dir="0" index="1" bw="1" slack="6"/>
<pin id="323" dir="1" index="2" bw="0" slack="2147483647"/>
</pin_list>
<bind>
<opcode="store(28) " fcode="store"/>
<opset="store_ln0/7 "/>
</bind>
</comp>

<comp id="325" class="1004" name="store_ln205_store_fu_325">
<pin_list>
<pin id="326" dir="0" index="0" bw="12" slack="2"/>
<pin id="327" dir="0" index="1" bw="12" slack="6"/>
<pin id="328" dir="1" index="2" bw="0" slack="2147483647"/>
</pin_list>
<bind>
<opcode="store(28) " fcode="store"/>
<opset="store_ln205/7 "/>
</bind>
</comp>

<comp id="329" class="1004" name="axi_last_V_4_loc_load_load_fu_329">
<pin_list>
<pin id="330" dir="0" index="0" bw="1" slack="9"/>
<pin id="331" dir="1" index="1" bw="1" slack="2147483647"/>
</pin_list>
<bind>
<opcode="load(27) " fcode="load"/>
<opset="axi_last_V_4_loc_load/10 "/>
</bind>
</comp>

<comp id="332" class="1005" name="i_reg_332">
<pin_list>
<pin id="333" dir="0" index="0" bw="12" slack="0"/>
<pin id="334" dir="1" index="1" bw="12" slack="0"/>
</pin_list>
<bind>
<opset="i "/>
</bind>
</comp>

<comp id="339" class="1005" name="axi_data_V_2_reg_339">
<pin_list>
<pin id="340" dir="0" index="0" bw="24" slack="1"/>
<pin id="341" dir="1" index="1" bw="24" slack="1"/>
</pin_list>
<bind>
<opset="axi_data_V_2 "/>
</bind>
</comp>

<comp id="346" class="1005" name="sof_reg_346">
<pin_list>
<pin id="347" dir="0" index="0" bw="1" slack="0"/>
<pin id="348" dir="1" index="1" bw="1" slack="0"/>
</pin_list>
<bind>
<opset="sof "/>
</bind>
</comp>

<comp id="353" class="1005" name="p_read14_reg_353">
<pin_list>
<pin id="354" dir="0" index="0" bw="12" slack="2"/>
<pin id="355" dir="1" index="1" bw="12" slack="2"/>
</pin_list>
<bind>
<opset="p_read14 "/>
</bind>
</comp>

<comp id="358" class="1005" name="p_read_8_reg_358">
<pin_list>
<pin id="359" dir="0" index="0" bw="12" slack="2"/>
<pin id="360" dir="1" index="1" bw="12" slack="2"/>
</pin_list>
<bind>
<opset="p_read_8 "/>
</bind>
</comp>

<comp id="363" class="1005" name="axi_last_V_4_loc_reg_363">
<pin_list>
<pin id="364" dir="0" index="0" bw="1" slack="7"/>
<pin id="365" dir="1" index="1" bw="1" slack="7"/>
</pin_list>
<bind>
<opset="axi_last_V_4_loc "/>
</bind>
</comp>

<comp id="369" class="1005" name="axi_data_V_3_loc_reg_369">
<pin_list>
<pin id="370" dir="0" index="0" bw="24" slack="4"/>
<pin id="371" dir="1" index="1" bw="24" slack="4"/>
</pin_list>
<bind>
<opset="axi_data_V_3_loc "/>
</bind>
</comp>

<comp id="375" class="1005" name="eol_loc_reg_375">
<pin_list>
<pin id="376" dir="0" index="0" bw="1" slack="4"/>
<pin id="377" dir="1" index="1" bw="1" slack="4"/>
</pin_list>
<bind>
<opset="eol_loc "/>
</bind>
</comp>

<comp id="381" class="1005" name="axi_last_V_loc_reg_381">
<pin_list>
<pin id="382" dir="0" index="0" bw="1" slack="1"/>
<pin id="383" dir="1" index="1" bw="1" slack="1"/>
</pin_list>
<bind>
<opset="axi_last_V_loc "/>
</bind>
</comp>

<comp id="387" class="1005" name="cond_reg_387">
<pin_list>
<pin id="388" dir="0" index="0" bw="1" slack="4"/>
<pin id="389" dir="1" index="1" bw="1" slack="4"/>
</pin_list>
<bind>
<opset="cond "/>
</bind>
</comp>

<comp id="392" class="1005" name="rows_reg_392">
<pin_list>
<pin id="393" dir="0" index="0" bw="12" slack="1"/>
<pin id="394" dir="1" index="1" bw="12" slack="1"/>
</pin_list>
<bind>
<opset="rows "/>
</bind>
</comp>

<comp id="397" class="1005" name="cols_reg_397">
<pin_list>
<pin id="398" dir="0" index="0" bw="12" slack="1"/>
<pin id="399" dir="1" index="1" bw="12" slack="1"/>
</pin_list>
<bind>
<opset="cols "/>
</bind>
</comp>

<comp id="405" class="1005" name="cmp8460_reg_405">
<pin_list>
<pin id="406" dir="0" index="0" bw="1" slack="1"/>
<pin id="407" dir="1" index="1" bw="1" slack="2147483647"/>
</pin_list>
<bind>
<opset="cmp8460 "/>
</bind>
</comp>

<comp id="415" class="1005" name="i_2_reg_415">
<pin_list>
<pin id="416" dir="0" index="0" bw="12" slack="2"/>
<pin id="417" dir="1" index="1" bw="12" slack="2"/>
</pin_list>
<bind>
<opset="i_2 "/>
</bind>
</comp>

</comp_list>

<net_list>
<net id="89"><net_src comp="24" pin="0"/><net_sink comp="86" pin=0"/></net>

<net id="93"><net_src comp="24" pin="0"/><net_sink comp="90" pin=0"/></net>

<net id="97"><net_src comp="24" pin="0"/><net_sink comp="94" pin=0"/></net>

<net id="101"><net_src comp="24" pin="0"/><net_sink comp="98" pin=0"/></net>

<net id="105"><net_src comp="24" pin="0"/><net_sink comp="102" pin=0"/></net>

<net id="109"><net_src comp="24" pin="0"/><net_sink comp="106" pin=0"/></net>

<net id="113"><net_src comp="24" pin="0"/><net_sink comp="110" pin=0"/></net>

<net id="118"><net_src comp="26" pin="0"/><net_sink comp="114" pin=0"/></net>

<net id="119"><net_src comp="20" pin="0"/><net_sink comp="114" pin=1"/></net>

<net id="124"><net_src comp="28" pin="0"/><net_sink comp="120" pin=0"/></net>

<net id="125"><net_src comp="18" pin="0"/><net_sink comp="120" pin=1"/></net>

<net id="130"><net_src comp="28" pin="0"/><net_sink comp="126" pin=0"/></net>

<net id="131"><net_src comp="16" pin="0"/><net_sink comp="126" pin=1"/></net>

<net id="137"><net_src comp="30" pin="0"/><net_sink comp="132" pin=0"/></net>

<net id="138"><net_src comp="22" pin="0"/><net_sink comp="132" pin=1"/></net>

<net id="139"><net_src comp="126" pin="2"/><net_sink comp="132" pin=2"/></net>

<net id="149"><net_src comp="143" pin="4"/><net_sink comp="140" pin=0"/></net>

<net id="159"><net_src comp="153" pin="4"/><net_sink comp="150" pin=0"/></net>

<net id="169"><net_src comp="140" pin="1"/><net_sink comp="163" pin=2"/></net>

<net id="170"><net_src comp="163" pin="4"/><net_sink comp="160" pin=0"/></net>

<net id="174"><net_src comp="82" pin="0"/><net_sink comp="171" pin=0"/></net>

<net id="181"><net_src comp="171" pin="1"/><net_sink comp="175" pin=2"/></net>

<net id="182"><net_src comp="175" pin="4"/><net_sink comp="171" pin=0"/></net>

<net id="195"><net_src comp="40" pin="0"/><net_sink comp="183" pin=0"/></net>

<net id="196"><net_src comp="0" pin="0"/><net_sink comp="183" pin=1"/></net>

<net id="197"><net_src comp="2" pin="0"/><net_sink comp="183" pin=2"/></net>

<net id="198"><net_src comp="4" pin="0"/><net_sink comp="183" pin=3"/></net>

<net id="199"><net_src comp="6" pin="0"/><net_sink comp="183" pin=4"/></net>

<net id="200"><net_src comp="8" pin="0"/><net_sink comp="183" pin=5"/></net>

<net id="201"><net_src comp="10" pin="0"/><net_sink comp="183" pin=6"/></net>

<net id="202"><net_src comp="12" pin="0"/><net_sink comp="183" pin=7"/></net>

<net id="221"><net_src comp="80" pin="0"/><net_sink comp="203" pin=0"/></net>

<net id="222"><net_src comp="143" pin="4"/><net_sink comp="203" pin=2"/></net>

<net id="223"><net_src comp="14" pin="0"/><net_sink comp="203" pin=6"/></net>

<net id="224"><net_src comp="0" pin="0"/><net_sink comp="203" pin=7"/></net>

<net id="225"><net_src comp="2" pin="0"/><net_sink comp="203" pin=8"/></net>

<net id="226"><net_src comp="4" pin="0"/><net_sink comp="203" pin=9"/></net>

<net id="227"><net_src comp="6" pin="0"/><net_sink comp="203" pin=10"/></net>

<net id="228"><net_src comp="8" pin="0"/><net_sink comp="203" pin=11"/></net>

<net id="229"><net_src comp="10" pin="0"/><net_sink comp="203" pin=12"/></net>

<net id="230"><net_src comp="12" pin="0"/><net_sink comp="203" pin=13"/></net>

<net id="246"><net_src comp="84" pin="0"/><net_sink comp="231" pin=0"/></net>

<net id="247"><net_src comp="153" pin="4"/><net_sink comp="231" pin=1"/></net>

<net id="248"><net_src comp="163" pin="4"/><net_sink comp="231" pin=2"/></net>

<net id="249"><net_src comp="175" pin="4"/><net_sink comp="231" pin=3"/></net>

<net id="250"><net_src comp="0" pin="0"/><net_sink comp="231" pin=4"/></net>

<net id="251"><net_src comp="2" pin="0"/><net_sink comp="231" pin=5"/></net>

<net id="252"><net_src comp="4" pin="0"/><net_sink comp="231" pin=6"/></net>

<net id="253"><net_src comp="6" pin="0"/><net_sink comp="231" pin=7"/></net>

<net id="254"><net_src comp="8" pin="0"/><net_sink comp="231" pin=8"/></net>

<net id="255"><net_src comp="10" pin="0"/><net_sink comp="231" pin=9"/></net>

<net id="256"><net_src comp="12" pin="0"/><net_sink comp="231" pin=10"/></net>

<net id="261"><net_src comp="114" pin="2"/><net_sink comp="257" pin=0"/></net>

<net id="262"><net_src comp="32" pin="0"/><net_sink comp="257" pin=1"/></net>

<net id="267"><net_src comp="34" pin="0"/><net_sink comp="263" pin=0"/></net>

<net id="272"><net_src comp="36" pin="0"/><net_sink comp="268" pin=0"/></net>

<net id="277"><net_src comp="42" pin="0"/><net_sink comp="273" pin=0"/></net>

<net id="282"><net_src comp="42" pin="0"/><net_sink comp="278" pin=0"/></net>

<net id="290"><net_src comp="278" pin="2"/><net_sink comp="286" pin=0"/></net>

<net id="291"><net_src comp="36" pin="0"/><net_sink comp="286" pin=1"/></net>

<net id="298"><net_src comp="295" pin="1"/><net_sink comp="203" pin=3"/></net>

<net id="303"><net_src comp="292" pin="1"/><net_sink comp="299" pin=0"/></net>

<net id="308"><net_src comp="292" pin="1"/><net_sink comp="304" pin=0"/></net>

<net id="309"><net_src comp="74" pin="0"/><net_sink comp="304" pin=1"/></net>

<net id="313"><net_src comp="310" pin="1"/><net_sink comp="203" pin=1"/></net>

<net id="324"><net_src comp="82" pin="0"/><net_sink comp="320" pin=0"/></net>

<net id="335"><net_src comp="86" pin="1"/><net_sink comp="332" pin=0"/></net>

<net id="336"><net_src comp="332" pin="1"/><net_sink comp="268" pin=1"/></net>

<net id="337"><net_src comp="332" pin="1"/><net_sink comp="292" pin=0"/></net>

<net id="338"><net_src comp="332" pin="1"/><net_sink comp="325" pin=1"/></net>

<net id="342"><net_src comp="90" pin="1"/><net_sink comp="339" pin=0"/></net>

<net id="343"><net_src comp="339" pin="1"/><net_sink comp="183" pin=8"/></net>

<net id="344"><net_src comp="339" pin="1"/><net_sink comp="295" pin=0"/></net>

<net id="345"><net_src comp="339" pin="1"/><net_sink comp="231" pin=11"/></net>

<net id="349"><net_src comp="94" pin="1"/><net_sink comp="346" pin=0"/></net>

<net id="350"><net_src comp="346" pin="1"/><net_sink comp="263" pin=1"/></net>

<net id="351"><net_src comp="346" pin="1"/><net_sink comp="310" pin=0"/></net>

<net id="352"><net_src comp="346" pin="1"/><net_sink comp="320" pin=1"/></net>

<net id="356"><net_src comp="120" pin="2"/><net_sink comp="353" pin=0"/></net>

<net id="357"><net_src comp="353" pin="1"/><net_sink comp="278" pin=1"/></net>

<net id="361"><net_src comp="126" pin="2"/><net_sink comp="358" pin=0"/></net>

<net id="362"><net_src comp="358" pin="1"/><net_sink comp="273" pin=1"/></net>

<net id="366"><net_src comp="98" pin="1"/><net_sink comp="363" pin=0"/></net>

<net id="367"><net_src comp="363" pin="1"/><net_sink comp="231" pin=12"/></net>

<net id="368"><net_src comp="363" pin="1"/><net_sink comp="329" pin=0"/></net>

<net id="372"><net_src comp="102" pin="1"/><net_sink comp="369" pin=0"/></net>

<net id="373"><net_src comp="369" pin="1"/><net_sink comp="203" pin=15"/></net>

<net id="374"><net_src comp="369" pin="1"/><net_sink comp="317" pin=0"/></net>

<net id="378"><net_src comp="106" pin="1"/><net_sink comp="375" pin=0"/></net>

<net id="379"><net_src comp="375" pin="1"/><net_sink comp="203" pin=14"/></net>

<net id="380"><net_src comp="375" pin="1"/><net_sink comp="314" pin=0"/></net>

<net id="384"><net_src comp="110" pin="1"/><net_sink comp="381" pin=0"/></net>

<net id="385"><net_src comp="381" pin="1"/><net_sink comp="183" pin=9"/></net>

<net id="386"><net_src comp="381" pin="1"/><net_sink comp="283" pin=0"/></net>

<net id="390"><net_src comp="257" pin="2"/><net_sink comp="387" pin=0"/></net>

<net id="391"><net_src comp="387" pin="1"/><net_sink comp="203" pin=5"/></net>

<net id="395"><net_src comp="273" pin="2"/><net_sink comp="392" pin=0"/></net>

<net id="396"><net_src comp="392" pin="1"/><net_sink comp="299" pin=1"/></net>

<net id="400"><net_src comp="278" pin="2"/><net_sink comp="397" pin=0"/></net>

<net id="401"><net_src comp="397" pin="1"/><net_sink comp="203" pin=4"/></net>

<net id="408"><net_src comp="286" pin="2"/><net_sink comp="405" pin=0"/></net>

<net id="418"><net_src comp="304" pin="2"/><net_sink comp="415" pin=0"/></net>

<net id="419"><net_src comp="415" pin="1"/><net_sink comp="325" pin=0"/></net>

</net_list>

</model> 
---------------- Datapath Model END ------------------

* FSMD analyzer results:
  - Output states:
	Port: img | {5 6 }
	Port: height_c10 | {1 }
 - Input state : 
	Port: AXIvideo2MultiPixStream : s_axis_video_V_data_V | {2 3 5 6 8 9 }
	Port: AXIvideo2MultiPixStream : s_axis_video_V_keep_V | {2 3 5 6 8 9 }
	Port: AXIvideo2MultiPixStream : s_axis_video_V_strb_V | {2 3 5 6 8 9 }
	Port: AXIvideo2MultiPixStream : s_axis_video_V_user_V | {2 3 5 6 8 9 }
	Port: AXIvideo2MultiPixStream : s_axis_video_V_last_V | {2 3 5 6 8 9 }
	Port: AXIvideo2MultiPixStream : s_axis_video_V_id_V | {2 3 5 6 8 9 }
	Port: AXIvideo2MultiPixStream : s_axis_video_V_dest_V | {2 3 5 6 8 9 }
	Port: AXIvideo2MultiPixStream : p_read | {1 }
	Port: AXIvideo2MultiPixStream : p_read1 | {1 }
	Port: AXIvideo2MultiPixStream : p_read2 | {1 }
  - Chain level:
	State 1
		store_ln205 : 1
		store_ln205 : 1
	State 2
	State 3
	State 4
		cmp8460 : 1
	State 5
		icmp_ln205 : 1
		i_2 : 1
		br_ln205 : 2
		call_ln186 : 1
	State 6
	State 7
	State 8
		call_ln0 : 1
	State 9
	State 10


============================================================
+ Verbose Summary: Datapath Resource usage 
============================================================

* Functional unit list:
|----------|-----------------------------------------------------------------|---------|---------|
| Operation|                         Functional Unit                         |    FF   |   LUT   |
|----------|-----------------------------------------------------------------|---------|---------|
|          | grp_AXIvideo2MultiPixStream_Pipeline_loop_wait_for_start_fu_183 |    1    |    0    |
|          |      grp_AXIvideo2MultiPixStream_Pipeline_loop_width_fu_203     |    42   |    50   |
|   call   |  grp_AXIvideo2MultiPixStream_Pipeline_loop_wait_for_eol_fu_231  |    3    |    0    |
|          |                 grp_reg_unsigned_short_s_fu_273                 |    12   |    0    |
|          |                 grp_reg_unsigned_short_s_fu_278                 |    12   |    0    |
|----------|-----------------------------------------------------------------|---------|---------|
|          |                           cond_fu_257                           |    0    |    8    |
|   icmp   |                          cmp8460_fu_286                         |    0    |    12   |
|          |                        icmp_ln205_fu_299                        |    0    |    12   |
|----------|-----------------------------------------------------------------|---------|---------|
|    add   |                            i_2_fu_304                           |    0    |    12   |
|----------|-----------------------------------------------------------------|---------|---------|
|          |                       p_read25_read_fu_114                      |    0    |    0    |
|   read   |                       p_read14_read_fu_120                      |    0    |    0    |
|          |                       p_read_8_read_fu_126                      |    0    |    0    |
|----------|-----------------------------------------------------------------|---------|---------|
|   write  |                      write_ln0_write_fu_132                     |    0    |    0    |
|----------|-----------------------------------------------------------------|---------|---------|
|   Total  |                                                                 |    70   |    94   |
|----------|-----------------------------------------------------------------|---------|---------|

Memories:
N/A

* Register list:
+------------------------+--------+
|                        |   FF   |
+------------------------+--------+
|axi_data_2_lcssa_reg_150|   24   |
|  axi_data_V_2_reg_339  |   24   |
|axi_data_V_3_loc_reg_369|   24   |
|axi_last_2_lcssa_reg_160|    1   |
|  axi_last_V_2_reg_140  |    1   |
|axi_last_V_4_loc_reg_363|    1   |
| axi_last_V_loc_reg_381 |    1   |
|     cmp8460_reg_405    |    1   |
|      cols_reg_397      |   12   |
|      cond_reg_387      |    1   |
|   eol_0_lcssa_reg_171  |    1   |
|     eol_loc_reg_375    |    1   |
|       i_2_reg_415      |   12   |
|        i_reg_332       |   12   |
|    p_read14_reg_353    |   12   |
|    p_read_8_reg_358    |   12   |
|      rows_reg_392      |   12   |
|       sof_reg_346      |    1   |
+------------------------+--------+
|          Total         |   153  |
+------------------------+--------+

* Multiplexer (MUX) list: 
|---------------------|------|------|------|--------||---------||---------|
|         Comp        |  Pin | Size |  BW  | S x BW ||  Delay  ||   LUT   |
|---------------------|------|------|------|--------||---------||---------|
| eol_0_lcssa_reg_171 |  p0  |   2  |   1  |    2   ||    9    |
|---------------------|------|------|------|--------||---------||---------|
|        Total        |      |      |      |    2   ||  1.588  ||    9    |
|---------------------|------|------|------|--------||---------||---------|



* Summary:
+-----------+--------+--------+--------+
|           |  Delay |   FF   |   LUT  |
+-----------+--------+--------+--------+
|  Function |    -   |   70   |   94   |
|   Memory  |    -   |    -   |    -   |
|Multiplexer|    1   |    -   |    9   |
|  Register |    -   |   153  |    -   |
+-----------+--------+--------+--------+
|   Total   |    1   |   223  |   103  |
+-----------+--------+--------+--------+
