

================================================================
== Vitis HLS Report for 'MultiPixStream2Bytes_Pipeline_VITIS_LOOP_586_8'
================================================================
* Date:           Mon Jan 15 06:27:29 2024

* Version:        2022.1.2 (Build 3605665 on Fri Aug  5 22:52:02 MDT 2022)
* Project:        prj
* Solution:       sol (Vivado IP Flow Target)
* Product family: zynq
* Target device:  xc7z020-clg400-1


================================================================
== Performance Estimates
================================================================
+ Timing: 
    * Summary: 
    +--------+----------+----------+------------+
    |  Clock |  Target  | Estimated| Uncertainty|
    +--------+----------+----------+------------+
    |ap_clk  |  10.00 ns|  5.238 ns|     2.70 ns|
    +--------+----------+----------+------------+

+ Latency: 
    * Summary: 
    +---------+---------+-----------+----------+-----+-------+---------+
    |  Latency (cycles) |  Latency (absolute)  |   Interval  | Pipeline|
    |   min   |   max   |    min    |    max   | min |  max  |   Type  |
    +---------+---------+-----------+----------+-----+-------+---------+
    |        4|    65540|  40.000 ns|  0.655 ms|    4|  65540|       no|
    +---------+---------+-----------+----------+-----+-------+---------+

    + Detail: 
        * Instance: 
        N/A

        * Loop: 
        +--------------------+---------+---------+----------+-----------+-----------+----------+----------+
        |                    |  Latency (cycles) | Iteration|  Initiation Interval  |   Trip   |          |
        |      Loop Name     |   min   |   max   |  Latency |  achieved |   target  |   Count  | Pipelined|
        +--------------------+---------+---------+----------+-----------+-----------+----------+----------+
        |- VITIS_LOOP_586_8  |        2|    65538|        10|          8|          8|  0 ~ 8192|       yes|
        +--------------------+---------+---------+----------+-----------+-----------+----------+----------+

============================================================
+ Verbose Summary: Synthesis Manager
============================================================
InlineROM: 1
ExposeGlobal: 0
============================================================
+ Verbose Summary: CDFG Model
============================================================
IsTopModel: 0
ResetActiveHigh: 1
IsCombinational: 0
IsDatapathOnly: 0
HasWiredReturn: 1
HasMFsm: 2
HasVarLatency: 1
IsPipeline: 0
IsRtlPipelined: 0
IsInstanceOverlapped: 0
IsDontTouch: 0
HasImplIP: 0
IsGatedGlobalClock: 0

+ Individual pipeline summary: 
  * Pipeline-0: initiation interval (II) = 8, depth = 10


============================================================
+ Verbose Summary: Schedule
============================================================
* Number of FSM states : 10
* Pipeline : 1
  Pipeline-0 : II = 8, D = 10, States = { 1 2 3 4 5 6 7 8 9 10 }
* Dataflow Pipeline: 0

* FSM state transitions: 
1 --> 2 
2 --> 3 
3 --> 4 
4 --> 5 
5 --> 6 
6 --> 7 
7 --> 8 
8 --> 9 
9 --> 10 
10 --> 

* FSM state operations: 

State 1 <SV = 0> <Delay = 3.68>
ST_1 : Operation 13 [1/1] (0.00ns)   --->   "%x = alloca i32 1"   --->   Operation 13 'alloca' 'x' <Predicate = true> <Delay = 0.00>
ST_1 : Operation 14 [1/1] (0.00ns)   --->   "%in_pix_Y_V_8 = alloca i32 1"   --->   Operation 14 'alloca' 'in_pix_Y_V_8' <Predicate = true> <Delay = 0.00>
ST_1 : Operation 15 [1/1] (0.00ns)   --->   "%in_pix_UV_V_8 = alloca i32 1"   --->   Operation 15 'alloca' 'in_pix_UV_V_8' <Predicate = true> <Delay = 0.00>
ST_1 : Operation 16 [1/1] (0.00ns)   --->   "%cmp212_read = read i1 @_ssdm_op_Read.ap_auto.i1, i1 %cmp212"   --->   Operation 16 'read' 'cmp212_read' <Predicate = true> <Delay = 0.00>
ST_1 : Operation 17 [1/1] (0.00ns)   --->   "%sub209_cast58_read = read i13 @_ssdm_op_Read.ap_auto.i13, i13 %sub209_cast58"   --->   Operation 17 'read' 'sub209_cast58_read' <Predicate = true> <Delay = 0.00>
ST_1 : Operation 18 [1/1] (0.00ns)   --->   "%cmp212_1_read = read i1 @_ssdm_op_Read.ap_auto.i1, i1 %cmp212_1"   --->   Operation 18 'read' 'cmp212_1_read' <Predicate = true> <Delay = 0.00>
ST_1 : Operation 19 [1/1] (0.00ns)   --->   "%cmp212_2_read = read i1 @_ssdm_op_Read.ap_auto.i1, i1 %cmp212_2"   --->   Operation 19 'read' 'cmp212_2_read' <Predicate = true> <Delay = 0.00>
ST_1 : Operation 20 [1/1] (0.00ns)   --->   "%cmp212_3_read = read i1 @_ssdm_op_Read.ap_auto.i1, i1 %cmp212_3"   --->   Operation 20 'read' 'cmp212_3_read' <Predicate = true> <Delay = 0.00>
ST_1 : Operation 21 [1/1] (0.00ns)   --->   "%cmp212_4_read = read i1 @_ssdm_op_Read.ap_auto.i1, i1 %cmp212_4"   --->   Operation 21 'read' 'cmp212_4_read' <Predicate = true> <Delay = 0.00>
ST_1 : Operation 22 [1/1] (0.00ns)   --->   "%cmp212_5_read = read i1 @_ssdm_op_Read.ap_auto.i1, i1 %cmp212_5"   --->   Operation 22 'read' 'cmp212_5_read' <Predicate = true> <Delay = 0.00>
ST_1 : Operation 23 [1/1] (0.00ns)   --->   "%cmp212_6_read = read i1 @_ssdm_op_Read.ap_auto.i1, i1 %cmp212_6"   --->   Operation 23 'read' 'cmp212_6_read' <Predicate = true> <Delay = 0.00>
ST_1 : Operation 24 [1/1] (0.00ns)   --->   "%icmp_ln576_read = read i1 @_ssdm_op_Read.ap_auto.i1, i1 %icmp_ln576"   --->   Operation 24 'read' 'icmp_ln576_read' <Predicate = true> <Delay = 0.00>
ST_1 : Operation 25 [1/1] (0.00ns)   --->   "%brmerge79_read = read i1 @_ssdm_op_Read.ap_auto.i1, i1 %brmerge79"   --->   Operation 25 'read' 'brmerge79_read' <Predicate = true> <Delay = 0.00>
ST_1 : Operation 26 [1/1] (0.00ns)   --->   "%trunc_ln571_1_read = read i13 @_ssdm_op_Read.ap_auto.i13, i13 %trunc_ln571_1"   --->   Operation 26 'read' 'trunc_ln571_1_read' <Predicate = true> <Delay = 0.00>
ST_1 : Operation 27 [1/1] (0.00ns)   --->   "%p_0_0_0_0_0_7136_lcssa157_read = read i8 @_ssdm_op_Read.ap_auto.i8, i8 %p_0_0_0_0_0_7136_lcssa157"   --->   Operation 27 'read' 'p_0_0_0_0_0_7136_lcssa157_read' <Predicate = true> <Delay = 0.00>
ST_1 : Operation 28 [1/1] (0.00ns)   --->   "%p_0_1_0_0_0_7145_lcssa160_read = read i8 @_ssdm_op_Read.ap_auto.i8, i8 %p_0_1_0_0_0_7145_lcssa160"   --->   Operation 28 'read' 'p_0_1_0_0_0_7145_lcssa160_read' <Predicate = true> <Delay = 0.00>
ST_1 : Operation 29 [1/1] (0.00ns)   --->   "%sub209_cast58_cast = sext i13 %sub209_cast58_read"   --->   Operation 29 'sext' 'sub209_cast58_cast' <Predicate = true> <Delay = 0.00>
ST_1 : Operation 30 [1/1] (0.00ns)   --->   "%specmemcore_ln0 = specmemcore void @_ssdm_op_SpecMemCore, i64 %bytePlanes_plane12, i64 666, i64 8, i64 18446744073709551615"   --->   Operation 30 'specmemcore' 'specmemcore_ln0' <Predicate = true> <Delay = 0.00>
ST_1 : Operation 31 [1/1] (0.00ns)   --->   "%specmemcore_ln0 = specmemcore void @_ssdm_op_SpecMemCore, i64 %bytePlanes_plane01, i64 666, i64 8, i64 18446744073709551615"   --->   Operation 31 'specmemcore' 'specmemcore_ln0' <Predicate = true> <Delay = 0.00>
ST_1 : Operation 32 [1/1] (0.00ns)   --->   "%specinterface_ln0 = specinterface void @_ssdm_op_SpecInterface, i24 %img, void @empty_8, i32 0, i32 0, void @empty_1, i32 0, i32 0, void @empty_1, void @empty_1, void @empty_1, i32 0, i32 0, i32 0, i32 0, void @empty_1, void @empty_1, i32 4294967295, i32 0"   --->   Operation 32 'specinterface' 'specinterface_ln0' <Predicate = true> <Delay = 0.00>
ST_1 : Operation 33 [1/1] (0.00ns)   --->   "%specinterface_ln0 = specinterface void @_ssdm_op_SpecInterface, i64 %bytePlanes_plane01, void @empty_8, i32 0, i32 0, void @empty_1, i32 0, i32 0, void @empty_1, void @empty_1, void @empty_1, i32 0, i32 0, i32 0, i32 0, void @empty_1, void @empty_1, i32 4294967295, i32 0"   --->   Operation 33 'specinterface' 'specinterface_ln0' <Predicate = true> <Delay = 0.00>
ST_1 : Operation 34 [1/1] (0.00ns)   --->   "%specinterface_ln0 = specinterface void @_ssdm_op_SpecInterface, i64 %bytePlanes_plane12, void @empty_8, i32 0, i32 0, void @empty_1, i32 0, i32 0, void @empty_1, void @empty_1, void @empty_1, i32 0, i32 0, i32 0, i32 0, void @empty_1, void @empty_1, i32 4294967295, i32 0"   --->   Operation 34 'specinterface' 'specinterface_ln0' <Predicate = true> <Delay = 0.00>
ST_1 : Operation 35 [1/1] (1.58ns)   --->   "%store_ln0 = store i8 %p_0_1_0_0_0_7145_lcssa160_read, i8 %in_pix_UV_V_8"   --->   Operation 35 'store' 'store_ln0' <Predicate = true> <Delay = 1.58>
ST_1 : Operation 36 [1/1] (1.58ns)   --->   "%store_ln0 = store i8 %p_0_0_0_0_0_7136_lcssa157_read, i8 %in_pix_Y_V_8"   --->   Operation 36 'store' 'store_ln0' <Predicate = true> <Delay = 1.58>
ST_1 : Operation 37 [1/1] (1.58ns)   --->   "%store_ln0 = store i13 0, i13 %x"   --->   Operation 37 'store' 'store_ln0' <Predicate = true> <Delay = 1.58>
ST_1 : Operation 38 [1/1] (0.00ns)   --->   "%br_ln0 = br void %for.body208"   --->   Operation 38 'br' 'br_ln0' <Predicate = true> <Delay = 0.00>
ST_1 : Operation 39 [1/1] (0.00ns)   --->   "%x_1 = load i13 %x" [/home/sgdh/Zybo-Z7-HW/proj/Zybo-Z7-HW.runs/system_v_frmbuf_wr_0_0_synth_1/prj/sol/.autopilot/db/v_frmbuf_wr.cpp:586]   --->   Operation 39 'load' 'x_1' <Predicate = true> <Delay = 0.00>
ST_1 : Operation 40 [1/1] (2.09ns)   --->   "%icmp_ln586 = icmp_eq  i13 %x_1, i13 %trunc_ln571_1_read" [/home/sgdh/Zybo-Z7-HW/proj/Zybo-Z7-HW.runs/system_v_frmbuf_wr_0_0_synth_1/prj/sol/.autopilot/db/v_frmbuf_wr.cpp:586]   --->   Operation 40 'icmp' 'icmp_ln586' <Predicate = true> <Delay = 2.09> <CoreInst = "Cmp">   --->   Core 9 'Cmp' <Latency = 0> <II = 1> <Delay = 2.09> <FuncUnit> <Opcode : 'icmp'> <InPorts = 2> <OutPorts = 1>
ST_1 : Operation 41 [1/1] (1.67ns)   --->   "%x_2 = add i13 %x_1, i13 1" [/home/sgdh/Zybo-Z7-HW/proj/Zybo-Z7-HW.runs/system_v_frmbuf_wr_0_0_synth_1/prj/sol/.autopilot/db/v_frmbuf_wr.cpp:586]   --->   Operation 41 'add' 'x_2' <Predicate = true> <Delay = 1.67> <CoreInst = "Adder">   --->   Core 1 'Adder' <Latency = 0> <II = 1> <Delay = 1.67> <FuncUnit> <Opcode : 'add' 'sub'> <InPorts = 2> <OutPorts = 1>
ST_1 : Operation 42 [1/1] (0.00ns)   --->   "%br_ln586 = br i1 %icmp_ln586, void %for.body208.split, void %for.inc283.loopexit.exitStub" [/home/sgdh/Zybo-Z7-HW/proj/Zybo-Z7-HW.runs/system_v_frmbuf_wr_0_0_synth_1/prj/sol/.autopilot/db/v_frmbuf_wr.cpp:586]   --->   Operation 42 'br' 'br_ln586' <Predicate = true> <Delay = 0.00>
ST_1 : Operation 43 [1/1] (0.00ns)   --->   "%zext_ln586 = zext i13 %x_1" [/home/sgdh/Zybo-Z7-HW/proj/Zybo-Z7-HW.runs/system_v_frmbuf_wr_0_0_synth_1/prj/sol/.autopilot/db/v_frmbuf_wr.cpp:586]   --->   Operation 43 'zext' 'zext_ln586' <Predicate = (!icmp_ln586)> <Delay = 0.00>
ST_1 : Operation 44 [1/1] (2.09ns)   --->   "%cmp210 = icmp_slt  i14 %zext_ln586, i14 %sub209_cast58_cast" [/home/sgdh/Zybo-Z7-HW/proj/Zybo-Z7-HW.runs/system_v_frmbuf_wr_0_0_synth_1/prj/sol/.autopilot/db/v_frmbuf_wr.cpp:586]   --->   Operation 44 'icmp' 'cmp210' <Predicate = (!icmp_ln586)> <Delay = 2.09> <CoreInst = "Cmp">   --->   Core 9 'Cmp' <Latency = 0> <II = 1> <Delay = 2.09> <FuncUnit> <Opcode : 'icmp'> <InPorts = 2> <OutPorts = 1>
ST_1 : Operation 45 [1/1] (0.97ns)   --->   "%or_ln590 = or i1 %cmp210, i1 %cmp212_read" [/home/sgdh/Zybo-Z7-HW/proj/Zybo-Z7-HW.runs/system_v_frmbuf_wr_0_0_synth_1/prj/sol/.autopilot/db/v_frmbuf_wr.cpp:590]   --->   Operation 45 'or' 'or_ln590' <Predicate = (!icmp_ln586)> <Delay = 0.97> <CoreInst = "LogicGate">   --->   Core 74 'LogicGate' <Latency = 0> <II = 1> <Delay = 0.97> <FuncUnit> <Opcode : 'and' 'or' 'xor'> <InPorts = 2> <OutPorts = 1>
ST_1 : Operation 46 [1/1] (0.00ns)   --->   "%br_ln605 = br i1 %brmerge79_read, void %for.inc280, void %if.then278" [/home/sgdh/Zybo-Z7-HW/proj/Zybo-Z7-HW.runs/system_v_frmbuf_wr_0_0_synth_1/prj/sol/.autopilot/db/v_frmbuf_wr.cpp:605]   --->   Operation 46 'br' 'br_ln605' <Predicate = (!icmp_ln586)> <Delay = 0.00>
ST_1 : Operation 47 [1/1] (1.58ns)   --->   "%store_ln586 = store i13 %x_2, i13 %x" [/home/sgdh/Zybo-Z7-HW/proj/Zybo-Z7-HW.runs/system_v_frmbuf_wr_0_0_synth_1/prj/sol/.autopilot/db/v_frmbuf_wr.cpp:586]   --->   Operation 47 'store' 'store_ln586' <Predicate = (!icmp_ln586)> <Delay = 1.58>

State 2 <SV = 1> <Delay = 3.63>
ST_2 : Operation 48 [1/1] (3.63ns)   --->   "%img_read = read i24 @_ssdm_op_Read.ap_fifo.volatile.i24P0A, i24 %img" [/tools/Xilinx/Vitis_HLS/2022.1/common/technology/autopilot/hls_stream_39.h:145]   --->   Operation 48 'read' 'img_read' <Predicate = (!icmp_ln586 & or_ln590)> <Delay = 3.63> <CoreInst = "FIFO_SRL">   --->   Core 81 'FIFO_SRL' <Latency = 0> <II = 1> <Delay = 3.63> <Storage> <Opcode : 'read' 'write' 'nbread' 'nbwrite'> <Ports = 0> <Width = 24> <Depth = 2> <FIFO>
ST_2 : Operation 49 [1/1] (0.00ns)   --->   "%trunc_ln145 = trunc i24 %img_read" [/tools/Xilinx/Vitis_HLS/2022.1/common/technology/autopilot/hls_stream_39.h:145]   --->   Operation 49 'trunc' 'trunc_ln145' <Predicate = (!icmp_ln586 & or_ln590)> <Delay = 0.00>
ST_2 : Operation 50 [1/1] (0.00ns)   --->   "%trunc_ln145_5 = partselect i8 @_ssdm_op_PartSelect.i8.i24.i32.i32, i24 %img_read, i32 8, i32 15" [/tools/Xilinx/Vitis_HLS/2022.1/common/technology/autopilot/hls_stream_39.h:145]   --->   Operation 50 'partselect' 'trunc_ln145_5' <Predicate = (!icmp_ln586 & or_ln590)> <Delay = 0.00>
ST_2 : Operation 51 [1/1] (1.58ns)   --->   "%br_ln591 = br void %for.inc244" [/home/sgdh/Zybo-Z7-HW/proj/Zybo-Z7-HW.runs/system_v_frmbuf_wr_0_0_synth_1/prj/sol/.autopilot/db/v_frmbuf_wr.cpp:591]   --->   Operation 51 'br' 'br_ln591' <Predicate = (!icmp_ln586 & or_ln590)> <Delay = 1.58>
ST_2 : Operation 52 [1/1] (0.97ns)   --->   "%or_ln590_1 = or i1 %cmp210, i1 %cmp212_1_read" [/home/sgdh/Zybo-Z7-HW/proj/Zybo-Z7-HW.runs/system_v_frmbuf_wr_0_0_synth_1/prj/sol/.autopilot/db/v_frmbuf_wr.cpp:590]   --->   Operation 52 'or' 'or_ln590_1' <Predicate = (!icmp_ln586)> <Delay = 0.97> <CoreInst = "LogicGate">   --->   Core 74 'LogicGate' <Latency = 0> <II = 1> <Delay = 0.97> <FuncUnit> <Opcode : 'and' 'or' 'xor'> <InPorts = 2> <OutPorts = 1>

State 3 <SV = 2> <Delay = 3.63>
ST_3 : Operation 53 [1/1] (0.00ns)   --->   "%in_pix_Y_V_8_load = load i8 %in_pix_Y_V_8"   --->   Operation 53 'load' 'in_pix_Y_V_8_load' <Predicate = true> <Delay = 0.00>
ST_3 : Operation 54 [1/1] (0.00ns)   --->   "%in_pix_UV_V_8_load = load i8 %in_pix_UV_V_8"   --->   Operation 54 'load' 'in_pix_UV_V_8_load' <Predicate = true> <Delay = 0.00>
ST_3 : Operation 55 [1/1] (0.00ns)   --->   "%speclooptripcount_ln0 = speclooptripcount void @_ssdm_op_SpecLoopTripCount, i64 0, i64 8192, i64 0"   --->   Operation 55 'speclooptripcount' 'speclooptripcount_ln0' <Predicate = true> <Delay = 0.00>
ST_3 : Operation 56 [1/1] (0.00ns)   --->   "%specpipeline_ln587 = specpipeline void @_ssdm_op_SpecPipeline, i32 8, i32 0, i32 0, i32 0, void @empty_1" [/home/sgdh/Zybo-Z7-HW/proj/Zybo-Z7-HW.runs/system_v_frmbuf_wr_0_0_synth_1/prj/sol/.autopilot/db/v_frmbuf_wr.cpp:587]   --->   Operation 56 'specpipeline' 'specpipeline_ln587' <Predicate = (!icmp_ln586)> <Delay = 0.00>
ST_3 : Operation 57 [1/1] (0.00ns)   --->   "%specloopname_ln586 = specloopname void @_ssdm_op_SpecLoopName, void @empty_18" [/home/sgdh/Zybo-Z7-HW/proj/Zybo-Z7-HW.runs/system_v_frmbuf_wr_0_0_synth_1/prj/sol/.autopilot/db/v_frmbuf_wr.cpp:586]   --->   Operation 57 'specloopname' 'specloopname_ln586' <Predicate = (!icmp_ln586)> <Delay = 0.00>
ST_3 : Operation 58 [1/1] (1.58ns)   --->   "%br_ln590 = br i1 %or_ln590, void %for.inc244, void %if.then213" [/home/sgdh/Zybo-Z7-HW/proj/Zybo-Z7-HW.runs/system_v_frmbuf_wr_0_0_synth_1/prj/sol/.autopilot/db/v_frmbuf_wr.cpp:590]   --->   Operation 58 'br' 'br_ln590' <Predicate = (!icmp_ln586)> <Delay = 1.58>
ST_3 : Operation 59 [1/1] (3.63ns)   --->   "%img_read_1 = read i24 @_ssdm_op_Read.ap_fifo.volatile.i24P0A, i24 %img" [/tools/Xilinx/Vitis_HLS/2022.1/common/technology/autopilot/hls_stream_39.h:145]   --->   Operation 59 'read' 'img_read_1' <Predicate = (!icmp_ln586 & or_ln590_1)> <Delay = 3.63> <CoreInst = "FIFO_SRL">   --->   Core 81 'FIFO_SRL' <Latency = 0> <II = 1> <Delay = 3.63> <Storage> <Opcode : 'read' 'write' 'nbread' 'nbwrite'> <Ports = 0> <Width = 24> <Depth = 2> <FIFO>
ST_3 : Operation 60 [1/1] (0.00ns)   --->   "%trunc_ln145_1 = trunc i24 %img_read_1" [/tools/Xilinx/Vitis_HLS/2022.1/common/technology/autopilot/hls_stream_39.h:145]   --->   Operation 60 'trunc' 'trunc_ln145_1' <Predicate = (!icmp_ln586 & or_ln590_1)> <Delay = 0.00>
ST_3 : Operation 61 [1/1] (0.00ns)   --->   "%trunc_ln145_s = partselect i8 @_ssdm_op_PartSelect.i8.i24.i32.i32, i24 %img_read_1, i32 8, i32 15" [/tools/Xilinx/Vitis_HLS/2022.1/common/technology/autopilot/hls_stream_39.h:145]   --->   Operation 61 'partselect' 'trunc_ln145_s' <Predicate = (!icmp_ln586 & or_ln590_1)> <Delay = 0.00>
ST_3 : Operation 62 [1/1] (1.58ns)   --->   "%br_ln591 = br void %for.inc244.1" [/home/sgdh/Zybo-Z7-HW/proj/Zybo-Z7-HW.runs/system_v_frmbuf_wr_0_0_synth_1/prj/sol/.autopilot/db/v_frmbuf_wr.cpp:591]   --->   Operation 62 'br' 'br_ln591' <Predicate = (!icmp_ln586 & or_ln590_1)> <Delay = 1.58>
ST_3 : Operation 63 [1/1] (0.97ns)   --->   "%or_ln590_2 = or i1 %cmp210, i1 %cmp212_2_read" [/home/sgdh/Zybo-Z7-HW/proj/Zybo-Z7-HW.runs/system_v_frmbuf_wr_0_0_synth_1/prj/sol/.autopilot/db/v_frmbuf_wr.cpp:590]   --->   Operation 63 'or' 'or_ln590_2' <Predicate = (!icmp_ln586)> <Delay = 0.97> <CoreInst = "LogicGate">   --->   Core 74 'LogicGate' <Latency = 0> <II = 1> <Delay = 0.97> <FuncUnit> <Opcode : 'and' 'or' 'xor'> <InPorts = 2> <OutPorts = 1>
ST_3 : Operation 124 [1/1] (0.00ns)   --->   "%store_ln0 = store i8 %in_pix_UV_V_8_load, i8 %p_0_1_0_0_0_7144_out"   --->   Operation 124 'store' 'store_ln0' <Predicate = (icmp_ln586)> <Delay = 0.00>
ST_3 : Operation 125 [1/1] (0.00ns)   --->   "%store_ln0 = store i8 %in_pix_Y_V_8_load, i8 %p_0_0_0_0_0_7135_out"   --->   Operation 125 'store' 'store_ln0' <Predicate = (icmp_ln586)> <Delay = 0.00>
ST_3 : Operation 126 [1/1] (0.00ns)   --->   "%ret_ln0 = ret"   --->   Operation 126 'ret' 'ret_ln0' <Predicate = (icmp_ln586)> <Delay = 0.00>

State 4 <SV = 3> <Delay = 3.63>
ST_4 : Operation 64 [1/1] (0.00ns)   --->   "%in_pix_UV_V = phi i8 %trunc_ln145_5, void %if.then213, i8 %in_pix_UV_V_8_load, void %for.body208.split" [/tools/Xilinx/Vitis_HLS/2022.1/common/technology/autopilot/hls_stream_39.h:145]   --->   Operation 64 'phi' 'in_pix_UV_V' <Predicate = (!icmp_ln586)> <Delay = 0.00>
ST_4 : Operation 65 [1/1] (0.00ns)   --->   "%in_pix_Y_V = phi i8 %trunc_ln145, void %if.then213, i8 %in_pix_Y_V_8_load, void %for.body208.split" [/tools/Xilinx/Vitis_HLS/2022.1/common/technology/autopilot/hls_stream_39.h:145]   --->   Operation 65 'phi' 'in_pix_Y_V' <Predicate = (!icmp_ln586)> <Delay = 0.00>
ST_4 : Operation 66 [1/1] (1.58ns)   --->   "%br_ln590 = br i1 %or_ln590_1, void %for.inc244.1, void %if.then213.1" [/home/sgdh/Zybo-Z7-HW/proj/Zybo-Z7-HW.runs/system_v_frmbuf_wr_0_0_synth_1/prj/sol/.autopilot/db/v_frmbuf_wr.cpp:590]   --->   Operation 66 'br' 'br_ln590' <Predicate = (!icmp_ln586)> <Delay = 1.58>
ST_4 : Operation 67 [1/1] (3.63ns)   --->   "%img_read_2 = read i24 @_ssdm_op_Read.ap_fifo.volatile.i24P0A, i24 %img" [/tools/Xilinx/Vitis_HLS/2022.1/common/technology/autopilot/hls_stream_39.h:145]   --->   Operation 67 'read' 'img_read_2' <Predicate = (!icmp_ln586 & or_ln590_2)> <Delay = 3.63> <CoreInst = "FIFO_SRL">   --->   Core 81 'FIFO_SRL' <Latency = 0> <II = 1> <Delay = 3.63> <Storage> <Opcode : 'read' 'write' 'nbread' 'nbwrite'> <Ports = 0> <Width = 24> <Depth = 2> <FIFO>
ST_4 : Operation 68 [1/1] (0.00ns)   --->   "%trunc_ln145_2 = trunc i24 %img_read_2" [/tools/Xilinx/Vitis_HLS/2022.1/common/technology/autopilot/hls_stream_39.h:145]   --->   Operation 68 'trunc' 'trunc_ln145_2' <Predicate = (!icmp_ln586 & or_ln590_2)> <Delay = 0.00>
ST_4 : Operation 69 [1/1] (0.00ns)   --->   "%trunc_ln145_3 = partselect i8 @_ssdm_op_PartSelect.i8.i24.i32.i32, i24 %img_read_2, i32 8, i32 15" [/tools/Xilinx/Vitis_HLS/2022.1/common/technology/autopilot/hls_stream_39.h:145]   --->   Operation 69 'partselect' 'trunc_ln145_3' <Predicate = (!icmp_ln586 & or_ln590_2)> <Delay = 0.00>
ST_4 : Operation 70 [1/1] (1.58ns)   --->   "%br_ln591 = br void %for.inc244.2" [/home/sgdh/Zybo-Z7-HW/proj/Zybo-Z7-HW.runs/system_v_frmbuf_wr_0_0_synth_1/prj/sol/.autopilot/db/v_frmbuf_wr.cpp:591]   --->   Operation 70 'br' 'br_ln591' <Predicate = (!icmp_ln586 & or_ln590_2)> <Delay = 1.58>
ST_4 : Operation 71 [1/1] (0.97ns)   --->   "%or_ln590_3 = or i1 %cmp210, i1 %cmp212_3_read" [/home/sgdh/Zybo-Z7-HW/proj/Zybo-Z7-HW.runs/system_v_frmbuf_wr_0_0_synth_1/prj/sol/.autopilot/db/v_frmbuf_wr.cpp:590]   --->   Operation 71 'or' 'or_ln590_3' <Predicate = (!icmp_ln586)> <Delay = 0.97> <CoreInst = "LogicGate">   --->   Core 74 'LogicGate' <Latency = 0> <II = 1> <Delay = 0.97> <FuncUnit> <Opcode : 'and' 'or' 'xor'> <InPorts = 2> <OutPorts = 1>

State 5 <SV = 4> <Delay = 3.63>
ST_5 : Operation 72 [1/1] (0.00ns)   --->   "%in_pix_UV_V_1 = phi i8 %trunc_ln145_s, void %if.then213.1, i8 %in_pix_UV_V, void %for.inc244"   --->   Operation 72 'phi' 'in_pix_UV_V_1' <Predicate = (!icmp_ln586)> <Delay = 0.00>
ST_5 : Operation 73 [1/1] (0.00ns)   --->   "%in_pix_Y_V_1 = phi i8 %trunc_ln145_1, void %if.then213.1, i8 %in_pix_Y_V, void %for.inc244"   --->   Operation 73 'phi' 'in_pix_Y_V_1' <Predicate = (!icmp_ln586)> <Delay = 0.00>
ST_5 : Operation 74 [1/1] (1.58ns)   --->   "%br_ln590 = br i1 %or_ln590_2, void %for.inc244.2, void %if.then213.2" [/home/sgdh/Zybo-Z7-HW/proj/Zybo-Z7-HW.runs/system_v_frmbuf_wr_0_0_synth_1/prj/sol/.autopilot/db/v_frmbuf_wr.cpp:590]   --->   Operation 74 'br' 'br_ln590' <Predicate = (!icmp_ln586)> <Delay = 1.58>
ST_5 : Operation 75 [1/1] (3.63ns)   --->   "%img_read_3 = read i24 @_ssdm_op_Read.ap_fifo.volatile.i24P0A, i24 %img" [/tools/Xilinx/Vitis_HLS/2022.1/common/technology/autopilot/hls_stream_39.h:145]   --->   Operation 75 'read' 'img_read_3' <Predicate = (!icmp_ln586 & or_ln590_3)> <Delay = 3.63> <CoreInst = "FIFO_SRL">   --->   Core 81 'FIFO_SRL' <Latency = 0> <II = 1> <Delay = 3.63> <Storage> <Opcode : 'read' 'write' 'nbread' 'nbwrite'> <Ports = 0> <Width = 24> <Depth = 2> <FIFO>
ST_5 : Operation 76 [1/1] (0.00ns)   --->   "%trunc_ln145_4 = trunc i24 %img_read_3" [/tools/Xilinx/Vitis_HLS/2022.1/common/technology/autopilot/hls_stream_39.h:145]   --->   Operation 76 'trunc' 'trunc_ln145_4' <Predicate = (!icmp_ln586 & or_ln590_3)> <Delay = 0.00>
ST_5 : Operation 77 [1/1] (0.00ns)   --->   "%trunc_ln145_6 = partselect i8 @_ssdm_op_PartSelect.i8.i24.i32.i32, i24 %img_read_3, i32 8, i32 15" [/tools/Xilinx/Vitis_HLS/2022.1/common/technology/autopilot/hls_stream_39.h:145]   --->   Operation 77 'partselect' 'trunc_ln145_6' <Predicate = (!icmp_ln586 & or_ln590_3)> <Delay = 0.00>
ST_5 : Operation 78 [1/1] (1.58ns)   --->   "%br_ln591 = br void %for.inc244.3" [/home/sgdh/Zybo-Z7-HW/proj/Zybo-Z7-HW.runs/system_v_frmbuf_wr_0_0_synth_1/prj/sol/.autopilot/db/v_frmbuf_wr.cpp:591]   --->   Operation 78 'br' 'br_ln591' <Predicate = (!icmp_ln586 & or_ln590_3)> <Delay = 1.58>
ST_5 : Operation 79 [1/1] (0.97ns)   --->   "%or_ln590_4 = or i1 %cmp210, i1 %cmp212_4_read" [/home/sgdh/Zybo-Z7-HW/proj/Zybo-Z7-HW.runs/system_v_frmbuf_wr_0_0_synth_1/prj/sol/.autopilot/db/v_frmbuf_wr.cpp:590]   --->   Operation 79 'or' 'or_ln590_4' <Predicate = (!icmp_ln586)> <Delay = 0.97> <CoreInst = "LogicGate">   --->   Core 74 'LogicGate' <Latency = 0> <II = 1> <Delay = 0.97> <FuncUnit> <Opcode : 'and' 'or' 'xor'> <InPorts = 2> <OutPorts = 1>
ST_5 : Operation 80 [1/1] (0.97ns)   --->   "%or_ln590_5 = or i1 %cmp210, i1 %cmp212_5_read" [/home/sgdh/Zybo-Z7-HW/proj/Zybo-Z7-HW.runs/system_v_frmbuf_wr_0_0_synth_1/prj/sol/.autopilot/db/v_frmbuf_wr.cpp:590]   --->   Operation 80 'or' 'or_ln590_5' <Predicate = (!icmp_ln586)> <Delay = 0.97> <CoreInst = "LogicGate">   --->   Core 74 'LogicGate' <Latency = 0> <II = 1> <Delay = 0.97> <FuncUnit> <Opcode : 'and' 'or' 'xor'> <InPorts = 2> <OutPorts = 1>
ST_5 : Operation 81 [1/1] (0.97ns)   --->   "%or_ln590_6 = or i1 %cmp210, i1 %cmp212_6_read" [/home/sgdh/Zybo-Z7-HW/proj/Zybo-Z7-HW.runs/system_v_frmbuf_wr_0_0_synth_1/prj/sol/.autopilot/db/v_frmbuf_wr.cpp:590]   --->   Operation 81 'or' 'or_ln590_6' <Predicate = (!icmp_ln586)> <Delay = 0.97> <CoreInst = "LogicGate">   --->   Core 74 'LogicGate' <Latency = 0> <II = 1> <Delay = 0.97> <FuncUnit> <Opcode : 'and' 'or' 'xor'> <InPorts = 2> <OutPorts = 1>
ST_5 : Operation 82 [1/1] (0.97ns)   --->   "%or_ln590_7 = or i1 %cmp210, i1 %icmp_ln576_read" [/home/sgdh/Zybo-Z7-HW/proj/Zybo-Z7-HW.runs/system_v_frmbuf_wr_0_0_synth_1/prj/sol/.autopilot/db/v_frmbuf_wr.cpp:590]   --->   Operation 82 'or' 'or_ln590_7' <Predicate = (!icmp_ln586)> <Delay = 0.97> <CoreInst = "LogicGate">   --->   Core 74 'LogicGate' <Latency = 0> <II = 1> <Delay = 0.97> <FuncUnit> <Opcode : 'and' 'or' 'xor'> <InPorts = 2> <OutPorts = 1>

State 6 <SV = 5> <Delay = 3.63>
ST_6 : Operation 83 [1/1] (0.00ns)   --->   "%in_pix_UV_V_2 = phi i8 %trunc_ln145_3, void %if.then213.2, i8 %in_pix_UV_V_1, void %for.inc244.1"   --->   Operation 83 'phi' 'in_pix_UV_V_2' <Predicate = (!icmp_ln586)> <Delay = 0.00>
ST_6 : Operation 84 [1/1] (0.00ns)   --->   "%in_pix_Y_V_2 = phi i8 %trunc_ln145_2, void %if.then213.2, i8 %in_pix_Y_V_1, void %for.inc244.1"   --->   Operation 84 'phi' 'in_pix_Y_V_2' <Predicate = (!icmp_ln586)> <Delay = 0.00>
ST_6 : Operation 85 [1/1] (1.58ns)   --->   "%br_ln590 = br i1 %or_ln590_3, void %for.inc244.3, void %if.then213.3" [/home/sgdh/Zybo-Z7-HW/proj/Zybo-Z7-HW.runs/system_v_frmbuf_wr_0_0_synth_1/prj/sol/.autopilot/db/v_frmbuf_wr.cpp:590]   --->   Operation 85 'br' 'br_ln590' <Predicate = (!icmp_ln586)> <Delay = 1.58>
ST_6 : Operation 86 [1/1] (3.63ns)   --->   "%img_read_4 = read i24 @_ssdm_op_Read.ap_fifo.volatile.i24P0A, i24 %img" [/tools/Xilinx/Vitis_HLS/2022.1/common/technology/autopilot/hls_stream_39.h:145]   --->   Operation 86 'read' 'img_read_4' <Predicate = (!icmp_ln586 & or_ln590_4)> <Delay = 3.63> <CoreInst = "FIFO_SRL">   --->   Core 81 'FIFO_SRL' <Latency = 0> <II = 1> <Delay = 3.63> <Storage> <Opcode : 'read' 'write' 'nbread' 'nbwrite'> <Ports = 0> <Width = 24> <Depth = 2> <FIFO>
ST_6 : Operation 87 [1/1] (0.00ns)   --->   "%trunc_ln145_7 = trunc i24 %img_read_4" [/tools/Xilinx/Vitis_HLS/2022.1/common/technology/autopilot/hls_stream_39.h:145]   --->   Operation 87 'trunc' 'trunc_ln145_7' <Predicate = (!icmp_ln586 & or_ln590_4)> <Delay = 0.00>
ST_6 : Operation 88 [1/1] (0.00ns)   --->   "%trunc_ln145_8 = partselect i8 @_ssdm_op_PartSelect.i8.i24.i32.i32, i24 %img_read_4, i32 8, i32 15" [/tools/Xilinx/Vitis_HLS/2022.1/common/technology/autopilot/hls_stream_39.h:145]   --->   Operation 88 'partselect' 'trunc_ln145_8' <Predicate = (!icmp_ln586 & or_ln590_4)> <Delay = 0.00>
ST_6 : Operation 89 [1/1] (1.58ns)   --->   "%br_ln591 = br void %for.inc244.4" [/home/sgdh/Zybo-Z7-HW/proj/Zybo-Z7-HW.runs/system_v_frmbuf_wr_0_0_synth_1/prj/sol/.autopilot/db/v_frmbuf_wr.cpp:591]   --->   Operation 89 'br' 'br_ln591' <Predicate = (!icmp_ln586 & or_ln590_4)> <Delay = 1.58>

State 7 <SV = 6> <Delay = 3.63>
ST_7 : Operation 90 [1/1] (0.00ns)   --->   "%in_pix_UV_V_3 = phi i8 %trunc_ln145_6, void %if.then213.3, i8 %in_pix_UV_V_2, void %for.inc244.2"   --->   Operation 90 'phi' 'in_pix_UV_V_3' <Predicate = (!icmp_ln586)> <Delay = 0.00>
ST_7 : Operation 91 [1/1] (0.00ns)   --->   "%in_pix_Y_V_3 = phi i8 %trunc_ln145_4, void %if.then213.3, i8 %in_pix_Y_V_2, void %for.inc244.2"   --->   Operation 91 'phi' 'in_pix_Y_V_3' <Predicate = (!icmp_ln586)> <Delay = 0.00>
ST_7 : Operation 92 [1/1] (1.58ns)   --->   "%br_ln590 = br i1 %or_ln590_4, void %for.inc244.4, void %if.then213.4" [/home/sgdh/Zybo-Z7-HW/proj/Zybo-Z7-HW.runs/system_v_frmbuf_wr_0_0_synth_1/prj/sol/.autopilot/db/v_frmbuf_wr.cpp:590]   --->   Operation 92 'br' 'br_ln590' <Predicate = (!icmp_ln586)> <Delay = 1.58>
ST_7 : Operation 93 [1/1] (3.63ns)   --->   "%img_read_5 = read i24 @_ssdm_op_Read.ap_fifo.volatile.i24P0A, i24 %img" [/tools/Xilinx/Vitis_HLS/2022.1/common/technology/autopilot/hls_stream_39.h:145]   --->   Operation 93 'read' 'img_read_5' <Predicate = (!icmp_ln586 & or_ln590_5)> <Delay = 3.63> <CoreInst = "FIFO_SRL">   --->   Core 81 'FIFO_SRL' <Latency = 0> <II = 1> <Delay = 3.63> <Storage> <Opcode : 'read' 'write' 'nbread' 'nbwrite'> <Ports = 0> <Width = 24> <Depth = 2> <FIFO>
ST_7 : Operation 94 [1/1] (0.00ns)   --->   "%trunc_ln145_9 = trunc i24 %img_read_5" [/tools/Xilinx/Vitis_HLS/2022.1/common/technology/autopilot/hls_stream_39.h:145]   --->   Operation 94 'trunc' 'trunc_ln145_9' <Predicate = (!icmp_ln586 & or_ln590_5)> <Delay = 0.00>
ST_7 : Operation 95 [1/1] (0.00ns)   --->   "%trunc_ln145_10 = partselect i8 @_ssdm_op_PartSelect.i8.i24.i32.i32, i24 %img_read_5, i32 8, i32 15" [/tools/Xilinx/Vitis_HLS/2022.1/common/technology/autopilot/hls_stream_39.h:145]   --->   Operation 95 'partselect' 'trunc_ln145_10' <Predicate = (!icmp_ln586 & or_ln590_5)> <Delay = 0.00>
ST_7 : Operation 96 [1/1] (1.58ns)   --->   "%br_ln591 = br void %for.inc244.5" [/home/sgdh/Zybo-Z7-HW/proj/Zybo-Z7-HW.runs/system_v_frmbuf_wr_0_0_synth_1/prj/sol/.autopilot/db/v_frmbuf_wr.cpp:591]   --->   Operation 96 'br' 'br_ln591' <Predicate = (!icmp_ln586 & or_ln590_5)> <Delay = 1.58>

State 8 <SV = 7> <Delay = 3.63>
ST_8 : Operation 97 [1/1] (0.00ns)   --->   "%in_pix_UV_V_4 = phi i8 %trunc_ln145_8, void %if.then213.4, i8 %in_pix_UV_V_3, void %for.inc244.3"   --->   Operation 97 'phi' 'in_pix_UV_V_4' <Predicate = (!icmp_ln586)> <Delay = 0.00>
ST_8 : Operation 98 [1/1] (0.00ns)   --->   "%in_pix_Y_V_4 = phi i8 %trunc_ln145_7, void %if.then213.4, i8 %in_pix_Y_V_3, void %for.inc244.3"   --->   Operation 98 'phi' 'in_pix_Y_V_4' <Predicate = (!icmp_ln586)> <Delay = 0.00>
ST_8 : Operation 99 [1/1] (1.58ns)   --->   "%br_ln590 = br i1 %or_ln590_5, void %for.inc244.5, void %if.then213.5" [/home/sgdh/Zybo-Z7-HW/proj/Zybo-Z7-HW.runs/system_v_frmbuf_wr_0_0_synth_1/prj/sol/.autopilot/db/v_frmbuf_wr.cpp:590]   --->   Operation 99 'br' 'br_ln590' <Predicate = (!icmp_ln586)> <Delay = 1.58>
ST_8 : Operation 100 [1/1] (3.63ns)   --->   "%img_read_6 = read i24 @_ssdm_op_Read.ap_fifo.volatile.i24P0A, i24 %img" [/tools/Xilinx/Vitis_HLS/2022.1/common/technology/autopilot/hls_stream_39.h:145]   --->   Operation 100 'read' 'img_read_6' <Predicate = (!icmp_ln586 & or_ln590_6)> <Delay = 3.63> <CoreInst = "FIFO_SRL">   --->   Core 81 'FIFO_SRL' <Latency = 0> <II = 1> <Delay = 3.63> <Storage> <Opcode : 'read' 'write' 'nbread' 'nbwrite'> <Ports = 0> <Width = 24> <Depth = 2> <FIFO>
ST_8 : Operation 101 [1/1] (0.00ns)   --->   "%trunc_ln145_11 = trunc i24 %img_read_6" [/tools/Xilinx/Vitis_HLS/2022.1/common/technology/autopilot/hls_stream_39.h:145]   --->   Operation 101 'trunc' 'trunc_ln145_11' <Predicate = (!icmp_ln586 & or_ln590_6)> <Delay = 0.00>
ST_8 : Operation 102 [1/1] (0.00ns)   --->   "%trunc_ln145_12 = partselect i8 @_ssdm_op_PartSelect.i8.i24.i32.i32, i24 %img_read_6, i32 8, i32 15" [/tools/Xilinx/Vitis_HLS/2022.1/common/technology/autopilot/hls_stream_39.h:145]   --->   Operation 102 'partselect' 'trunc_ln145_12' <Predicate = (!icmp_ln586 & or_ln590_6)> <Delay = 0.00>
ST_8 : Operation 103 [1/1] (1.58ns)   --->   "%br_ln591 = br void %for.inc244.6" [/home/sgdh/Zybo-Z7-HW/proj/Zybo-Z7-HW.runs/system_v_frmbuf_wr_0_0_synth_1/prj/sol/.autopilot/db/v_frmbuf_wr.cpp:591]   --->   Operation 103 'br' 'br_ln591' <Predicate = (!icmp_ln586 & or_ln590_6)> <Delay = 1.58>

State 9 <SV = 8> <Delay = 3.63>
ST_9 : Operation 104 [1/1] (0.00ns)   --->   "%in_pix_UV_V_5 = phi i8 %trunc_ln145_10, void %if.then213.5, i8 %in_pix_UV_V_4, void %for.inc244.4"   --->   Operation 104 'phi' 'in_pix_UV_V_5' <Predicate = (!icmp_ln586)> <Delay = 0.00>
ST_9 : Operation 105 [1/1] (0.00ns)   --->   "%in_pix_Y_V_5 = phi i8 %trunc_ln145_9, void %if.then213.5, i8 %in_pix_Y_V_4, void %for.inc244.4"   --->   Operation 105 'phi' 'in_pix_Y_V_5' <Predicate = (!icmp_ln586)> <Delay = 0.00>
ST_9 : Operation 106 [1/1] (1.58ns)   --->   "%br_ln590 = br i1 %or_ln590_6, void %for.inc244.6, void %if.then213.6" [/home/sgdh/Zybo-Z7-HW/proj/Zybo-Z7-HW.runs/system_v_frmbuf_wr_0_0_synth_1/prj/sol/.autopilot/db/v_frmbuf_wr.cpp:590]   --->   Operation 106 'br' 'br_ln590' <Predicate = (!icmp_ln586)> <Delay = 1.58>
ST_9 : Operation 107 [1/1] (3.63ns)   --->   "%img_read_7 = read i24 @_ssdm_op_Read.ap_fifo.volatile.i24P0A, i24 %img" [/tools/Xilinx/Vitis_HLS/2022.1/common/technology/autopilot/hls_stream_39.h:145]   --->   Operation 107 'read' 'img_read_7' <Predicate = (!icmp_ln586 & or_ln590_7)> <Delay = 3.63> <CoreInst = "FIFO_SRL">   --->   Core 81 'FIFO_SRL' <Latency = 0> <II = 1> <Delay = 3.63> <Storage> <Opcode : 'read' 'write' 'nbread' 'nbwrite'> <Ports = 0> <Width = 24> <Depth = 2> <FIFO>
ST_9 : Operation 108 [1/1] (0.00ns)   --->   "%trunc_ln145_13 = trunc i24 %img_read_7" [/tools/Xilinx/Vitis_HLS/2022.1/common/technology/autopilot/hls_stream_39.h:145]   --->   Operation 108 'trunc' 'trunc_ln145_13' <Predicate = (!icmp_ln586 & or_ln590_7)> <Delay = 0.00>
ST_9 : Operation 109 [1/1] (0.00ns)   --->   "%trunc_ln145_14 = partselect i8 @_ssdm_op_PartSelect.i8.i24.i32.i32, i24 %img_read_7, i32 8, i32 15" [/tools/Xilinx/Vitis_HLS/2022.1/common/technology/autopilot/hls_stream_39.h:145]   --->   Operation 109 'partselect' 'trunc_ln145_14' <Predicate = (!icmp_ln586 & or_ln590_7)> <Delay = 0.00>
ST_9 : Operation 110 [1/1] (1.58ns)   --->   "%br_ln591 = br void %for.inc244.7" [/home/sgdh/Zybo-Z7-HW/proj/Zybo-Z7-HW.runs/system_v_frmbuf_wr_0_0_synth_1/prj/sol/.autopilot/db/v_frmbuf_wr.cpp:591]   --->   Operation 110 'br' 'br_ln591' <Predicate = (!icmp_ln586 & or_ln590_7)> <Delay = 1.58>

State 10 <SV = 9> <Delay = 5.23>
ST_10 : Operation 111 [1/1] (0.00ns)   --->   "%in_pix_UV_V_6 = phi i8 %trunc_ln145_12, void %if.then213.6, i8 %in_pix_UV_V_5, void %for.inc244.5"   --->   Operation 111 'phi' 'in_pix_UV_V_6' <Predicate = (!icmp_ln586)> <Delay = 0.00>
ST_10 : Operation 112 [1/1] (0.00ns)   --->   "%in_pix_Y_V_6 = phi i8 %trunc_ln145_11, void %if.then213.6, i8 %in_pix_Y_V_5, void %for.inc244.5"   --->   Operation 112 'phi' 'in_pix_Y_V_6' <Predicate = (!icmp_ln586)> <Delay = 0.00>
ST_10 : Operation 113 [1/1] (1.58ns)   --->   "%br_ln590 = br i1 %or_ln590_7, void %for.inc244.7, void %if.then213.7" [/home/sgdh/Zybo-Z7-HW/proj/Zybo-Z7-HW.runs/system_v_frmbuf_wr_0_0_synth_1/prj/sol/.autopilot/db/v_frmbuf_wr.cpp:590]   --->   Operation 113 'br' 'br_ln590' <Predicate = (!icmp_ln586)> <Delay = 1.58>
ST_10 : Operation 114 [1/1] (0.00ns)   --->   "%in_pix_UV_V_7 = phi i8 %trunc_ln145_14, void %if.then213.7, i8 %in_pix_UV_V_6, void %for.inc244.6"   --->   Operation 114 'phi' 'in_pix_UV_V_7' <Predicate = true> <Delay = 0.00>
ST_10 : Operation 115 [1/1] (0.00ns)   --->   "%in_pix_Y_V_7 = phi i8 %trunc_ln145_13, void %if.then213.7, i8 %in_pix_Y_V_6, void %for.inc244.6"   --->   Operation 115 'phi' 'in_pix_Y_V_7' <Predicate = true> <Delay = 0.00>
ST_10 : Operation 116 [1/1] (0.00ns)   --->   "%out_pix_Y_V = bitconcatenate i64 @_ssdm_op_BitConcatenate.i64.i8.i8.i8.i8.i8.i8.i8.i8, i8 %in_pix_Y_V_7, i8 %in_pix_Y_V_6, i8 %in_pix_Y_V_5, i8 %in_pix_Y_V_4, i8 %in_pix_Y_V_3, i8 %in_pix_Y_V_2, i8 %in_pix_Y_V_1, i8 %in_pix_Y_V"   --->   Operation 116 'bitconcatenate' 'out_pix_Y_V' <Predicate = true> <Delay = 0.00>
ST_10 : Operation 117 [1/1] (0.00ns)   --->   "%out_pix_UV_V = bitconcatenate i64 @_ssdm_op_BitConcatenate.i64.i8.i8.i8.i8.i8.i8.i8.i8, i8 %in_pix_UV_V_7, i8 %in_pix_UV_V_6, i8 %in_pix_UV_V_5, i8 %in_pix_UV_V_4, i8 %in_pix_UV_V_3, i8 %in_pix_UV_V_2, i8 %in_pix_UV_V_1, i8 %in_pix_UV_V"   --->   Operation 117 'bitconcatenate' 'out_pix_UV_V' <Predicate = true> <Delay = 0.00>
ST_10 : Operation 118 [1/1] (3.65ns)   --->   "%write_ln174 = write void @_ssdm_op_Write.ap_fifo.volatile.i64P0A, i64 %bytePlanes_plane01, i64 %out_pix_Y_V" [/tools/Xilinx/Vitis_HLS/2022.1/common/technology/autopilot/hls_stream_39.h:174]   --->   Operation 118 'write' 'write_ln174' <Predicate = true> <Delay = 3.65> <CoreInst = "FIFO_BRAM">   --->   Core 79 'FIFO_BRAM' <Latency = 0> <II = 1> <Delay = 3.71> <Storage> <Opcode : 'read' 'write' 'nbread' 'nbwrite'> <Ports = 0> <Width = 64> <Depth = 960> <FIFO>
ST_10 : Operation 119 [1/1] (3.65ns)   --->   "%write_ln174 = write void @_ssdm_op_Write.ap_fifo.volatile.i64P0A, i64 %bytePlanes_plane12, i64 %out_pix_UV_V" [/tools/Xilinx/Vitis_HLS/2022.1/common/technology/autopilot/hls_stream_39.h:174]   --->   Operation 119 'write' 'write_ln174' <Predicate = (brmerge79_read)> <Delay = 3.65> <CoreInst = "FIFO_BRAM">   --->   Core 79 'FIFO_BRAM' <Latency = 0> <II = 1> <Delay = 3.71> <Storage> <Opcode : 'read' 'write' 'nbread' 'nbwrite'> <Ports = 0> <Width = 64> <Depth = 960> <FIFO>
ST_10 : Operation 120 [1/1] (0.00ns)   --->   "%br_ln606 = br void %for.inc280" [/home/sgdh/Zybo-Z7-HW/proj/Zybo-Z7-HW.runs/system_v_frmbuf_wr_0_0_synth_1/prj/sol/.autopilot/db/v_frmbuf_wr.cpp:606]   --->   Operation 120 'br' 'br_ln606' <Predicate = (brmerge79_read)> <Delay = 0.00>
ST_10 : Operation 121 [1/1] (1.58ns)   --->   "%store_ln586 = store i8 %in_pix_UV_V_7, i8 %in_pix_UV_V_8" [/home/sgdh/Zybo-Z7-HW/proj/Zybo-Z7-HW.runs/system_v_frmbuf_wr_0_0_synth_1/prj/sol/.autopilot/db/v_frmbuf_wr.cpp:586]   --->   Operation 121 'store' 'store_ln586' <Predicate = true> <Delay = 1.58>
ST_10 : Operation 122 [1/1] (1.58ns)   --->   "%store_ln586 = store i8 %in_pix_Y_V_7, i8 %in_pix_Y_V_8" [/home/sgdh/Zybo-Z7-HW/proj/Zybo-Z7-HW.runs/system_v_frmbuf_wr_0_0_synth_1/prj/sol/.autopilot/db/v_frmbuf_wr.cpp:586]   --->   Operation 122 'store' 'store_ln586' <Predicate = true> <Delay = 1.58>
ST_10 : Operation 123 [1/1] (0.00ns)   --->   "%br_ln586 = br void %for.body208" [/home/sgdh/Zybo-Z7-HW/proj/Zybo-Z7-HW.runs/system_v_frmbuf_wr_0_0_synth_1/prj/sol/.autopilot/db/v_frmbuf_wr.cpp:586]   --->   Operation 123 'br' 'br_ln586' <Predicate = true> <Delay = 0.00>


============================================================
+ Verbose Summary: Timing violations
============================================================
Target clock period: 10ns, clock uncertainty: 2.7ns.

 <State 1>: 3.69ns
The critical path consists of the following:
	'alloca' operation ('x') [19]  (0 ns)
	'load' operation ('x', /home/sgdh/Zybo-Z7-HW/proj/Zybo-Z7-HW.runs/system_v_frmbuf_wr_0_0_synth_1/prj/sol/.autopilot/db/v_frmbuf_wr.cpp:586) on local variable 'x' [46]  (0 ns)
	'add' operation ('x', /home/sgdh/Zybo-Z7-HW/proj/Zybo-Z7-HW.runs/system_v_frmbuf_wr_0_0_synth_1/prj/sol/.autopilot/db/v_frmbuf_wr.cpp:586) [51]  (1.68 ns)
	'store' operation ('store_ln586', /home/sgdh/Zybo-Z7-HW/proj/Zybo-Z7-HW.runs/system_v_frmbuf_wr_0_0_synth_1/prj/sol/.autopilot/db/v_frmbuf_wr.cpp:586) of variable 'x', /home/sgdh/Zybo-Z7-HW/proj/Zybo-Z7-HW.runs/system_v_frmbuf_wr_0_0_synth_1/prj/sol/.autopilot/db/v_frmbuf_wr.cpp:586 on local variable 'x' [148]  (1.59 ns)
	blocking operation 0.42 ns on control path)

 <State 2>: 3.63ns
The critical path consists of the following:
	fifo read operation ('img_read', /tools/Xilinx/Vitis_HLS/2022.1/common/technology/autopilot/hls_stream_39.h:145) on port 'img' (/tools/Xilinx/Vitis_HLS/2022.1/common/technology/autopilot/hls_stream_39.h:145) [61]  (3.63 ns)

 <State 3>: 3.63ns
The critical path consists of the following:
	fifo read operation ('img_read_1', /tools/Xilinx/Vitis_HLS/2022.1/common/technology/autopilot/hls_stream_39.h:145) on port 'img' (/tools/Xilinx/Vitis_HLS/2022.1/common/technology/autopilot/hls_stream_39.h:145) [71]  (3.63 ns)

 <State 4>: 3.63ns
The critical path consists of the following:
	fifo read operation ('img_read_2', /tools/Xilinx/Vitis_HLS/2022.1/common/technology/autopilot/hls_stream_39.h:145) on port 'img' (/tools/Xilinx/Vitis_HLS/2022.1/common/technology/autopilot/hls_stream_39.h:145) [81]  (3.63 ns)

 <State 5>: 3.63ns
The critical path consists of the following:
	fifo read operation ('img_read_3', /tools/Xilinx/Vitis_HLS/2022.1/common/technology/autopilot/hls_stream_39.h:145) on port 'img' (/tools/Xilinx/Vitis_HLS/2022.1/common/technology/autopilot/hls_stream_39.h:145) [91]  (3.63 ns)

 <State 6>: 3.63ns
The critical path consists of the following:
	fifo read operation ('img_read_4', /tools/Xilinx/Vitis_HLS/2022.1/common/technology/autopilot/hls_stream_39.h:145) on port 'img' (/tools/Xilinx/Vitis_HLS/2022.1/common/technology/autopilot/hls_stream_39.h:145) [101]  (3.63 ns)

 <State 7>: 3.63ns
The critical path consists of the following:
	fifo read operation ('img_read_5', /tools/Xilinx/Vitis_HLS/2022.1/common/technology/autopilot/hls_stream_39.h:145) on port 'img' (/tools/Xilinx/Vitis_HLS/2022.1/common/technology/autopilot/hls_stream_39.h:145) [111]  (3.63 ns)

 <State 8>: 3.63ns
The critical path consists of the following:
	fifo read operation ('img_read_6', /tools/Xilinx/Vitis_HLS/2022.1/common/technology/autopilot/hls_stream_39.h:145) on port 'img' (/tools/Xilinx/Vitis_HLS/2022.1/common/technology/autopilot/hls_stream_39.h:145) [121]  (3.63 ns)

 <State 9>: 3.63ns
The critical path consists of the following:
	fifo read operation ('img_read_7', /tools/Xilinx/Vitis_HLS/2022.1/common/technology/autopilot/hls_stream_39.h:145) on port 'img' (/tools/Xilinx/Vitis_HLS/2022.1/common/technology/autopilot/hls_stream_39.h:145) [131]  (3.63 ns)

 <State 10>: 5.24ns
The critical path consists of the following:
	'phi' operation ('in_pix_UV.V') with incoming values : ('in_pix_UV_V_8_load') ('trunc_ln145_5', /tools/Xilinx/Vitis_HLS/2022.1/common/technology/autopilot/hls_stream_39.h:145) ('trunc_ln145_s', /tools/Xilinx/Vitis_HLS/2022.1/common/technology/autopilot/hls_stream_39.h:145) ('trunc_ln145_3', /tools/Xilinx/Vitis_HLS/2022.1/common/technology/autopilot/hls_stream_39.h:145) ('trunc_ln145_6', /tools/Xilinx/Vitis_HLS/2022.1/common/technology/autopilot/hls_stream_39.h:145) ('trunc_ln145_8', /tools/Xilinx/Vitis_HLS/2022.1/common/technology/autopilot/hls_stream_39.h:145) ('trunc_ln145_10', /tools/Xilinx/Vitis_HLS/2022.1/common/technology/autopilot/hls_stream_39.h:145) ('trunc_ln145_12', /tools/Xilinx/Vitis_HLS/2022.1/common/technology/autopilot/hls_stream_39.h:145) [126]  (0 ns)
	multiplexor before 'phi' operation ('in_pix_UV.V') with incoming values : ('in_pix_UV_V_8_load') ('trunc_ln145_5', /tools/Xilinx/Vitis_HLS/2022.1/common/technology/autopilot/hls_stream_39.h:145) ('trunc_ln145_s', /tools/Xilinx/Vitis_HLS/2022.1/common/technology/autopilot/hls_stream_39.h:145) ('trunc_ln145_3', /tools/Xilinx/Vitis_HLS/2022.1/common/technology/autopilot/hls_stream_39.h:145) ('trunc_ln145_6', /tools/Xilinx/Vitis_HLS/2022.1/common/technology/autopilot/hls_stream_39.h:145) ('trunc_ln145_8', /tools/Xilinx/Vitis_HLS/2022.1/common/technology/autopilot/hls_stream_39.h:145) ('trunc_ln145_10', /tools/Xilinx/Vitis_HLS/2022.1/common/technology/autopilot/hls_stream_39.h:145) ('trunc_ln145_12', /tools/Xilinx/Vitis_HLS/2022.1/common/technology/autopilot/hls_stream_39.h:145) ('trunc_ln145_14', /tools/Xilinx/Vitis_HLS/2022.1/common/technology/autopilot/hls_stream_39.h:145) [136]  (1.59 ns)
	'phi' operation ('in_pix_UV.V') with incoming values : ('in_pix_UV_V_8_load') ('trunc_ln145_5', /tools/Xilinx/Vitis_HLS/2022.1/common/technology/autopilot/hls_stream_39.h:145) ('trunc_ln145_s', /tools/Xilinx/Vitis_HLS/2022.1/common/technology/autopilot/hls_stream_39.h:145) ('trunc_ln145_3', /tools/Xilinx/Vitis_HLS/2022.1/common/technology/autopilot/hls_stream_39.h:145) ('trunc_ln145_6', /tools/Xilinx/Vitis_HLS/2022.1/common/technology/autopilot/hls_stream_39.h:145) ('trunc_ln145_8', /tools/Xilinx/Vitis_HLS/2022.1/common/technology/autopilot/hls_stream_39.h:145) ('trunc_ln145_10', /tools/Xilinx/Vitis_HLS/2022.1/common/technology/autopilot/hls_stream_39.h:145) ('trunc_ln145_12', /tools/Xilinx/Vitis_HLS/2022.1/common/technology/autopilot/hls_stream_39.h:145) ('trunc_ln145_14', /tools/Xilinx/Vitis_HLS/2022.1/common/technology/autopilot/hls_stream_39.h:145) [136]  (0 ns)
	fifo write operation ('write_ln174', /tools/Xilinx/Vitis_HLS/2022.1/common/technology/autopilot/hls_stream_39.h:174) on port 'bytePlanes_plane12' (/tools/Xilinx/Vitis_HLS/2022.1/common/technology/autopilot/hls_stream_39.h:174) [143]  (3.65 ns)


============================================================
+ Verbose Summary: Binding
============================================================
N/A
* FSMD analyzer results:
  - Output states:
 - Input state : 
  - Chain level:
	State 1
	State 2
	State 3
	State 4
	State 5
	State 6
	State 7
	State 8
	State 9
	State 10


============================================================
+ Verbose Summary: Datapath Resource usage 
============================================================
N/A
