

================================================================
== Vitis HLS Report for 'MultiPixStream2Bytes'
================================================================
* Date:           Mon Jan 15 06:27:30 2024

* Version:        2022.1.2 (Build 3605665 on Fri Aug  5 22:52:02 MDT 2022)
* Project:        prj
* Solution:       sol (Vivado IP Flow Target)
* Product family: zynq
* Target device:  xc7z020-clg400-1


================================================================
== Performance Estimates
================================================================
+ Timing: 
    * Summary: 
    +--------+----------+----------+------------+
    |  Clock |  Target  | Estimated| Uncertainty|
    +--------+----------+----------+------------+
    |ap_clk  |  10.00 ns|  7.268 ns|     2.70 ns|
    +--------+----------+----------+------------+

+ Latency: 
    * Summary: 
    +---------+-----------+-----------+-----------+-----+-----------+---------+
    |   Latency (cycles)  |   Latency (absolute)  |     Interval    | Pipeline|
    |   min   |    max    |    min    |    max    | min |    max    |   Type  |
    +---------+-----------+-----------+-----------+-----+-----------+---------+
    |        1|  283145761|  10.000 ns|  2.831 sec|    1|  283145761|       no|
    +---------+-----------+-----------+-----------+-----+-----------+---------+

    + Detail: 
        * Instance: 
        N/A

        * Loop: 
        +------------------------+---------+-----------+-----------+-----------+-----------+----------+----------+
        |                        |   Latency (cycles)  | Iteration |  Initiation Interval  |   Trip   |          |
        |        Loop Name       |   min   |    max    |  Latency  |  achieved |   target  |   Count  | Pipelined|
        +------------------------+---------+-----------+-----------+-----------+-----------+----------+----------+
        |- loop_YUYV8            |        0|  141588000|  7 ~ 32775|          -|          -|  0 ~ 4320|        no|
        |- loop_UYVY8            |        0|  141588000|  7 ~ 32775|          -|          -|  0 ~ 4320|        no|
        |- loop_Y_UV8_Y_UV8_420  |        0|  283145760|  7 ~ 65543|          -|          -|  0 ~ 4320|        no|
        +------------------------+---------+-----------+-----------+-----------+-----------+----------+----------+

============================================================
+ Verbose Summary: Synthesis Manager
============================================================
InlineROM: 1
ExposeGlobal: 0
============================================================
+ Verbose Summary: CDFG Model
============================================================
IsTopModel: 0
ResetActiveHigh: 1
IsCombinational: 2
IsDatapathOnly: 0
HasWiredReturn: 1
HasMFsm: 0
HasVarLatency: 1
IsPipeline: 0
IsRtlPipelined: 0
IsInstanceOverlapped: 0
IsDontTouch: 0
HasImplIP: 0
IsGatedGlobalClock: 0


============================================================
+ Verbose Summary: Schedule
============================================================
* Number of FSM states : 8
* Pipeline : 0
* Dataflow Pipeline: 0

* FSM state transitions: 
1 --> 2 
2 --> 3 5 7 
3 --> 4 
4 --> 2 
5 --> 6 
6 --> 2 
7 --> 8 
8 --> 2 

* FSM state operations: 

State 1 <SV = 0> <Delay = 7.26>
ST_1 : Operation 9 [1/1] (0.00ns)   --->   "%specinterface_ln0 = specinterface void @_ssdm_op_SpecInterface, i6 %VideoFormat, void @ap_fifo_str, i32 0, i32 0, void @p_str, i32 0, i32 0, void @p_str, void @p_str, void @p_str, i32 2, i32 2, i32 16, i32 16, void @p_str, void @ScalarProp_str, i32 4294967295, i32 0"   --->   Operation 9 'specinterface' 'specinterface_ln0' <Predicate = true> <Delay = 0.00>
ST_1 : Operation 10 [1/1] (3.63ns)   --->   "%VideoFormat_read = read i6 @_ssdm_op_Read.ap_fifo.i6P0A, i6 %VideoFormat"   --->   Operation 10 'read' 'VideoFormat_read' <Predicate = true> <Delay = 3.63> <CoreInst = "FIFO_SRL">   --->   Core 81 'FIFO_SRL' <Latency = 0> <II = 1> <Delay = 3.63> <Storage> <Opcode : 'read' 'write' 'nbread' 'nbwrite'> <Ports = 0> <Width = 6> <Depth = 3> <FIFO>
ST_1 : Operation 11 [1/1] (0.00ns)   --->   "%specinterface_ln0 = specinterface void @_ssdm_op_SpecInterface, i6 %video_format_c, void @ap_fifo_str, i32 0, i32 0, void @p_str, i32 0, i32 0, void @p_str, void @p_str, void @p_str, i32 2, i32 2, i32 16, i32 16, void @p_str, void @ScalarProp_str, i32 4294967295, i32 0"   --->   Operation 11 'specinterface' 'specinterface_ln0' <Predicate = true> <Delay = 0.00>
ST_1 : Operation 12 [1/1] (3.63ns)   --->   "%write_ln0 = write void @_ssdm_op_Write.ap_fifo.i6P0A, i6 %video_format_c, i6 %VideoFormat_read"   --->   Operation 12 'write' 'write_ln0' <Predicate = true> <Delay = 3.63> <CoreInst = "FIFO_SRL">   --->   Core 81 'FIFO_SRL' <Latency = 0> <II = 1> <Delay = 3.63> <Storage> <Opcode : 'read' 'write' 'nbread' 'nbwrite'> <Ports = 0> <Width = 6> <Depth = 2> <FIFO>
ST_1 : Operation 13 [1/1] (0.00ns)   --->   "%specinterface_ln0 = specinterface void @_ssdm_op_SpecInterface, i12 %Height, void @ap_fifo_str, i32 0, i32 0, void @p_str, i32 0, i32 0, void @p_str, void @p_str, void @p_str, i32 2, i32 2, i32 16, i32 16, void @p_str, void @ScalarProp_str, i32 4294967295, i32 0"   --->   Operation 13 'specinterface' 'specinterface_ln0' <Predicate = true> <Delay = 0.00>
ST_1 : Operation 14 [1/1] (3.63ns)   --->   "%Height_read = read i12 @_ssdm_op_Read.ap_fifo.i12P0A, i12 %Height"   --->   Operation 14 'read' 'Height_read' <Predicate = true> <Delay = 3.63> <CoreInst = "FIFO_SRL">   --->   Core 81 'FIFO_SRL' <Latency = 0> <II = 1> <Delay = 3.63> <Storage> <Opcode : 'read' 'write' 'nbread' 'nbwrite'> <Ports = 0> <Width = 12> <Depth = 2> <FIFO>
ST_1 : Operation 15 [1/1] (0.00ns)   --->   "%specinterface_ln0 = specinterface void @_ssdm_op_SpecInterface, i12 %height_c, void @ap_fifo_str, i32 0, i32 0, void @p_str, i32 0, i32 0, void @p_str, void @p_str, void @p_str, i32 2, i32 2, i32 16, i32 16, void @p_str, void @ScalarProp_str, i32 4294967295, i32 0"   --->   Operation 15 'specinterface' 'specinterface_ln0' <Predicate = true> <Delay = 0.00>
ST_1 : Operation 16 [1/1] (3.63ns)   --->   "%write_ln0 = write void @_ssdm_op_Write.ap_fifo.i12P0A, i12 %height_c, i12 %Height_read"   --->   Operation 16 'write' 'write_ln0' <Predicate = true> <Delay = 3.63> <CoreInst = "FIFO_SRL">   --->   Core 81 'FIFO_SRL' <Latency = 0> <II = 1> <Delay = 3.63> <Storage> <Opcode : 'read' 'write' 'nbread' 'nbwrite'> <Ports = 0> <Width = 12> <Depth = 2> <FIFO>
ST_1 : Operation 17 [1/1] (0.00ns)   --->   "%specinterface_ln0 = specinterface void @_ssdm_op_SpecInterface, i15 %WidthInBytes, void @ap_fifo_str, i32 0, i32 0, void @p_str, i32 0, i32 0, void @p_str, void @p_str, void @p_str, i32 2, i32 2, i32 16, i32 16, void @p_str, void @ScalarProp_str, i32 4294967295, i32 0"   --->   Operation 17 'specinterface' 'specinterface_ln0' <Predicate = true> <Delay = 0.00>
ST_1 : Operation 18 [1/1] (3.63ns)   --->   "%widthInPix = read i15 @_ssdm_op_Read.ap_fifo.i15P0A, i15 %WidthInBytes"   --->   Operation 18 'read' 'widthInPix' <Predicate = true> <Delay = 3.63> <CoreInst = "FIFO_SRL">   --->   Core 81 'FIFO_SRL' <Latency = 0> <II = 1> <Delay = 3.63> <Storage> <Opcode : 'read' 'write' 'nbread' 'nbwrite'> <Ports = 0> <Width = 15> <Depth = 3> <FIFO>
ST_1 : Operation 19 [1/1] (0.00ns)   --->   "%specinterface_ln0 = specinterface void @_ssdm_op_SpecInterface, i15 %WidthInBytes_c, void @ap_fifo_str, i32 0, i32 0, void @p_str, i32 0, i32 0, void @p_str, void @p_str, void @p_str, i32 2, i32 2, i32 16, i32 16, void @p_str, void @ScalarProp_str, i32 4294967295, i32 0"   --->   Operation 19 'specinterface' 'specinterface_ln0' <Predicate = true> <Delay = 0.00>
ST_1 : Operation 20 [1/1] (3.63ns)   --->   "%write_ln0 = write void @_ssdm_op_Write.ap_fifo.i15P0A, i15 %WidthInBytes_c, i15 %widthInPix"   --->   Operation 20 'write' 'write_ln0' <Predicate = true> <Delay = 3.63> <CoreInst = "FIFO_SRL">   --->   Core 81 'FIFO_SRL' <Latency = 0> <II = 1> <Delay = 3.63> <Storage> <Opcode : 'read' 'write' 'nbread' 'nbwrite'> <Ports = 0> <Width = 15> <Depth = 2> <FIFO>
ST_1 : Operation 21 [1/1] (0.00ns)   --->   "%specmemcore_ln0 = specmemcore void @_ssdm_op_SpecMemCore, i64 %bytePlanes_plane01, i64 666, i64 8, i64 18446744073709551615"   --->   Operation 21 'specmemcore' 'specmemcore_ln0' <Predicate = true> <Delay = 0.00>
ST_1 : Operation 22 [1/1] (0.00ns)   --->   "%specmemcore_ln0 = specmemcore void @_ssdm_op_SpecMemCore, i64 %bytePlanes_plane12, i64 666, i64 8, i64 18446744073709551615"   --->   Operation 22 'specmemcore' 'specmemcore_ln0' <Predicate = true> <Delay = 0.00>
ST_1 : Operation 23 [1/1] (0.00ns)   --->   "%specinterface_ln0 = specinterface void @_ssdm_op_SpecInterface, i64 %bytePlanes_plane12, void @empty_8, i32 0, i32 0, void @empty_1, i32 0, i32 0, void @empty_1, void @empty_1, void @empty_1, i32 0, i32 0, i32 0, i32 0, void @empty_1, void @empty_1, i32 4294967295, i32 0"   --->   Operation 23 'specinterface' 'specinterface_ln0' <Predicate = true> <Delay = 0.00>
ST_1 : Operation 24 [1/1] (0.00ns)   --->   "%specinterface_ln0 = specinterface void @_ssdm_op_SpecInterface, i64 %bytePlanes_plane01, void @empty_8, i32 0, i32 0, void @empty_1, i32 0, i32 0, void @empty_1, void @empty_1, void @empty_1, i32 0, i32 0, i32 0, i32 0, void @empty_1, void @empty_1, i32 4294967295, i32 0"   --->   Operation 24 'specinterface' 'specinterface_ln0' <Predicate = true> <Delay = 0.00>
ST_1 : Operation 25 [1/1] (0.00ns)   --->   "%specinterface_ln0 = specinterface void @_ssdm_op_SpecInterface, i24 %img, void @empty_8, i32 0, i32 0, void @empty_1, i32 0, i32 0, void @empty_1, void @empty_1, void @empty_1, i32 0, i32 0, i32 0, i32 0, void @empty_1, void @empty_1, i32 4294967295, i32 0"   --->   Operation 25 'specinterface' 'specinterface_ln0' <Predicate = true> <Delay = 0.00>
ST_1 : Operation 26 [1/1] (0.95ns)   --->   "%switch_ln274 = switch i6 %VideoFormat_read, void %if.end359, i6 43, void %if.end366, i6 42, void %if.end365, i6 10, void %if.then9, i6 11, void %if.then9, i6 27, void %if.end363, i6 15, void %if.then20, i6 16, void %if.then20, i6 12, void %if.then24, i6 28, void %if.then83, i6 18, void %if.then177, i6 19, void %if.then177" [/home/sgdh/Zybo-Z7-HW/proj/Zybo-Z7-HW.runs/system_v_frmbuf_wr_0_0_synth_1/prj/sol/.autopilot/db/v_frmbuf_wr.cpp:274]   --->   Operation 26 'switch' 'switch_ln274' <Predicate = true> <Delay = 0.95>
ST_1 : Operation 27 [1/1] (0.00ns)   --->   "%y_2 = alloca i32 1"   --->   Operation 27 'alloca' 'y_2' <Predicate = (VideoFormat_read == 19) | (VideoFormat_read == 18)> <Delay = 0.00>
ST_1 : Operation 28 [1/1] (0.00ns)   --->   "%p_0_0_0_0_0_7136_lcssa157 = alloca i32 1"   --->   Operation 28 'alloca' 'p_0_0_0_0_0_7136_lcssa157' <Predicate = (VideoFormat_read == 19) | (VideoFormat_read == 18)> <Delay = 0.00>
ST_1 : Operation 29 [1/1] (0.00ns)   --->   "%p_0_1_0_0_0_7145_lcssa160 = alloca i32 1"   --->   Operation 29 'alloca' 'p_0_1_0_0_0_7145_lcssa160' <Predicate = (VideoFormat_read == 19) | (VideoFormat_read == 18)> <Delay = 0.00>
ST_1 : Operation 30 [1/1] (0.00ns)   --->   "%remainPix_4 = trunc i15 %widthInPix" [/home/sgdh/Zybo-Z7-HW/proj/Zybo-Z7-HW.runs/system_v_frmbuf_wr_0_0_synth_1/prj/sol/.autopilot/db/v_frmbuf_wr.cpp:571]   --->   Operation 30 'trunc' 'remainPix_4' <Predicate = (VideoFormat_read == 19) | (VideoFormat_read == 18)> <Delay = 0.00>
ST_1 : Operation 31 [1/1] (0.00ns)   --->   "%zext_ln571 = zext i15 %widthInPix" [/home/sgdh/Zybo-Z7-HW/proj/Zybo-Z7-HW.runs/system_v_frmbuf_wr_0_0_synth_1/prj/sol/.autopilot/db/v_frmbuf_wr.cpp:571]   --->   Operation 31 'zext' 'zext_ln571' <Predicate = (VideoFormat_read == 19) | (VideoFormat_read == 18)> <Delay = 0.00>
ST_1 : Operation 32 [1/1] (1.94ns)   --->   "%add_ln571 = add i16 %zext_ln571, i16 7" [/home/sgdh/Zybo-Z7-HW/proj/Zybo-Z7-HW.runs/system_v_frmbuf_wr_0_0_synth_1/prj/sol/.autopilot/db/v_frmbuf_wr.cpp:571]   --->   Operation 32 'add' 'add_ln571' <Predicate = (VideoFormat_read == 19) | (VideoFormat_read == 18)> <Delay = 1.94> <CoreInst = "Adder">   --->   Core 1 'Adder' <Latency = 0> <II = 1> <Delay = 1.94> <FuncUnit> <Opcode : 'add' 'sub'> <InPorts = 2> <OutPorts = 1>
ST_1 : Operation 33 [1/1] (0.00ns)   --->   "%trunc_ln571_1 = partselect i13 @_ssdm_op_PartSelect.i13.i16.i32.i32, i16 %add_ln571, i32 3, i32 15" [/home/sgdh/Zybo-Z7-HW/proj/Zybo-Z7-HW.runs/system_v_frmbuf_wr_0_0_synth_1/prj/sol/.autopilot/db/v_frmbuf_wr.cpp:571]   --->   Operation 33 'partselect' 'trunc_ln571_1' <Predicate = (VideoFormat_read == 19) | (VideoFormat_read == 18)> <Delay = 0.00>
ST_1 : Operation 34 [1/1] (0.00ns)   --->   "%zext_ln574 = zext i3 %remainPix_4" [/home/sgdh/Zybo-Z7-HW/proj/Zybo-Z7-HW.runs/system_v_frmbuf_wr_0_0_synth_1/prj/sol/.autopilot/db/v_frmbuf_wr.cpp:574]   --->   Operation 34 'zext' 'zext_ln574' <Predicate = (VideoFormat_read == 19) | (VideoFormat_read == 18)> <Delay = 0.00>
ST_1 : Operation 35 [1/1] (1.13ns)   --->   "%icmp_ln576 = icmp_eq  i3 %remainPix_4, i3 0" [/home/sgdh/Zybo-Z7-HW/proj/Zybo-Z7-HW.runs/system_v_frmbuf_wr_0_0_synth_1/prj/sol/.autopilot/db/v_frmbuf_wr.cpp:576]   --->   Operation 35 'icmp' 'icmp_ln576' <Predicate = (VideoFormat_read == 19) | (VideoFormat_read == 18)> <Delay = 1.13> <CoreInst = "Cmp">   --->   Core 9 'Cmp' <Latency = 0> <II = 1> <Delay = 1.13> <FuncUnit> <Opcode : 'icmp'> <InPorts = 2> <OutPorts = 1>
ST_1 : Operation 36 [1/1] (1.02ns)   --->   "%remainPix_5 = select i1 %icmp_ln576, i4 8, i4 %zext_ln574" [/home/sgdh/Zybo-Z7-HW/proj/Zybo-Z7-HW.runs/system_v_frmbuf_wr_0_0_synth_1/prj/sol/.autopilot/db/v_frmbuf_wr.cpp:576]   --->   Operation 36 'select' 'remainPix_5' <Predicate = (VideoFormat_read == 19) | (VideoFormat_read == 18)> <Delay = 1.02> <CoreInst = "Sel">   --->   Core 73 'Sel' <Latency = 0> <II = 1> <Delay = 1.02> <FuncUnit> <Opcode : 'select'> <InPorts = 3> <OutPorts = 1>
ST_1 : Operation 37 [1/1] (1.67ns)   --->   "%sub209 = add i13 %trunc_ln571_1, i13 8191" [/home/sgdh/Zybo-Z7-HW/proj/Zybo-Z7-HW.runs/system_v_frmbuf_wr_0_0_synth_1/prj/sol/.autopilot/db/v_frmbuf_wr.cpp:571]   --->   Operation 37 'add' 'sub209' <Predicate = (VideoFormat_read == 19) | (VideoFormat_read == 18)> <Delay = 1.67> <CoreInst = "Adder">   --->   Core 1 'Adder' <Latency = 0> <II = 1> <Delay = 1.67> <FuncUnit> <Opcode : 'add' 'sub'> <InPorts = 2> <OutPorts = 1>
ST_1 : Operation 38 [1/1] (1.30ns)   --->   "%cmp212 = icmp_ne  i4 %remainPix_5, i4 0" [/home/sgdh/Zybo-Z7-HW/proj/Zybo-Z7-HW.runs/system_v_frmbuf_wr_0_0_synth_1/prj/sol/.autopilot/db/v_frmbuf_wr.cpp:576]   --->   Operation 38 'icmp' 'cmp212' <Predicate = (VideoFormat_read == 19) | (VideoFormat_read == 18)> <Delay = 1.30> <CoreInst = "Cmp">   --->   Core 9 'Cmp' <Latency = 0> <II = 1> <Delay = 1.30> <FuncUnit> <Opcode : 'icmp'> <InPorts = 2> <OutPorts = 1>
ST_1 : Operation 39 [1/1] (0.00ns)   --->   "%tmp_2 = partselect i3 @_ssdm_op_PartSelect.i3.i4.i32.i32, i4 %remainPix_5, i32 1, i32 3" [/home/sgdh/Zybo-Z7-HW/proj/Zybo-Z7-HW.runs/system_v_frmbuf_wr_0_0_synth_1/prj/sol/.autopilot/db/v_frmbuf_wr.cpp:576]   --->   Operation 39 'partselect' 'tmp_2' <Predicate = (VideoFormat_read == 19) | (VideoFormat_read == 18)> <Delay = 0.00>
ST_1 : Operation 40 [1/1] (1.13ns)   --->   "%icmp11 = icmp_ne  i3 %tmp_2, i3 0" [/home/sgdh/Zybo-Z7-HW/proj/Zybo-Z7-HW.runs/system_v_frmbuf_wr_0_0_synth_1/prj/sol/.autopilot/db/v_frmbuf_wr.cpp:576]   --->   Operation 40 'icmp' 'icmp11' <Predicate = (VideoFormat_read == 19) | (VideoFormat_read == 18)> <Delay = 1.13> <CoreInst = "Cmp">   --->   Core 9 'Cmp' <Latency = 0> <II = 1> <Delay = 1.13> <FuncUnit> <Opcode : 'icmp'> <InPorts = 2> <OutPorts = 1>
ST_1 : Operation 41 [1/1] (1.30ns)   --->   "%cmp212_2 = icmp_ugt  i4 %remainPix_5, i4 2" [/home/sgdh/Zybo-Z7-HW/proj/Zybo-Z7-HW.runs/system_v_frmbuf_wr_0_0_synth_1/prj/sol/.autopilot/db/v_frmbuf_wr.cpp:576]   --->   Operation 41 'icmp' 'cmp212_2' <Predicate = (VideoFormat_read == 19) | (VideoFormat_read == 18)> <Delay = 1.30> <CoreInst = "Cmp">   --->   Core 9 'Cmp' <Latency = 0> <II = 1> <Delay = 1.30> <FuncUnit> <Opcode : 'icmp'> <InPorts = 2> <OutPorts = 1>
ST_1 : Operation 42 [1/1] (0.00ns)   --->   "%tmp_3 = partselect i2 @_ssdm_op_PartSelect.i2.i4.i32.i32, i4 %remainPix_5, i32 2, i32 3" [/home/sgdh/Zybo-Z7-HW/proj/Zybo-Z7-HW.runs/system_v_frmbuf_wr_0_0_synth_1/prj/sol/.autopilot/db/v_frmbuf_wr.cpp:576]   --->   Operation 42 'partselect' 'tmp_3' <Predicate = (VideoFormat_read == 19) | (VideoFormat_read == 18)> <Delay = 0.00>
ST_1 : Operation 43 [1/1] (0.95ns)   --->   "%icmp14 = icmp_ne  i2 %tmp_3, i2 0" [/home/sgdh/Zybo-Z7-HW/proj/Zybo-Z7-HW.runs/system_v_frmbuf_wr_0_0_synth_1/prj/sol/.autopilot/db/v_frmbuf_wr.cpp:576]   --->   Operation 43 'icmp' 'icmp14' <Predicate = (VideoFormat_read == 19) | (VideoFormat_read == 18)> <Delay = 0.95> <CoreInst = "Cmp">   --->   Core 9 'Cmp' <Latency = 0> <II = 1> <Delay = 0.95> <FuncUnit> <Opcode : 'icmp'> <InPorts = 2> <OutPorts = 1>
ST_1 : Operation 44 [1/1] (1.30ns)   --->   "%cmp212_4 = icmp_ugt  i4 %remainPix_5, i4 4" [/home/sgdh/Zybo-Z7-HW/proj/Zybo-Z7-HW.runs/system_v_frmbuf_wr_0_0_synth_1/prj/sol/.autopilot/db/v_frmbuf_wr.cpp:576]   --->   Operation 44 'icmp' 'cmp212_4' <Predicate = (VideoFormat_read == 19) | (VideoFormat_read == 18)> <Delay = 1.30> <CoreInst = "Cmp">   --->   Core 9 'Cmp' <Latency = 0> <II = 1> <Delay = 1.30> <FuncUnit> <Opcode : 'icmp'> <InPorts = 2> <OutPorts = 1>
ST_1 : Operation 45 [1/1] (1.30ns)   --->   "%cmp212_5 = icmp_ugt  i4 %remainPix_5, i4 5" [/home/sgdh/Zybo-Z7-HW/proj/Zybo-Z7-HW.runs/system_v_frmbuf_wr_0_0_synth_1/prj/sol/.autopilot/db/v_frmbuf_wr.cpp:576]   --->   Operation 45 'icmp' 'cmp212_5' <Predicate = (VideoFormat_read == 19) | (VideoFormat_read == 18)> <Delay = 1.30> <CoreInst = "Cmp">   --->   Core 9 'Cmp' <Latency = 0> <II = 1> <Delay = 1.30> <FuncUnit> <Opcode : 'icmp'> <InPorts = 2> <OutPorts = 1>
ST_1 : Operation 46 [1/1] (1.30ns)   --->   "%cmp212_6 = icmp_ugt  i4 %remainPix_5, i4 6" [/home/sgdh/Zybo-Z7-HW/proj/Zybo-Z7-HW.runs/system_v_frmbuf_wr_0_0_synth_1/prj/sol/.autopilot/db/v_frmbuf_wr.cpp:576]   --->   Operation 46 'icmp' 'cmp212_6' <Predicate = (VideoFormat_read == 19) | (VideoFormat_read == 18)> <Delay = 1.30> <CoreInst = "Cmp">   --->   Core 9 'Cmp' <Latency = 0> <II = 1> <Delay = 1.30> <FuncUnit> <Opcode : 'icmp'> <InPorts = 2> <OutPorts = 1>
ST_1 : Operation 47 [1/1] (1.42ns)   --->   "%notlhs = icmp_ne  i6 %VideoFormat_read, i6 19"   --->   Operation 47 'icmp' 'notlhs' <Predicate = (VideoFormat_read == 19) | (VideoFormat_read == 18)> <Delay = 1.42> <CoreInst = "Cmp">   --->   Core 9 'Cmp' <Latency = 0> <II = 1> <Delay = 1.42> <FuncUnit> <Opcode : 'icmp'> <InPorts = 2> <OutPorts = 1>
ST_1 : Operation 48 [1/1] (1.58ns)   --->   "%store_ln583 = store i12 0, i12 %y_2" [/home/sgdh/Zybo-Z7-HW/proj/Zybo-Z7-HW.runs/system_v_frmbuf_wr_0_0_synth_1/prj/sol/.autopilot/db/v_frmbuf_wr.cpp:583]   --->   Operation 48 'store' 'store_ln583' <Predicate = (VideoFormat_read == 19) | (VideoFormat_read == 18)> <Delay = 1.58>
ST_1 : Operation 49 [1/1] (0.00ns)   --->   "%br_ln583 = br void %VITIS_LOOP_586_8" [/home/sgdh/Zybo-Z7-HW/proj/Zybo-Z7-HW.runs/system_v_frmbuf_wr_0_0_synth_1/prj/sol/.autopilot/db/v_frmbuf_wr.cpp:583]   --->   Operation 49 'br' 'br_ln583' <Predicate = (VideoFormat_read == 19) | (VideoFormat_read == 18)> <Delay = 0.00>
ST_1 : Operation 50 [1/1] (0.00ns)   --->   "%y_1 = alloca i32 1"   --->   Operation 50 'alloca' 'y_1' <Predicate = (VideoFormat_read == 28)> <Delay = 0.00>
ST_1 : Operation 51 [1/1] (0.00ns)   --->   "%p_0_0_0_0_0258_3108_lcssa121 = alloca i32 1"   --->   Operation 51 'alloca' 'p_0_0_0_0_0258_3108_lcssa121' <Predicate = (VideoFormat_read == 28)> <Delay = 0.00>
ST_1 : Operation 52 [1/1] (0.00ns)   --->   "%p_0_1_0_0_0260_3112_lcssa124 = alloca i32 1"   --->   Operation 52 'alloca' 'p_0_1_0_0_0260_3112_lcssa124' <Predicate = (VideoFormat_read == 28)> <Delay = 0.00>
ST_1 : Operation 53 [1/1] (0.00ns)   --->   "%zext_ln534 = zext i15 %widthInPix" [/home/sgdh/Zybo-Z7-HW/proj/Zybo-Z7-HW.runs/system_v_frmbuf_wr_0_0_synth_1/prj/sol/.autopilot/db/v_frmbuf_wr.cpp:534]   --->   Operation 53 'zext' 'zext_ln534' <Predicate = (VideoFormat_read == 28)> <Delay = 0.00>
ST_1 : Operation 54 [1/1] (1.94ns)   --->   "%add_ln534 = add i16 %zext_ln534, i16 7" [/home/sgdh/Zybo-Z7-HW/proj/Zybo-Z7-HW.runs/system_v_frmbuf_wr_0_0_synth_1/prj/sol/.autopilot/db/v_frmbuf_wr.cpp:534]   --->   Operation 54 'add' 'add_ln534' <Predicate = (VideoFormat_read == 28)> <Delay = 1.94> <CoreInst = "Adder">   --->   Core 1 'Adder' <Latency = 0> <II = 1> <Delay = 1.94> <FuncUnit> <Opcode : 'add' 'sub'> <InPorts = 2> <OutPorts = 1>
ST_1 : Operation 55 [1/1] (0.00ns)   --->   "%trunc_ln534_1 = partselect i13 @_ssdm_op_PartSelect.i13.i16.i32.i32, i16 %add_ln534, i32 3, i32 15" [/home/sgdh/Zybo-Z7-HW/proj/Zybo-Z7-HW.runs/system_v_frmbuf_wr_0_0_synth_1/prj/sol/.autopilot/db/v_frmbuf_wr.cpp:534]   --->   Operation 55 'partselect' 'trunc_ln534_1' <Predicate = (VideoFormat_read == 28)> <Delay = 0.00>
ST_1 : Operation 56 [1/1] (0.00ns)   --->   "%remainPix_2 = partselect i2 @_ssdm_op_PartSelect.i2.i15.i32.i32, i15 %widthInPix, i32 1, i32 2" [/home/sgdh/Zybo-Z7-HW/proj/Zybo-Z7-HW.runs/system_v_frmbuf_wr_0_0_synth_1/prj/sol/.autopilot/db/v_frmbuf_wr.cpp:536]   --->   Operation 56 'partselect' 'remainPix_2' <Predicate = (VideoFormat_read == 28)> <Delay = 0.00>
ST_1 : Operation 57 [1/1] (0.00ns)   --->   "%zext_ln537 = zext i2 %remainPix_2" [/home/sgdh/Zybo-Z7-HW/proj/Zybo-Z7-HW.runs/system_v_frmbuf_wr_0_0_synth_1/prj/sol/.autopilot/db/v_frmbuf_wr.cpp:537]   --->   Operation 57 'zext' 'zext_ln537' <Predicate = (VideoFormat_read == 28)> <Delay = 0.00>
ST_1 : Operation 58 [1/1] (0.95ns)   --->   "%icmp_ln539 = icmp_eq  i2 %remainPix_2, i2 0" [/home/sgdh/Zybo-Z7-HW/proj/Zybo-Z7-HW.runs/system_v_frmbuf_wr_0_0_synth_1/prj/sol/.autopilot/db/v_frmbuf_wr.cpp:539]   --->   Operation 58 'icmp' 'icmp_ln539' <Predicate = (VideoFormat_read == 28)> <Delay = 0.95> <CoreInst = "Cmp">   --->   Core 9 'Cmp' <Latency = 0> <II = 1> <Delay = 0.95> <FuncUnit> <Opcode : 'icmp'> <InPorts = 2> <OutPorts = 1>
ST_1 : Operation 59 [1/1] (0.98ns)   --->   "%remainPix_3 = select i1 %icmp_ln539, i3 4, i3 %zext_ln537" [/home/sgdh/Zybo-Z7-HW/proj/Zybo-Z7-HW.runs/system_v_frmbuf_wr_0_0_synth_1/prj/sol/.autopilot/db/v_frmbuf_wr.cpp:539]   --->   Operation 59 'select' 'remainPix_3' <Predicate = (VideoFormat_read == 28)> <Delay = 0.98> <CoreInst = "Sel">   --->   Core 73 'Sel' <Latency = 0> <II = 1> <Delay = 0.98> <FuncUnit> <Opcode : 'select'> <InPorts = 3> <OutPorts = 1>
ST_1 : Operation 60 [1/1] (1.67ns)   --->   "%sub118 = add i13 %trunc_ln534_1, i13 8191" [/home/sgdh/Zybo-Z7-HW/proj/Zybo-Z7-HW.runs/system_v_frmbuf_wr_0_0_synth_1/prj/sol/.autopilot/db/v_frmbuf_wr.cpp:534]   --->   Operation 60 'add' 'sub118' <Predicate = (VideoFormat_read == 28)> <Delay = 1.67> <CoreInst = "Adder">   --->   Core 1 'Adder' <Latency = 0> <II = 1> <Delay = 1.67> <FuncUnit> <Opcode : 'add' 'sub'> <InPorts = 2> <OutPorts = 1>
ST_1 : Operation 61 [1/1] (1.13ns)   --->   "%cmp121 = icmp_ne  i3 %remainPix_3, i3 0" [/home/sgdh/Zybo-Z7-HW/proj/Zybo-Z7-HW.runs/system_v_frmbuf_wr_0_0_synth_1/prj/sol/.autopilot/db/v_frmbuf_wr.cpp:539]   --->   Operation 61 'icmp' 'cmp121' <Predicate = (VideoFormat_read == 28)> <Delay = 1.13> <CoreInst = "Cmp">   --->   Core 9 'Cmp' <Latency = 0> <II = 1> <Delay = 1.13> <FuncUnit> <Opcode : 'icmp'> <InPorts = 2> <OutPorts = 1>
ST_1 : Operation 62 [1/1] (0.00ns)   --->   "%tmp_1 = partselect i2 @_ssdm_op_PartSelect.i2.i3.i32.i32, i3 %remainPix_3, i32 1, i32 2" [/home/sgdh/Zybo-Z7-HW/proj/Zybo-Z7-HW.runs/system_v_frmbuf_wr_0_0_synth_1/prj/sol/.autopilot/db/v_frmbuf_wr.cpp:539]   --->   Operation 62 'partselect' 'tmp_1' <Predicate = (VideoFormat_read == 28)> <Delay = 0.00>
ST_1 : Operation 63 [1/1] (0.95ns)   --->   "%icmp8 = icmp_ne  i2 %tmp_1, i2 0" [/home/sgdh/Zybo-Z7-HW/proj/Zybo-Z7-HW.runs/system_v_frmbuf_wr_0_0_synth_1/prj/sol/.autopilot/db/v_frmbuf_wr.cpp:539]   --->   Operation 63 'icmp' 'icmp8' <Predicate = (VideoFormat_read == 28)> <Delay = 0.95> <CoreInst = "Cmp">   --->   Core 9 'Cmp' <Latency = 0> <II = 1> <Delay = 0.95> <FuncUnit> <Opcode : 'icmp'> <InPorts = 2> <OutPorts = 1>
ST_1 : Operation 64 [1/1] (1.13ns)   --->   "%cmp121_2 = icmp_ugt  i3 %remainPix_3, i3 2" [/home/sgdh/Zybo-Z7-HW/proj/Zybo-Z7-HW.runs/system_v_frmbuf_wr_0_0_synth_1/prj/sol/.autopilot/db/v_frmbuf_wr.cpp:539]   --->   Operation 64 'icmp' 'cmp121_2' <Predicate = (VideoFormat_read == 28)> <Delay = 1.13> <CoreInst = "Cmp">   --->   Core 9 'Cmp' <Latency = 0> <II = 1> <Delay = 1.13> <FuncUnit> <Opcode : 'icmp'> <InPorts = 2> <OutPorts = 1>
ST_1 : Operation 65 [1/1] (1.58ns)   --->   "%store_ln546 = store i12 0, i12 %y_1" [/home/sgdh/Zybo-Z7-HW/proj/Zybo-Z7-HW.runs/system_v_frmbuf_wr_0_0_synth_1/prj/sol/.autopilot/db/v_frmbuf_wr.cpp:546]   --->   Operation 65 'store' 'store_ln546' <Predicate = (VideoFormat_read == 28)> <Delay = 1.58>
ST_1 : Operation 66 [1/1] (0.00ns)   --->   "%br_ln546 = br void %VITIS_LOOP_549_5" [/home/sgdh/Zybo-Z7-HW/proj/Zybo-Z7-HW.runs/system_v_frmbuf_wr_0_0_synth_1/prj/sol/.autopilot/db/v_frmbuf_wr.cpp:546]   --->   Operation 66 'br' 'br_ln546' <Predicate = (VideoFormat_read == 28)> <Delay = 0.00>
ST_1 : Operation 67 [1/1] (0.00ns)   --->   "%y = alloca i32 1"   --->   Operation 67 'alloca' 'y' <Predicate = (VideoFormat_read == 12)> <Delay = 0.00>
ST_1 : Operation 68 [1/1] (0.00ns)   --->   "%p_0_0_0_0_0266_383_lcssa97 = alloca i32 1"   --->   Operation 68 'alloca' 'p_0_0_0_0_0266_383_lcssa97' <Predicate = (VideoFormat_read == 12)> <Delay = 0.00>
ST_1 : Operation 69 [1/1] (0.00ns)   --->   "%p_0_1_0_0_0268_389_lcssa100 = alloca i32 1"   --->   Operation 69 'alloca' 'p_0_1_0_0_0268_389_lcssa100' <Predicate = (VideoFormat_read == 12)> <Delay = 0.00>
ST_1 : Operation 70 [1/1] (0.00ns)   --->   "%zext_ln496 = zext i15 %widthInPix" [/home/sgdh/Zybo-Z7-HW/proj/Zybo-Z7-HW.runs/system_v_frmbuf_wr_0_0_synth_1/prj/sol/.autopilot/db/v_frmbuf_wr.cpp:496]   --->   Operation 70 'zext' 'zext_ln496' <Predicate = (VideoFormat_read == 12)> <Delay = 0.00>
ST_1 : Operation 71 [1/1] (1.94ns)   --->   "%add_ln496 = add i16 %zext_ln496, i16 7" [/home/sgdh/Zybo-Z7-HW/proj/Zybo-Z7-HW.runs/system_v_frmbuf_wr_0_0_synth_1/prj/sol/.autopilot/db/v_frmbuf_wr.cpp:496]   --->   Operation 71 'add' 'add_ln496' <Predicate = (VideoFormat_read == 12)> <Delay = 1.94> <CoreInst = "Adder">   --->   Core 1 'Adder' <Latency = 0> <II = 1> <Delay = 1.94> <FuncUnit> <Opcode : 'add' 'sub'> <InPorts = 2> <OutPorts = 1>
ST_1 : Operation 72 [1/1] (0.00ns)   --->   "%trunc_ln496_1 = partselect i13 @_ssdm_op_PartSelect.i13.i16.i32.i32, i16 %add_ln496, i32 3, i32 15" [/home/sgdh/Zybo-Z7-HW/proj/Zybo-Z7-HW.runs/system_v_frmbuf_wr_0_0_synth_1/prj/sol/.autopilot/db/v_frmbuf_wr.cpp:496]   --->   Operation 72 'partselect' 'trunc_ln496_1' <Predicate = (VideoFormat_read == 12)> <Delay = 0.00>
ST_1 : Operation 73 [1/1] (0.00ns)   --->   "%remainPix = partselect i2 @_ssdm_op_PartSelect.i2.i15.i32.i32, i15 %widthInPix, i32 1, i32 2" [/home/sgdh/Zybo-Z7-HW/proj/Zybo-Z7-HW.runs/system_v_frmbuf_wr_0_0_synth_1/prj/sol/.autopilot/db/v_frmbuf_wr.cpp:498]   --->   Operation 73 'partselect' 'remainPix' <Predicate = (VideoFormat_read == 12)> <Delay = 0.00>
ST_1 : Operation 74 [1/1] (0.00ns)   --->   "%zext_ln499 = zext i2 %remainPix" [/home/sgdh/Zybo-Z7-HW/proj/Zybo-Z7-HW.runs/system_v_frmbuf_wr_0_0_synth_1/prj/sol/.autopilot/db/v_frmbuf_wr.cpp:499]   --->   Operation 74 'zext' 'zext_ln499' <Predicate = (VideoFormat_read == 12)> <Delay = 0.00>
ST_1 : Operation 75 [1/1] (0.95ns)   --->   "%icmp_ln501 = icmp_eq  i2 %remainPix, i2 0" [/home/sgdh/Zybo-Z7-HW/proj/Zybo-Z7-HW.runs/system_v_frmbuf_wr_0_0_synth_1/prj/sol/.autopilot/db/v_frmbuf_wr.cpp:501]   --->   Operation 75 'icmp' 'icmp_ln501' <Predicate = (VideoFormat_read == 12)> <Delay = 0.95> <CoreInst = "Cmp">   --->   Core 9 'Cmp' <Latency = 0> <II = 1> <Delay = 0.95> <FuncUnit> <Opcode : 'icmp'> <InPorts = 2> <OutPorts = 1>
ST_1 : Operation 76 [1/1] (0.98ns)   --->   "%remainPix_1 = select i1 %icmp_ln501, i3 4, i3 %zext_ln499" [/home/sgdh/Zybo-Z7-HW/proj/Zybo-Z7-HW.runs/system_v_frmbuf_wr_0_0_synth_1/prj/sol/.autopilot/db/v_frmbuf_wr.cpp:501]   --->   Operation 76 'select' 'remainPix_1' <Predicate = (VideoFormat_read == 12)> <Delay = 0.98> <CoreInst = "Sel">   --->   Core 73 'Sel' <Latency = 0> <II = 1> <Delay = 0.98> <FuncUnit> <Opcode : 'select'> <InPorts = 3> <OutPorts = 1>
ST_1 : Operation 77 [1/1] (1.67ns)   --->   "%sub40 = add i13 %trunc_ln496_1, i13 8191" [/home/sgdh/Zybo-Z7-HW/proj/Zybo-Z7-HW.runs/system_v_frmbuf_wr_0_0_synth_1/prj/sol/.autopilot/db/v_frmbuf_wr.cpp:496]   --->   Operation 77 'add' 'sub40' <Predicate = (VideoFormat_read == 12)> <Delay = 1.67> <CoreInst = "Adder">   --->   Core 1 'Adder' <Latency = 0> <II = 1> <Delay = 1.67> <FuncUnit> <Opcode : 'add' 'sub'> <InPorts = 2> <OutPorts = 1>
ST_1 : Operation 78 [1/1] (1.13ns)   --->   "%cmp43 = icmp_ne  i3 %remainPix_1, i3 0" [/home/sgdh/Zybo-Z7-HW/proj/Zybo-Z7-HW.runs/system_v_frmbuf_wr_0_0_synth_1/prj/sol/.autopilot/db/v_frmbuf_wr.cpp:501]   --->   Operation 78 'icmp' 'cmp43' <Predicate = (VideoFormat_read == 12)> <Delay = 1.13> <CoreInst = "Cmp">   --->   Core 9 'Cmp' <Latency = 0> <II = 1> <Delay = 1.13> <FuncUnit> <Opcode : 'icmp'> <InPorts = 2> <OutPorts = 1>
ST_1 : Operation 79 [1/1] (0.00ns)   --->   "%tmp = partselect i2 @_ssdm_op_PartSelect.i2.i3.i32.i32, i3 %remainPix_1, i32 1, i32 2" [/home/sgdh/Zybo-Z7-HW/proj/Zybo-Z7-HW.runs/system_v_frmbuf_wr_0_0_synth_1/prj/sol/.autopilot/db/v_frmbuf_wr.cpp:501]   --->   Operation 79 'partselect' 'tmp' <Predicate = (VideoFormat_read == 12)> <Delay = 0.00>
ST_1 : Operation 80 [1/1] (0.95ns)   --->   "%icmp = icmp_ne  i2 %tmp, i2 0" [/home/sgdh/Zybo-Z7-HW/proj/Zybo-Z7-HW.runs/system_v_frmbuf_wr_0_0_synth_1/prj/sol/.autopilot/db/v_frmbuf_wr.cpp:501]   --->   Operation 80 'icmp' 'icmp' <Predicate = (VideoFormat_read == 12)> <Delay = 0.95> <CoreInst = "Cmp">   --->   Core 9 'Cmp' <Latency = 0> <II = 1> <Delay = 0.95> <FuncUnit> <Opcode : 'icmp'> <InPorts = 2> <OutPorts = 1>
ST_1 : Operation 81 [1/1] (1.13ns)   --->   "%cmp43_2 = icmp_ugt  i3 %remainPix_1, i3 2" [/home/sgdh/Zybo-Z7-HW/proj/Zybo-Z7-HW.runs/system_v_frmbuf_wr_0_0_synth_1/prj/sol/.autopilot/db/v_frmbuf_wr.cpp:501]   --->   Operation 81 'icmp' 'cmp43_2' <Predicate = (VideoFormat_read == 12)> <Delay = 1.13> <CoreInst = "Cmp">   --->   Core 9 'Cmp' <Latency = 0> <II = 1> <Delay = 1.13> <FuncUnit> <Opcode : 'icmp'> <InPorts = 2> <OutPorts = 1>
ST_1 : Operation 82 [1/1] (1.58ns)   --->   "%store_ln508 = store i12 0, i12 %y" [/home/sgdh/Zybo-Z7-HW/proj/Zybo-Z7-HW.runs/system_v_frmbuf_wr_0_0_synth_1/prj/sol/.autopilot/db/v_frmbuf_wr.cpp:508]   --->   Operation 82 'store' 'store_ln508' <Predicate = (VideoFormat_read == 12)> <Delay = 1.58>
ST_1 : Operation 83 [1/1] (0.00ns)   --->   "%br_ln508 = br void %VITIS_LOOP_511_1" [/home/sgdh/Zybo-Z7-HW/proj/Zybo-Z7-HW.runs/system_v_frmbuf_wr_0_0_synth_1/prj/sol/.autopilot/db/v_frmbuf_wr.cpp:508]   --->   Operation 83 'br' 'br_ln508' <Predicate = (VideoFormat_read == 12)> <Delay = 0.00>
ST_1 : Operation 84 [1/1] (0.00ns)   --->   "%br_ln494 = br void %if.end362" [/home/sgdh/Zybo-Z7-HW/proj/Zybo-Z7-HW.runs/system_v_frmbuf_wr_0_0_synth_1/prj/sol/.autopilot/db/v_frmbuf_wr.cpp:494]   --->   Operation 84 'br' 'br_ln494' <Predicate = (VideoFormat_read == 16) | (VideoFormat_read == 15)> <Delay = 0.00>
ST_1 : Operation 85 [1/1] (0.00ns)   --->   "%br_ln415 = br void %if.end364" [/home/sgdh/Zybo-Z7-HW/proj/Zybo-Z7-HW.runs/system_v_frmbuf_wr_0_0_synth_1/prj/sol/.autopilot/db/v_frmbuf_wr.cpp:415]   --->   Operation 85 'br' 'br_ln415' <Predicate = (VideoFormat_read == 11) | (VideoFormat_read == 10)> <Delay = 0.00>

State 2 <SV = 1> <Delay = 3.57>
ST_2 : Operation 86 [1/1] (0.00ns)   --->   "%y_7 = load i12 %y_2" [/home/sgdh/Zybo-Z7-HW/proj/Zybo-Z7-HW.runs/system_v_frmbuf_wr_0_0_synth_1/prj/sol/.autopilot/db/v_frmbuf_wr.cpp:583]   --->   Operation 86 'load' 'y_7' <Predicate = (VideoFormat_read == 19) | (VideoFormat_read == 18)> <Delay = 0.00>
ST_2 : Operation 87 [1/1] (0.00ns)   --->   "%trunc_ln583 = trunc i12 %y_7" [/home/sgdh/Zybo-Z7-HW/proj/Zybo-Z7-HW.runs/system_v_frmbuf_wr_0_0_synth_1/prj/sol/.autopilot/db/v_frmbuf_wr.cpp:583]   --->   Operation 87 'trunc' 'trunc_ln583' <Predicate = (VideoFormat_read == 19) | (VideoFormat_read == 18)> <Delay = 0.00>
ST_2 : Operation 88 [1/1] (1.99ns)   --->   "%icmp_ln583 = icmp_eq  i12 %y_7, i12 %Height_read" [/home/sgdh/Zybo-Z7-HW/proj/Zybo-Z7-HW.runs/system_v_frmbuf_wr_0_0_synth_1/prj/sol/.autopilot/db/v_frmbuf_wr.cpp:583]   --->   Operation 88 'icmp' 'icmp_ln583' <Predicate = (VideoFormat_read == 19) | (VideoFormat_read == 18)> <Delay = 1.99> <CoreInst = "Cmp">   --->   Core 9 'Cmp' <Latency = 0> <II = 1> <Delay = 1.99> <FuncUnit> <Opcode : 'icmp'> <InPorts = 2> <OutPorts = 1>
ST_2 : Operation 89 [1/1] (1.54ns)   --->   "%y_8 = add i12 %y_7, i12 1" [/home/sgdh/Zybo-Z7-HW/proj/Zybo-Z7-HW.runs/system_v_frmbuf_wr_0_0_synth_1/prj/sol/.autopilot/db/v_frmbuf_wr.cpp:583]   --->   Operation 89 'add' 'y_8' <Predicate = (VideoFormat_read == 19) | (VideoFormat_read == 18)> <Delay = 1.54> <CoreInst = "Adder">   --->   Core 1 'Adder' <Latency = 0> <II = 1> <Delay = 1.54> <FuncUnit> <Opcode : 'add' 'sub'> <InPorts = 2> <OutPorts = 1>
ST_2 : Operation 90 [1/1] (0.00ns)   --->   "%br_ln583 = br i1 %icmp_ln583, void %VITIS_LOOP_586_8.split, void %if.end359.loopexit" [/home/sgdh/Zybo-Z7-HW/proj/Zybo-Z7-HW.runs/system_v_frmbuf_wr_0_0_synth_1/prj/sol/.autopilot/db/v_frmbuf_wr.cpp:583]   --->   Operation 90 'br' 'br_ln583' <Predicate = (VideoFormat_read == 19) | (VideoFormat_read == 18)> <Delay = 0.00>
ST_2 : Operation 91 [1/1] (0.00ns)   --->   "%p_0_0_0_0_0_7136_lcssa157_load = load i8 %p_0_0_0_0_0_7136_lcssa157"   --->   Operation 91 'load' 'p_0_0_0_0_0_7136_lcssa157_load' <Predicate = (VideoFormat_read == 19 & !icmp_ln583) | (VideoFormat_read == 18 & !icmp_ln583)> <Delay = 0.00>
ST_2 : Operation 92 [1/1] (0.00ns)   --->   "%p_0_1_0_0_0_7145_lcssa160_load = load i8 %p_0_1_0_0_0_7145_lcssa160"   --->   Operation 92 'load' 'p_0_1_0_0_0_7145_lcssa160_load' <Predicate = (VideoFormat_read == 19 & !icmp_ln583) | (VideoFormat_read == 18 & !icmp_ln583)> <Delay = 0.00>
ST_2 : Operation 93 [1/1] (0.00ns) (grouped into LUT with out node brmerge79)   --->   "%tobool_not = xor i1 %trunc_ln583, i1 1" [/home/sgdh/Zybo-Z7-HW/proj/Zybo-Z7-HW.runs/system_v_frmbuf_wr_0_0_synth_1/prj/sol/.autopilot/db/v_frmbuf_wr.cpp:583]   --->   Operation 93 'xor' 'tobool_not' <Predicate = (VideoFormat_read == 19 & !icmp_ln583) | (VideoFormat_read == 18 & !icmp_ln583)> <Delay = 0.00> <CoreInst = "LogicGate">   --->   Core 74 'LogicGate' <Latency = 0> <II = 1> <Delay = 0.97> <FuncUnit> <Opcode : 'and' 'or' 'xor'> <InPorts = 2> <OutPorts = 1>
ST_2 : Operation 94 [1/1] (0.97ns) (out node of the LUT)   --->   "%brmerge79 = or i1 %notlhs, i1 %tobool_not" [/home/sgdh/Zybo-Z7-HW/proj/Zybo-Z7-HW.runs/system_v_frmbuf_wr_0_0_synth_1/prj/sol/.autopilot/db/v_frmbuf_wr.cpp:583]   --->   Operation 94 'or' 'brmerge79' <Predicate = (VideoFormat_read == 19 & !icmp_ln583) | (VideoFormat_read == 18 & !icmp_ln583)> <Delay = 0.97> <CoreInst = "LogicGate">   --->   Core 74 'LogicGate' <Latency = 0> <II = 1> <Delay = 0.97> <FuncUnit> <Opcode : 'and' 'or' 'xor'> <InPorts = 2> <OutPorts = 1>
ST_2 : Operation 95 [1/1] (0.00ns)   --->   "%empty_109 = wait i32 @_ssdm_op_Wait"   --->   Operation 95 'wait' 'empty_109' <Predicate = (VideoFormat_read == 19 & !icmp_ln583) | (VideoFormat_read == 18 & !icmp_ln583)> <Delay = 0.00>
ST_2 : Operation 96 [1/1] (1.58ns)   --->   "%store_ln583 = store i12 %y_8, i12 %y_2" [/home/sgdh/Zybo-Z7-HW/proj/Zybo-Z7-HW.runs/system_v_frmbuf_wr_0_0_synth_1/prj/sol/.autopilot/db/v_frmbuf_wr.cpp:583]   --->   Operation 96 'store' 'store_ln583' <Predicate = (VideoFormat_read == 19 & !icmp_ln583) | (VideoFormat_read == 18 & !icmp_ln583)> <Delay = 1.58>
ST_2 : Operation 97 [1/1] (0.00ns)   --->   "%br_ln0 = br void %if.end359"   --->   Operation 97 'br' 'br_ln0' <Predicate = (VideoFormat_read == 19 & icmp_ln583) | (VideoFormat_read == 18 & icmp_ln583)> <Delay = 0.00>
ST_2 : Operation 98 [1/1] (0.00ns)   --->   "%y_5 = load i12 %y_1" [/home/sgdh/Zybo-Z7-HW/proj/Zybo-Z7-HW.runs/system_v_frmbuf_wr_0_0_synth_1/prj/sol/.autopilot/db/v_frmbuf_wr.cpp:546]   --->   Operation 98 'load' 'y_5' <Predicate = (VideoFormat_read == 28)> <Delay = 0.00>
ST_2 : Operation 99 [1/1] (1.99ns)   --->   "%icmp_ln546 = icmp_eq  i12 %y_5, i12 %Height_read" [/home/sgdh/Zybo-Z7-HW/proj/Zybo-Z7-HW.runs/system_v_frmbuf_wr_0_0_synth_1/prj/sol/.autopilot/db/v_frmbuf_wr.cpp:546]   --->   Operation 99 'icmp' 'icmp_ln546' <Predicate = (VideoFormat_read == 28)> <Delay = 1.99> <CoreInst = "Cmp">   --->   Core 9 'Cmp' <Latency = 0> <II = 1> <Delay = 1.99> <FuncUnit> <Opcode : 'icmp'> <InPorts = 2> <OutPorts = 1>
ST_2 : Operation 100 [1/1] (1.54ns)   --->   "%y_6 = add i12 %y_5, i12 1" [/home/sgdh/Zybo-Z7-HW/proj/Zybo-Z7-HW.runs/system_v_frmbuf_wr_0_0_synth_1/prj/sol/.autopilot/db/v_frmbuf_wr.cpp:546]   --->   Operation 100 'add' 'y_6' <Predicate = (VideoFormat_read == 28)> <Delay = 1.54> <CoreInst = "Adder">   --->   Core 1 'Adder' <Latency = 0> <II = 1> <Delay = 1.54> <FuncUnit> <Opcode : 'add' 'sub'> <InPorts = 2> <OutPorts = 1>
ST_2 : Operation 101 [1/1] (0.00ns)   --->   "%br_ln546 = br i1 %icmp_ln546, void %VITIS_LOOP_549_5.split, void %if.end360.loopexit" [/home/sgdh/Zybo-Z7-HW/proj/Zybo-Z7-HW.runs/system_v_frmbuf_wr_0_0_synth_1/prj/sol/.autopilot/db/v_frmbuf_wr.cpp:546]   --->   Operation 101 'br' 'br_ln546' <Predicate = (VideoFormat_read == 28)> <Delay = 0.00>
ST_2 : Operation 102 [1/1] (0.00ns)   --->   "%p_0_0_0_0_0258_3108_lcssa121_load = load i8 %p_0_0_0_0_0258_3108_lcssa121"   --->   Operation 102 'load' 'p_0_0_0_0_0258_3108_lcssa121_load' <Predicate = (VideoFormat_read == 28 & !icmp_ln546)> <Delay = 0.00>
ST_2 : Operation 103 [1/1] (0.00ns)   --->   "%p_0_1_0_0_0260_3112_lcssa124_load = load i8 %p_0_1_0_0_0260_3112_lcssa124"   --->   Operation 103 'load' 'p_0_1_0_0_0260_3112_lcssa124_load' <Predicate = (VideoFormat_read == 28 & !icmp_ln546)> <Delay = 0.00>
ST_2 : Operation 104 [1/1] (0.00ns)   --->   "%empty_108 = wait i32 @_ssdm_op_Wait"   --->   Operation 104 'wait' 'empty_108' <Predicate = (VideoFormat_read == 28 & !icmp_ln546)> <Delay = 0.00>
ST_2 : Operation 105 [1/1] (1.58ns)   --->   "%store_ln546 = store i12 %y_6, i12 %y_1" [/home/sgdh/Zybo-Z7-HW/proj/Zybo-Z7-HW.runs/system_v_frmbuf_wr_0_0_synth_1/prj/sol/.autopilot/db/v_frmbuf_wr.cpp:546]   --->   Operation 105 'store' 'store_ln546' <Predicate = (VideoFormat_read == 28 & !icmp_ln546)> <Delay = 1.58>
ST_2 : Operation 106 [1/1] (0.00ns)   --->   "%br_ln0 = br void %if.end360"   --->   Operation 106 'br' 'br_ln0' <Predicate = (VideoFormat_read == 28 & icmp_ln546)> <Delay = 0.00>
ST_2 : Operation 107 [1/1] (0.00ns)   --->   "%y_3 = load i12 %y" [/home/sgdh/Zybo-Z7-HW/proj/Zybo-Z7-HW.runs/system_v_frmbuf_wr_0_0_synth_1/prj/sol/.autopilot/db/v_frmbuf_wr.cpp:508]   --->   Operation 107 'load' 'y_3' <Predicate = (VideoFormat_read == 12)> <Delay = 0.00>
ST_2 : Operation 108 [1/1] (1.99ns)   --->   "%icmp_ln508 = icmp_eq  i12 %y_3, i12 %Height_read" [/home/sgdh/Zybo-Z7-HW/proj/Zybo-Z7-HW.runs/system_v_frmbuf_wr_0_0_synth_1/prj/sol/.autopilot/db/v_frmbuf_wr.cpp:508]   --->   Operation 108 'icmp' 'icmp_ln508' <Predicate = (VideoFormat_read == 12)> <Delay = 1.99> <CoreInst = "Cmp">   --->   Core 9 'Cmp' <Latency = 0> <II = 1> <Delay = 1.99> <FuncUnit> <Opcode : 'icmp'> <InPorts = 2> <OutPorts = 1>
ST_2 : Operation 109 [1/1] (1.54ns)   --->   "%y_4 = add i12 %y_3, i12 1" [/home/sgdh/Zybo-Z7-HW/proj/Zybo-Z7-HW.runs/system_v_frmbuf_wr_0_0_synth_1/prj/sol/.autopilot/db/v_frmbuf_wr.cpp:508]   --->   Operation 109 'add' 'y_4' <Predicate = (VideoFormat_read == 12)> <Delay = 1.54> <CoreInst = "Adder">   --->   Core 1 'Adder' <Latency = 0> <II = 1> <Delay = 1.54> <FuncUnit> <Opcode : 'add' 'sub'> <InPorts = 2> <OutPorts = 1>
ST_2 : Operation 110 [1/1] (0.00ns)   --->   "%br_ln508 = br i1 %icmp_ln508, void %VITIS_LOOP_511_1.split, void %if.end361.loopexit" [/home/sgdh/Zybo-Z7-HW/proj/Zybo-Z7-HW.runs/system_v_frmbuf_wr_0_0_synth_1/prj/sol/.autopilot/db/v_frmbuf_wr.cpp:508]   --->   Operation 110 'br' 'br_ln508' <Predicate = (VideoFormat_read == 12)> <Delay = 0.00>
ST_2 : Operation 111 [1/1] (0.00ns)   --->   "%p_0_0_0_0_0266_383_lcssa97_load = load i8 %p_0_0_0_0_0266_383_lcssa97"   --->   Operation 111 'load' 'p_0_0_0_0_0266_383_lcssa97_load' <Predicate = (VideoFormat_read == 12 & !icmp_ln508)> <Delay = 0.00>
ST_2 : Operation 112 [1/1] (0.00ns)   --->   "%p_0_1_0_0_0268_389_lcssa100_load = load i8 %p_0_1_0_0_0268_389_lcssa100"   --->   Operation 112 'load' 'p_0_1_0_0_0268_389_lcssa100_load' <Predicate = (VideoFormat_read == 12 & !icmp_ln508)> <Delay = 0.00>
ST_2 : Operation 113 [1/1] (0.00ns)   --->   "%empty = wait i32 @_ssdm_op_Wait"   --->   Operation 113 'wait' 'empty' <Predicate = (VideoFormat_read == 12 & !icmp_ln508)> <Delay = 0.00>
ST_2 : Operation 114 [1/1] (1.58ns)   --->   "%store_ln508 = store i12 %y_4, i12 %y" [/home/sgdh/Zybo-Z7-HW/proj/Zybo-Z7-HW.runs/system_v_frmbuf_wr_0_0_synth_1/prj/sol/.autopilot/db/v_frmbuf_wr.cpp:508]   --->   Operation 114 'store' 'store_ln508' <Predicate = (VideoFormat_read == 12 & !icmp_ln508)> <Delay = 1.58>
ST_2 : Operation 115 [1/1] (0.00ns)   --->   "%br_ln0 = br void %if.end361"   --->   Operation 115 'br' 'br_ln0' <Predicate = (VideoFormat_read == 12 & icmp_ln508)> <Delay = 0.00>
ST_2 : Operation 116 [1/1] (0.00ns)   --->   "%br_ln0 = br void %if.end360"   --->   Operation 116 'br' 'br_ln0' <Predicate = (VideoFormat_read != 43 & VideoFormat_read != 42 & VideoFormat_read != 10 & VideoFormat_read != 11 & VideoFormat_read != 27 & VideoFormat_read != 15 & VideoFormat_read != 16 & VideoFormat_read != 12 & VideoFormat_read != 28 & icmp_ln583) | (VideoFormat_read != 43 & VideoFormat_read != 42 & VideoFormat_read != 10 & VideoFormat_read != 11 & VideoFormat_read != 27 & VideoFormat_read != 15 & VideoFormat_read != 16 & VideoFormat_read != 12 & VideoFormat_read != 28 & VideoFormat_read != 18 & VideoFormat_read != 19)> <Delay = 0.00>
ST_2 : Operation 117 [1/1] (0.00ns)   --->   "%br_ln0 = br void %if.end361"   --->   Operation 117 'br' 'br_ln0' <Predicate = (VideoFormat_read != 43 & VideoFormat_read != 42 & VideoFormat_read != 10 & VideoFormat_read != 11 & VideoFormat_read != 27 & VideoFormat_read != 15 & VideoFormat_read != 16 & VideoFormat_read != 12 & VideoFormat_read != 28 & icmp_ln583) | (VideoFormat_read != 43 & VideoFormat_read != 42 & VideoFormat_read != 10 & VideoFormat_read != 11 & VideoFormat_read != 27 & VideoFormat_read != 15 & VideoFormat_read != 16 & VideoFormat_read != 12 & VideoFormat_read != 28 & VideoFormat_read != 18 & VideoFormat_read != 19) | (VideoFormat_read != 43 & VideoFormat_read != 42 & VideoFormat_read != 10 & VideoFormat_read != 11 & VideoFormat_read != 27 & VideoFormat_read != 15 & VideoFormat_read != 16 & VideoFormat_read != 12 & VideoFormat_read == 28 & icmp_ln546)> <Delay = 0.00>
ST_2 : Operation 118 [1/1] (0.00ns)   --->   "%br_ln0 = br void %if.end362"   --->   Operation 118 'br' 'br_ln0' <Predicate = (VideoFormat_read != 43 & VideoFormat_read != 42 & VideoFormat_read != 10 & VideoFormat_read != 11 & VideoFormat_read != 27 & VideoFormat_read != 15 & VideoFormat_read != 16 & VideoFormat_read != 12 & VideoFormat_read != 28 & icmp_ln583) | (VideoFormat_read != 43 & VideoFormat_read != 42 & VideoFormat_read != 10 & VideoFormat_read != 11 & VideoFormat_read != 27 & VideoFormat_read != 15 & VideoFormat_read != 16 & VideoFormat_read != 12 & VideoFormat_read != 28 & VideoFormat_read != 18 & VideoFormat_read != 19) | (VideoFormat_read != 43 & VideoFormat_read != 42 & VideoFormat_read != 10 & VideoFormat_read != 11 & VideoFormat_read != 27 & VideoFormat_read != 15 & VideoFormat_read != 16 & VideoFormat_read != 12 & VideoFormat_read == 28 & icmp_ln546) | (VideoFormat_read != 43 & VideoFormat_read != 42 & VideoFormat_read != 10 & VideoFormat_read != 11 & VideoFormat_read != 27 & VideoFormat_read != 15 & VideoFormat_read != 16 & VideoFormat_read == 12 & icmp_ln508)> <Delay = 0.00>
ST_2 : Operation 119 [1/1] (0.00ns)   --->   "%br_ln0 = br void %if.end363"   --->   Operation 119 'br' 'br_ln0' <Predicate = (VideoFormat_read != 43 & VideoFormat_read != 42 & VideoFormat_read != 10 & VideoFormat_read != 11 & VideoFormat_read != 27 & VideoFormat_read != 12 & VideoFormat_read != 28 & icmp_ln583) | (VideoFormat_read != 43 & VideoFormat_read != 42 & VideoFormat_read != 10 & VideoFormat_read != 11 & VideoFormat_read != 27 & VideoFormat_read != 12 & VideoFormat_read != 28 & VideoFormat_read != 18 & VideoFormat_read != 19) | (VideoFormat_read != 43 & VideoFormat_read != 42 & VideoFormat_read != 10 & VideoFormat_read != 11 & VideoFormat_read != 27 & VideoFormat_read != 12 & VideoFormat_read == 28 & icmp_ln546) | (VideoFormat_read != 43 & VideoFormat_read != 42 & VideoFormat_read != 10 & VideoFormat_read != 11 & VideoFormat_read != 27 & VideoFormat_read == 12 & icmp_ln508) | (VideoFormat_read != 43 & VideoFormat_read != 42 & VideoFormat_read != 10 & VideoFormat_read != 11 & VideoFormat_read != 27 & VideoFormat_read == 16) | (VideoFormat_read != 43 & VideoFormat_read != 42 & VideoFormat_read != 10 & VideoFormat_read != 11 & VideoFormat_read != 27 & VideoFormat_read == 15)> <Delay = 0.00>
ST_2 : Operation 120 [1/1] (0.00ns)   --->   "%br_ln0 = br void %if.end364"   --->   Operation 120 'br' 'br_ln0' <Predicate = (VideoFormat_read != 43 & VideoFormat_read != 42 & VideoFormat_read != 10 & VideoFormat_read != 11 & VideoFormat_read != 12 & VideoFormat_read != 28 & icmp_ln583) | (VideoFormat_read != 43 & VideoFormat_read != 42 & VideoFormat_read != 10 & VideoFormat_read != 11 & VideoFormat_read != 12 & VideoFormat_read != 28 & VideoFormat_read != 18 & VideoFormat_read != 19) | (VideoFormat_read != 43 & VideoFormat_read != 42 & VideoFormat_read != 10 & VideoFormat_read != 11 & VideoFormat_read != 12 & VideoFormat_read == 28 & icmp_ln546) | (VideoFormat_read != 43 & VideoFormat_read != 42 & VideoFormat_read != 10 & VideoFormat_read != 11 & VideoFormat_read == 12 & icmp_ln508) | (VideoFormat_read != 43 & VideoFormat_read != 42 & VideoFormat_read != 10 & VideoFormat_read != 11 & VideoFormat_read == 16) | (VideoFormat_read != 43 & VideoFormat_read != 42 & VideoFormat_read != 10 & VideoFormat_read != 11 & VideoFormat_read == 15) | (VideoFormat_read != 43 & VideoFormat_read != 42 & VideoFormat_read != 10 & VideoFormat_read != 11 & VideoFormat_read == 27)> <Delay = 0.00>
ST_2 : Operation 121 [1/1] (0.00ns)   --->   "%br_ln0 = br void %if.end365"   --->   Operation 121 'br' 'br_ln0' <Predicate = (VideoFormat_read != 43 & VideoFormat_read != 42 & VideoFormat_read != 12 & VideoFormat_read != 28 & icmp_ln583) | (VideoFormat_read != 43 & VideoFormat_read != 42 & VideoFormat_read != 12 & VideoFormat_read != 28 & VideoFormat_read != 18 & VideoFormat_read != 19) | (VideoFormat_read != 43 & VideoFormat_read != 42 & VideoFormat_read != 12 & VideoFormat_read == 28 & icmp_ln546) | (VideoFormat_read != 43 & VideoFormat_read != 42 & VideoFormat_read == 12 & icmp_ln508) | (VideoFormat_read != 43 & VideoFormat_read != 42 & VideoFormat_read == 16) | (VideoFormat_read != 43 & VideoFormat_read != 42 & VideoFormat_read == 15) | (VideoFormat_read != 43 & VideoFormat_read != 42 & VideoFormat_read == 27) | (VideoFormat_read != 43 & VideoFormat_read != 42 & VideoFormat_read == 11) | (VideoFormat_read != 43 & VideoFormat_read != 42 & VideoFormat_read == 10)> <Delay = 0.00>
ST_2 : Operation 122 [1/1] (0.00ns)   --->   "%br_ln0 = br void %if.end366"   --->   Operation 122 'br' 'br_ln0' <Predicate = (VideoFormat_read != 43 & VideoFormat_read != 12 & VideoFormat_read != 28 & icmp_ln583) | (VideoFormat_read != 43 & VideoFormat_read != 12 & VideoFormat_read != 28 & VideoFormat_read != 18 & VideoFormat_read != 19) | (VideoFormat_read != 43 & VideoFormat_read != 12 & VideoFormat_read == 28 & icmp_ln546) | (VideoFormat_read != 43 & VideoFormat_read == 12 & icmp_ln508) | (VideoFormat_read != 43 & VideoFormat_read == 16) | (VideoFormat_read != 43 & VideoFormat_read == 15) | (VideoFormat_read != 43 & VideoFormat_read == 27) | (VideoFormat_read != 43 & VideoFormat_read == 11) | (VideoFormat_read != 43 & VideoFormat_read == 10) | (VideoFormat_read != 43 & VideoFormat_read == 42)> <Delay = 0.00>
ST_2 : Operation 123 [1/1] (0.00ns)   --->   "%ret_ln1056 = ret" [/home/sgdh/Zybo-Z7-HW/proj/Zybo-Z7-HW.runs/system_v_frmbuf_wr_0_0_synth_1/prj/sol/.autopilot/db/v_frmbuf_wr.cpp:1056]   --->   Operation 123 'ret' 'ret_ln1056' <Predicate = (VideoFormat_read == 19 & icmp_ln583) | (VideoFormat_read == 18 & icmp_ln583) | (VideoFormat_read != 28 & VideoFormat_read != 18 & VideoFormat_read != 19 & icmp_ln508) | (VideoFormat_read == 28 & icmp_ln546) | (VideoFormat_read != 12 & VideoFormat_read != 28 & VideoFormat_read != 18 & VideoFormat_read != 19)> <Delay = 0.00>

State 3 <SV = 2> <Delay = 3.68>
ST_3 : Operation 124 [2/2] (3.68ns)   --->   "%call_ln571 = call void @MultiPixStream2Bytes_Pipeline_VITIS_LOOP_586_8, i8 %p_0_1_0_0_0_7145_lcssa160_load, i8 %p_0_0_0_0_0_7136_lcssa157_load, i13 %trunc_ln571_1, i64 %bytePlanes_plane12, i64 %bytePlanes_plane01, i1 %brmerge79, i1 %icmp_ln576, i1 %cmp212_6, i1 %cmp212_5, i1 %cmp212_4, i1 %icmp14, i1 %cmp212_2, i1 %icmp11, i13 %sub209, i1 %cmp212, i24 %img, i8 %p_0_1_0_0_0_7145_lcssa160, i8 %p_0_0_0_0_0_7136_lcssa157" [/home/sgdh/Zybo-Z7-HW/proj/Zybo-Z7-HW.runs/system_v_frmbuf_wr_0_0_synth_1/prj/sol/.autopilot/db/v_frmbuf_wr.cpp:571]   --->   Operation 124 'call' 'call_ln571' <Predicate = true> <Delay = 3.68> <CoreType = "Generic">   --->   Core 0 '' <Latency = 0> <II = 1> <Delay = 1.00> <Generic> <Opcode : >

State 4 <SV = 3> <Delay = 0.00>
ST_4 : Operation 125 [1/1] (0.00ns)   --->   "%speclooptripcount_ln584 = speclooptripcount void @_ssdm_op_SpecLoopTripCount, i64 0, i64 4320, i64 2160" [/home/sgdh/Zybo-Z7-HW/proj/Zybo-Z7-HW.runs/system_v_frmbuf_wr_0_0_synth_1/prj/sol/.autopilot/db/v_frmbuf_wr.cpp:584]   --->   Operation 125 'speclooptripcount' 'speclooptripcount_ln584' <Predicate = true> <Delay = 0.00>
ST_4 : Operation 126 [1/1] (0.00ns)   --->   "%specloopname_ln583 = specloopname void @_ssdm_op_SpecLoopName, void @empty_6" [/home/sgdh/Zybo-Z7-HW/proj/Zybo-Z7-HW.runs/system_v_frmbuf_wr_0_0_synth_1/prj/sol/.autopilot/db/v_frmbuf_wr.cpp:583]   --->   Operation 126 'specloopname' 'specloopname_ln583' <Predicate = true> <Delay = 0.00>
ST_4 : Operation 127 [1/2] (0.00ns)   --->   "%call_ln571 = call void @MultiPixStream2Bytes_Pipeline_VITIS_LOOP_586_8, i8 %p_0_1_0_0_0_7145_lcssa160_load, i8 %p_0_0_0_0_0_7136_lcssa157_load, i13 %trunc_ln571_1, i64 %bytePlanes_plane12, i64 %bytePlanes_plane01, i1 %brmerge79, i1 %icmp_ln576, i1 %cmp212_6, i1 %cmp212_5, i1 %cmp212_4, i1 %icmp14, i1 %cmp212_2, i1 %icmp11, i13 %sub209, i1 %cmp212, i24 %img, i8 %p_0_1_0_0_0_7145_lcssa160, i8 %p_0_0_0_0_0_7136_lcssa157" [/home/sgdh/Zybo-Z7-HW/proj/Zybo-Z7-HW.runs/system_v_frmbuf_wr_0_0_synth_1/prj/sol/.autopilot/db/v_frmbuf_wr.cpp:571]   --->   Operation 127 'call' 'call_ln571' <Predicate = true> <Delay = 0.00> <CoreType = "Generic">   --->   Core 0 '' <Latency = 0> <II = 1> <Delay = 1.00> <Generic> <Opcode : >
ST_4 : Operation 128 [1/1] (0.00ns)   --->   "%br_ln583 = br void %VITIS_LOOP_586_8" [/home/sgdh/Zybo-Z7-HW/proj/Zybo-Z7-HW.runs/system_v_frmbuf_wr_0_0_synth_1/prj/sol/.autopilot/db/v_frmbuf_wr.cpp:583]   --->   Operation 128 'br' 'br_ln583' <Predicate = true> <Delay = 0.00>

State 5 <SV = 2> <Delay = 3.68>
ST_5 : Operation 129 [2/2] (3.68ns)   --->   "%call_ln534 = call void @MultiPixStream2Bytes_Pipeline_VITIS_LOOP_549_5, i8 %p_0_1_0_0_0260_3112_lcssa124_load, i8 %p_0_0_0_0_0258_3108_lcssa121_load, i13 %trunc_ln534_1, i64 %bytePlanes_plane01, i1 %icmp_ln539, i1 %cmp121_2, i1 %icmp8, i13 %sub118, i1 %cmp121, i24 %img, i8 %p_0_1_0_0_0260_3112_lcssa124, i8 %p_0_0_0_0_0258_3108_lcssa121" [/home/sgdh/Zybo-Z7-HW/proj/Zybo-Z7-HW.runs/system_v_frmbuf_wr_0_0_synth_1/prj/sol/.autopilot/db/v_frmbuf_wr.cpp:534]   --->   Operation 129 'call' 'call_ln534' <Predicate = true> <Delay = 3.68> <CoreType = "Generic">   --->   Core 0 '' <Latency = 0> <II = 1> <Delay = 1.00> <Generic> <Opcode : >

State 6 <SV = 3> <Delay = 0.00>
ST_6 : Operation 130 [1/1] (0.00ns)   --->   "%speclooptripcount_ln547 = speclooptripcount void @_ssdm_op_SpecLoopTripCount, i64 0, i64 4320, i64 2160" [/home/sgdh/Zybo-Z7-HW/proj/Zybo-Z7-HW.runs/system_v_frmbuf_wr_0_0_synth_1/prj/sol/.autopilot/db/v_frmbuf_wr.cpp:547]   --->   Operation 130 'speclooptripcount' 'speclooptripcount_ln547' <Predicate = true> <Delay = 0.00>
ST_6 : Operation 131 [1/1] (0.00ns)   --->   "%specloopname_ln546 = specloopname void @_ssdm_op_SpecLoopName, void @empty_17" [/home/sgdh/Zybo-Z7-HW/proj/Zybo-Z7-HW.runs/system_v_frmbuf_wr_0_0_synth_1/prj/sol/.autopilot/db/v_frmbuf_wr.cpp:546]   --->   Operation 131 'specloopname' 'specloopname_ln546' <Predicate = true> <Delay = 0.00>
ST_6 : Operation 132 [1/2] (0.00ns)   --->   "%call_ln534 = call void @MultiPixStream2Bytes_Pipeline_VITIS_LOOP_549_5, i8 %p_0_1_0_0_0260_3112_lcssa124_load, i8 %p_0_0_0_0_0258_3108_lcssa121_load, i13 %trunc_ln534_1, i64 %bytePlanes_plane01, i1 %icmp_ln539, i1 %cmp121_2, i1 %icmp8, i13 %sub118, i1 %cmp121, i24 %img, i8 %p_0_1_0_0_0260_3112_lcssa124, i8 %p_0_0_0_0_0258_3108_lcssa121" [/home/sgdh/Zybo-Z7-HW/proj/Zybo-Z7-HW.runs/system_v_frmbuf_wr_0_0_synth_1/prj/sol/.autopilot/db/v_frmbuf_wr.cpp:534]   --->   Operation 132 'call' 'call_ln534' <Predicate = true> <Delay = 0.00> <CoreType = "Generic">   --->   Core 0 '' <Latency = 0> <II = 1> <Delay = 1.00> <Generic> <Opcode : >
ST_6 : Operation 133 [1/1] (0.00ns)   --->   "%br_ln546 = br void %VITIS_LOOP_549_5" [/home/sgdh/Zybo-Z7-HW/proj/Zybo-Z7-HW.runs/system_v_frmbuf_wr_0_0_synth_1/prj/sol/.autopilot/db/v_frmbuf_wr.cpp:546]   --->   Operation 133 'br' 'br_ln546' <Predicate = true> <Delay = 0.00>

State 7 <SV = 2> <Delay = 3.68>
ST_7 : Operation 134 [2/2] (3.68ns)   --->   "%call_ln496 = call void @MultiPixStream2Bytes_Pipeline_VITIS_LOOP_511_1, i8 %p_0_1_0_0_0268_389_lcssa100_load, i8 %p_0_0_0_0_0266_383_lcssa97_load, i13 %trunc_ln496_1, i64 %bytePlanes_plane01, i1 %icmp_ln501, i1 %cmp43_2, i1 %icmp, i13 %sub40, i1 %cmp43, i24 %img, i8 %p_0_1_0_0_0268_389_lcssa100, i8 %p_0_0_0_0_0266_383_lcssa97" [/home/sgdh/Zybo-Z7-HW/proj/Zybo-Z7-HW.runs/system_v_frmbuf_wr_0_0_synth_1/prj/sol/.autopilot/db/v_frmbuf_wr.cpp:496]   --->   Operation 134 'call' 'call_ln496' <Predicate = true> <Delay = 3.68> <CoreType = "Generic">   --->   Core 0 '' <Latency = 0> <II = 1> <Delay = 1.00> <Generic> <Opcode : >

State 8 <SV = 3> <Delay = 0.00>
ST_8 : Operation 135 [1/1] (0.00ns)   --->   "%speclooptripcount_ln509 = speclooptripcount void @_ssdm_op_SpecLoopTripCount, i64 0, i64 4320, i64 2160" [/home/sgdh/Zybo-Z7-HW/proj/Zybo-Z7-HW.runs/system_v_frmbuf_wr_0_0_synth_1/prj/sol/.autopilot/db/v_frmbuf_wr.cpp:509]   --->   Operation 135 'speclooptripcount' 'speclooptripcount_ln509' <Predicate = true> <Delay = 0.00>
ST_8 : Operation 136 [1/1] (0.00ns)   --->   "%specloopname_ln508 = specloopname void @_ssdm_op_SpecLoopName, void @empty_19" [/home/sgdh/Zybo-Z7-HW/proj/Zybo-Z7-HW.runs/system_v_frmbuf_wr_0_0_synth_1/prj/sol/.autopilot/db/v_frmbuf_wr.cpp:508]   --->   Operation 136 'specloopname' 'specloopname_ln508' <Predicate = true> <Delay = 0.00>
ST_8 : Operation 137 [1/2] (0.00ns)   --->   "%call_ln496 = call void @MultiPixStream2Bytes_Pipeline_VITIS_LOOP_511_1, i8 %p_0_1_0_0_0268_389_lcssa100_load, i8 %p_0_0_0_0_0266_383_lcssa97_load, i13 %trunc_ln496_1, i64 %bytePlanes_plane01, i1 %icmp_ln501, i1 %cmp43_2, i1 %icmp, i13 %sub40, i1 %cmp43, i24 %img, i8 %p_0_1_0_0_0268_389_lcssa100, i8 %p_0_0_0_0_0266_383_lcssa97" [/home/sgdh/Zybo-Z7-HW/proj/Zybo-Z7-HW.runs/system_v_frmbuf_wr_0_0_synth_1/prj/sol/.autopilot/db/v_frmbuf_wr.cpp:496]   --->   Operation 137 'call' 'call_ln496' <Predicate = true> <Delay = 0.00> <CoreType = "Generic">   --->   Core 0 '' <Latency = 0> <II = 1> <Delay = 1.00> <Generic> <Opcode : >
ST_8 : Operation 138 [1/1] (0.00ns)   --->   "%br_ln508 = br void %VITIS_LOOP_511_1" [/home/sgdh/Zybo-Z7-HW/proj/Zybo-Z7-HW.runs/system_v_frmbuf_wr_0_0_synth_1/prj/sol/.autopilot/db/v_frmbuf_wr.cpp:508]   --->   Operation 138 'br' 'br_ln508' <Predicate = true> <Delay = 0.00>


============================================================
+ Verbose Summary: Timing violations
============================================================
Target clock period: 10ns, clock uncertainty: 2.7ns.

 <State 1>: 7.27ns
The critical path consists of the following:
	fifo read operation ('VideoFormat_read') on port 'VideoFormat' [11]  (3.63 ns)
	fifo write operation ('write_ln0') on port 'video_format_c' [13]  (3.63 ns)

 <State 2>: 3.58ns
The critical path consists of the following:
	'load' operation ('y', /home/sgdh/Zybo-Z7-HW/proj/Zybo-Z7-HW.runs/system_v_frmbuf_wr_0_0_synth_1/prj/sol/.autopilot/db/v_frmbuf_wr.cpp:546) on local variable 'y' [90]  (0 ns)
	'add' operation ('y', /home/sgdh/Zybo-Z7-HW/proj/Zybo-Z7-HW.runs/system_v_frmbuf_wr_0_0_synth_1/prj/sol/.autopilot/db/v_frmbuf_wr.cpp:546) [92]  (1.55 ns)
	'store' operation ('store_ln546', /home/sgdh/Zybo-Z7-HW/proj/Zybo-Z7-HW.runs/system_v_frmbuf_wr_0_0_synth_1/prj/sol/.autopilot/db/v_frmbuf_wr.cpp:546) of variable 'y', /home/sgdh/Zybo-Z7-HW/proj/Zybo-Z7-HW.runs/system_v_frmbuf_wr_0_0_synth_1/prj/sol/.autopilot/db/v_frmbuf_wr.cpp:546 on local variable 'y' [101]  (1.59 ns)
	blocking operation 0.443 ns on control path)

 <State 3>: 3.69ns
The critical path consists of the following:
	'call' operation ('call_ln571', /home/sgdh/Zybo-Z7-HW/proj/Zybo-Z7-HW.runs/system_v_frmbuf_wr_0_0_synth_1/prj/sol/.autopilot/db/v_frmbuf_wr.cpp:571) to 'MultiPixStream2Bytes_Pipeline_VITIS_LOOP_586_8' [66]  (3.69 ns)

 <State 4>: 0ns
The critical path consists of the following:

 <State 5>: 3.69ns
The critical path consists of the following:
	'call' operation ('call_ln534', /home/sgdh/Zybo-Z7-HW/proj/Zybo-Z7-HW.runs/system_v_frmbuf_wr_0_0_synth_1/prj/sol/.autopilot/db/v_frmbuf_wr.cpp:534) to 'MultiPixStream2Bytes_Pipeline_VITIS_LOOP_549_5' [100]  (3.69 ns)

 <State 6>: 0ns
The critical path consists of the following:

 <State 7>: 3.69ns
The critical path consists of the following:
	'call' operation ('call_ln496', /home/sgdh/Zybo-Z7-HW/proj/Zybo-Z7-HW.runs/system_v_frmbuf_wr_0_0_synth_1/prj/sol/.autopilot/db/v_frmbuf_wr.cpp:496) to 'MultiPixStream2Bytes_Pipeline_VITIS_LOOP_511_1' [134]  (3.69 ns)

 <State 8>: 0ns
The critical path consists of the following:


============================================================
+ Verbose Summary: Binding
============================================================
N/A
* FSMD analyzer results:
  - Output states:
 - Input state : 
  - Chain level:
	State 1
	State 2
	State 3
	State 4
	State 5
	State 6
	State 7
	State 8


============================================================
+ Verbose Summary: Datapath Resource usage 
============================================================
N/A
