

================================================================
== Vitis HLS Report for 'MultiPixStream2Bytes_Pipeline_VITIS_LOOP_511_1'
================================================================
* Date:           Mon Jan 15 06:27:30 2024

* Version:        2022.1.2 (Build 3605665 on Fri Aug  5 22:52:02 MDT 2022)
* Project:        prj
* Solution:       sol (Vivado IP Flow Target)
* Product family: zynq
* Target device:  xc7z020-clg400-1


================================================================
== Performance Estimates
================================================================
+ Timing: 
    * Summary: 
    +--------+----------+----------+------------+
    |  Clock |  Target  | Estimated| Uncertainty|
    +--------+----------+----------+------------+
    |ap_clk  |  10.00 ns|  5.238 ns|     2.70 ns|
    +--------+----------+----------+------------+

+ Latency: 
    * Summary: 
    +---------+---------+-----------+----------+-----+-------+---------+
    |  Latency (cycles) |  Latency (absolute)  |   Interval  | Pipeline|
    |   min   |   max   |    min    |    max   | min |  max  |   Type  |
    +---------+---------+-----------+----------+-----+-------+---------+
    |        4|    32772|  40.000 ns|  0.328 ms|    4|  32772|       no|
    +---------+---------+-----------+----------+-----+-------+---------+

    + Detail: 
        * Instance: 
        N/A

        * Loop: 
        +--------------------+---------+---------+----------+-----------+-----------+----------+----------+
        |                    |  Latency (cycles) | Iteration|  Initiation Interval  |   Trip   |          |
        |      Loop Name     |   min   |   max   |  Latency |  achieved |   target  |   Count  | Pipelined|
        +--------------------+---------+---------+----------+-----------+-----------+----------+----------+
        |- VITIS_LOOP_511_1  |        2|    32770|         6|          4|          4|  0 ~ 8192|       yes|
        +--------------------+---------+---------+----------+-----------+-----------+----------+----------+

============================================================
+ Verbose Summary: Synthesis Manager
============================================================
InlineROM: 1
ExposeGlobal: 0
============================================================
+ Verbose Summary: CDFG Model
============================================================
IsTopModel: 0
ResetActiveHigh: 1
IsCombinational: 0
IsDatapathOnly: 0
HasWiredReturn: 1
HasMFsm: 2
HasVarLatency: 1
IsPipeline: 0
IsRtlPipelined: 0
IsInstanceOverlapped: 0
IsDontTouch: 0
HasImplIP: 0
IsGatedGlobalClock: 0

+ Individual pipeline summary: 
  * Pipeline-0: initiation interval (II) = 4, depth = 6


============================================================
+ Verbose Summary: Schedule
============================================================
* Number of FSM states : 6
* Pipeline : 1
  Pipeline-0 : II = 4, D = 6, States = { 1 2 3 4 5 6 }
* Dataflow Pipeline: 0

* FSM state transitions: 
1 --> 2 
2 --> 3 
3 --> 4 
4 --> 5 
5 --> 6 
6 --> 

* FSM state operations: 

State 1 <SV = 0> <Delay = 3.68>
ST_1 : Operation 9 [1/1] (0.00ns)   --->   "%x = alloca i32 1"   --->   Operation 9 'alloca' 'x' <Predicate = true> <Delay = 0.00>
ST_1 : Operation 10 [1/1] (0.00ns)   --->   "%p_0_0_0_0_0266_382 = alloca i32 1"   --->   Operation 10 'alloca' 'p_0_0_0_0_0266_382' <Predicate = true> <Delay = 0.00>
ST_1 : Operation 11 [1/1] (0.00ns)   --->   "%p_0_1_0_0_0268_388 = alloca i32 1"   --->   Operation 11 'alloca' 'p_0_1_0_0_0268_388' <Predicate = true> <Delay = 0.00>
ST_1 : Operation 12 [1/1] (0.00ns)   --->   "%cmp43_read = read i1 @_ssdm_op_Read.ap_auto.i1, i1 %cmp43"   --->   Operation 12 'read' 'cmp43_read' <Predicate = true> <Delay = 0.00>
ST_1 : Operation 13 [1/1] (0.00ns)   --->   "%sub40_cast56_read = read i13 @_ssdm_op_Read.ap_auto.i13, i13 %sub40_cast56"   --->   Operation 13 'read' 'sub40_cast56_read' <Predicate = true> <Delay = 0.00>
ST_1 : Operation 14 [1/1] (0.00ns)   --->   "%cmp43_1_read = read i1 @_ssdm_op_Read.ap_auto.i1, i1 %cmp43_1"   --->   Operation 14 'read' 'cmp43_1_read' <Predicate = true> <Delay = 0.00>
ST_1 : Operation 15 [1/1] (0.00ns)   --->   "%cmp43_2_read = read i1 @_ssdm_op_Read.ap_auto.i1, i1 %cmp43_2"   --->   Operation 15 'read' 'cmp43_2_read' <Predicate = true> <Delay = 0.00>
ST_1 : Operation 16 [1/1] (0.00ns)   --->   "%icmp_ln501_read = read i1 @_ssdm_op_Read.ap_auto.i1, i1 %icmp_ln501"   --->   Operation 16 'read' 'icmp_ln501_read' <Predicate = true> <Delay = 0.00>
ST_1 : Operation 17 [1/1] (0.00ns)   --->   "%trunc_ln496_1_read = read i13 @_ssdm_op_Read.ap_auto.i13, i13 %trunc_ln496_1"   --->   Operation 17 'read' 'trunc_ln496_1_read' <Predicate = true> <Delay = 0.00>
ST_1 : Operation 18 [1/1] (0.00ns)   --->   "%p_0_0_0_0_0266_383_lcssa97_read = read i8 @_ssdm_op_Read.ap_auto.i8, i8 %p_0_0_0_0_0266_383_lcssa97"   --->   Operation 18 'read' 'p_0_0_0_0_0266_383_lcssa97_read' <Predicate = true> <Delay = 0.00>
ST_1 : Operation 19 [1/1] (0.00ns)   --->   "%p_0_1_0_0_0268_389_lcssa100_read = read i8 @_ssdm_op_Read.ap_auto.i8, i8 %p_0_1_0_0_0268_389_lcssa100"   --->   Operation 19 'read' 'p_0_1_0_0_0268_389_lcssa100_read' <Predicate = true> <Delay = 0.00>
ST_1 : Operation 20 [1/1] (0.00ns)   --->   "%sub40_cast56_cast = sext i13 %sub40_cast56_read"   --->   Operation 20 'sext' 'sub40_cast56_cast' <Predicate = true> <Delay = 0.00>
ST_1 : Operation 21 [1/1] (0.00ns)   --->   "%specmemcore_ln0 = specmemcore void @_ssdm_op_SpecMemCore, i64 %bytePlanes_plane01, i64 666, i64 8, i64 18446744073709551615"   --->   Operation 21 'specmemcore' 'specmemcore_ln0' <Predicate = true> <Delay = 0.00>
ST_1 : Operation 22 [1/1] (0.00ns)   --->   "%specinterface_ln0 = specinterface void @_ssdm_op_SpecInterface, i24 %img, void @empty_8, i32 0, i32 0, void @empty_1, i32 0, i32 0, void @empty_1, void @empty_1, void @empty_1, i32 0, i32 0, i32 0, i32 0, void @empty_1, void @empty_1, i32 4294967295, i32 0"   --->   Operation 22 'specinterface' 'specinterface_ln0' <Predicate = true> <Delay = 0.00>
ST_1 : Operation 23 [1/1] (0.00ns)   --->   "%specinterface_ln0 = specinterface void @_ssdm_op_SpecInterface, i64 %bytePlanes_plane01, void @empty_8, i32 0, i32 0, void @empty_1, i32 0, i32 0, void @empty_1, void @empty_1, void @empty_1, i32 0, i32 0, i32 0, i32 0, void @empty_1, void @empty_1, i32 4294967295, i32 0"   --->   Operation 23 'specinterface' 'specinterface_ln0' <Predicate = true> <Delay = 0.00>
ST_1 : Operation 24 [1/1] (1.58ns)   --->   "%store_ln0 = store i8 %p_0_1_0_0_0268_389_lcssa100_read, i8 %p_0_1_0_0_0268_388"   --->   Operation 24 'store' 'store_ln0' <Predicate = true> <Delay = 1.58>
ST_1 : Operation 25 [1/1] (1.58ns)   --->   "%store_ln0 = store i8 %p_0_0_0_0_0266_383_lcssa97_read, i8 %p_0_0_0_0_0266_382"   --->   Operation 25 'store' 'store_ln0' <Predicate = true> <Delay = 1.58>
ST_1 : Operation 26 [1/1] (1.58ns)   --->   "%store_ln0 = store i13 0, i13 %x"   --->   Operation 26 'store' 'store_ln0' <Predicate = true> <Delay = 1.58>
ST_1 : Operation 27 [1/1] (0.00ns)   --->   "%br_ln0 = br void %for.body39"   --->   Operation 27 'br' 'br_ln0' <Predicate = true> <Delay = 0.00>
ST_1 : Operation 28 [1/1] (0.00ns)   --->   "%x_4 = load i13 %x" [/home/sgdh/Zybo-Z7-HW/proj/Zybo-Z7-HW.runs/system_v_frmbuf_wr_0_0_synth_1/prj/sol/.autopilot/db/v_frmbuf_wr.cpp:511]   --->   Operation 28 'load' 'x_4' <Predicate = true> <Delay = 0.00>
ST_1 : Operation 29 [1/1] (2.09ns)   --->   "%icmp_ln511 = icmp_eq  i13 %x_4, i13 %trunc_ln496_1_read" [/home/sgdh/Zybo-Z7-HW/proj/Zybo-Z7-HW.runs/system_v_frmbuf_wr_0_0_synth_1/prj/sol/.autopilot/db/v_frmbuf_wr.cpp:511]   --->   Operation 29 'icmp' 'icmp_ln511' <Predicate = true> <Delay = 2.09> <CoreInst = "Cmp">   --->   Core 9 'Cmp' <Latency = 0> <II = 1> <Delay = 2.09> <FuncUnit> <Opcode : 'icmp'> <InPorts = 2> <OutPorts = 1>
ST_1 : Operation 30 [1/1] (1.67ns)   --->   "%x_5 = add i13 %x_4, i13 1" [/home/sgdh/Zybo-Z7-HW/proj/Zybo-Z7-HW.runs/system_v_frmbuf_wr_0_0_synth_1/prj/sol/.autopilot/db/v_frmbuf_wr.cpp:511]   --->   Operation 30 'add' 'x_5' <Predicate = true> <Delay = 1.67> <CoreInst = "Adder">   --->   Core 1 'Adder' <Latency = 0> <II = 1> <Delay = 1.67> <FuncUnit> <Opcode : 'add' 'sub'> <InPorts = 2> <OutPorts = 1>
ST_1 : Operation 31 [1/1] (0.00ns)   --->   "%br_ln511 = br i1 %icmp_ln511, void %for.body39.split, void %for.inc77.loopexit.exitStub" [/home/sgdh/Zybo-Z7-HW/proj/Zybo-Z7-HW.runs/system_v_frmbuf_wr_0_0_synth_1/prj/sol/.autopilot/db/v_frmbuf_wr.cpp:511]   --->   Operation 31 'br' 'br_ln511' <Predicate = true> <Delay = 0.00>
ST_1 : Operation 32 [1/1] (0.00ns)   --->   "%zext_ln511 = zext i13 %x_4" [/home/sgdh/Zybo-Z7-HW/proj/Zybo-Z7-HW.runs/system_v_frmbuf_wr_0_0_synth_1/prj/sol/.autopilot/db/v_frmbuf_wr.cpp:511]   --->   Operation 32 'zext' 'zext_ln511' <Predicate = (!icmp_ln511)> <Delay = 0.00>
ST_1 : Operation 33 [1/1] (2.09ns)   --->   "%cmp41 = icmp_slt  i14 %zext_ln511, i14 %sub40_cast56_cast" [/home/sgdh/Zybo-Z7-HW/proj/Zybo-Z7-HW.runs/system_v_frmbuf_wr_0_0_synth_1/prj/sol/.autopilot/db/v_frmbuf_wr.cpp:511]   --->   Operation 33 'icmp' 'cmp41' <Predicate = (!icmp_ln511)> <Delay = 2.09> <CoreInst = "Cmp">   --->   Core 9 'Cmp' <Latency = 0> <II = 1> <Delay = 2.09> <FuncUnit> <Opcode : 'icmp'> <InPorts = 2> <OutPorts = 1>
ST_1 : Operation 34 [1/1] (0.97ns)   --->   "%or_ln516 = or i1 %cmp41, i1 %cmp43_read" [/home/sgdh/Zybo-Z7-HW/proj/Zybo-Z7-HW.runs/system_v_frmbuf_wr_0_0_synth_1/prj/sol/.autopilot/db/v_frmbuf_wr.cpp:516]   --->   Operation 34 'or' 'or_ln516' <Predicate = (!icmp_ln511)> <Delay = 0.97> <CoreInst = "LogicGate">   --->   Core 74 'LogicGate' <Latency = 0> <II = 1> <Delay = 0.97> <FuncUnit> <Opcode : 'and' 'or' 'xor'> <InPorts = 2> <OutPorts = 1>
ST_1 : Operation 35 [1/1] (1.58ns)   --->   "%store_ln511 = store i13 %x_5, i13 %x" [/home/sgdh/Zybo-Z7-HW/proj/Zybo-Z7-HW.runs/system_v_frmbuf_wr_0_0_synth_1/prj/sol/.autopilot/db/v_frmbuf_wr.cpp:511]   --->   Operation 35 'store' 'store_ln511' <Predicate = (!icmp_ln511)> <Delay = 1.58>

State 2 <SV = 1> <Delay = 3.63>
ST_2 : Operation 36 [1/1] (3.63ns)   --->   "%img_read = read i24 @_ssdm_op_Read.ap_fifo.volatile.i24P0A, i24 %img" [/tools/Xilinx/Vitis_HLS/2022.1/common/technology/autopilot/hls_stream_39.h:145]   --->   Operation 36 'read' 'img_read' <Predicate = (!icmp_ln511 & or_ln516)> <Delay = 3.63> <CoreInst = "FIFO_SRL">   --->   Core 81 'FIFO_SRL' <Latency = 0> <II = 1> <Delay = 3.63> <Storage> <Opcode : 'read' 'write' 'nbread' 'nbwrite'> <Ports = 0> <Width = 24> <Depth = 2> <FIFO>
ST_2 : Operation 37 [1/1] (0.00ns)   --->   "%trunc_ln145 = trunc i24 %img_read" [/tools/Xilinx/Vitis_HLS/2022.1/common/technology/autopilot/hls_stream_39.h:145]   --->   Operation 37 'trunc' 'trunc_ln145' <Predicate = (!icmp_ln511 & or_ln516)> <Delay = 0.00>
ST_2 : Operation 38 [1/1] (0.00ns)   --->   "%trunc_ln145_1 = partselect i8 @_ssdm_op_PartSelect.i8.i24.i32.i32, i24 %img_read, i32 8, i32 15" [/tools/Xilinx/Vitis_HLS/2022.1/common/technology/autopilot/hls_stream_39.h:145]   --->   Operation 38 'partselect' 'trunc_ln145_1' <Predicate = (!icmp_ln511 & or_ln516)> <Delay = 0.00>
ST_2 : Operation 39 [1/1] (1.58ns)   --->   "%br_ln517 = br void %for.inc" [/home/sgdh/Zybo-Z7-HW/proj/Zybo-Z7-HW.runs/system_v_frmbuf_wr_0_0_synth_1/prj/sol/.autopilot/db/v_frmbuf_wr.cpp:517]   --->   Operation 39 'br' 'br_ln517' <Predicate = (!icmp_ln511 & or_ln516)> <Delay = 1.58>
ST_2 : Operation 40 [1/1] (0.97ns)   --->   "%or_ln516_1 = or i1 %cmp41, i1 %cmp43_1_read" [/home/sgdh/Zybo-Z7-HW/proj/Zybo-Z7-HW.runs/system_v_frmbuf_wr_0_0_synth_1/prj/sol/.autopilot/db/v_frmbuf_wr.cpp:516]   --->   Operation 40 'or' 'or_ln516_1' <Predicate = (!icmp_ln511)> <Delay = 0.97> <CoreInst = "LogicGate">   --->   Core 74 'LogicGate' <Latency = 0> <II = 1> <Delay = 0.97> <FuncUnit> <Opcode : 'and' 'or' 'xor'> <InPorts = 2> <OutPorts = 1>
ST_2 : Operation 41 [1/1] (0.97ns)   --->   "%or_ln516_2 = or i1 %cmp41, i1 %cmp43_2_read" [/home/sgdh/Zybo-Z7-HW/proj/Zybo-Z7-HW.runs/system_v_frmbuf_wr_0_0_synth_1/prj/sol/.autopilot/db/v_frmbuf_wr.cpp:516]   --->   Operation 41 'or' 'or_ln516_2' <Predicate = (!icmp_ln511)> <Delay = 0.97> <CoreInst = "LogicGate">   --->   Core 74 'LogicGate' <Latency = 0> <II = 1> <Delay = 0.97> <FuncUnit> <Opcode : 'and' 'or' 'xor'> <InPorts = 2> <OutPorts = 1>
ST_2 : Operation 42 [1/1] (0.97ns)   --->   "%or_ln516_3 = or i1 %cmp41, i1 %icmp_ln501_read" [/home/sgdh/Zybo-Z7-HW/proj/Zybo-Z7-HW.runs/system_v_frmbuf_wr_0_0_synth_1/prj/sol/.autopilot/db/v_frmbuf_wr.cpp:516]   --->   Operation 42 'or' 'or_ln516_3' <Predicate = (!icmp_ln511)> <Delay = 0.97> <CoreInst = "LogicGate">   --->   Core 74 'LogicGate' <Latency = 0> <II = 1> <Delay = 0.97> <FuncUnit> <Opcode : 'and' 'or' 'xor'> <InPorts = 2> <OutPorts = 1>

State 3 <SV = 2> <Delay = 3.63>
ST_3 : Operation 43 [1/1] (0.00ns)   --->   "%p_0_0_0_0_0266_382_load = load i8 %p_0_0_0_0_0266_382"   --->   Operation 43 'load' 'p_0_0_0_0_0266_382_load' <Predicate = true> <Delay = 0.00>
ST_3 : Operation 44 [1/1] (0.00ns)   --->   "%p_0_1_0_0_0268_388_load = load i8 %p_0_1_0_0_0268_388"   --->   Operation 44 'load' 'p_0_1_0_0_0268_388_load' <Predicate = true> <Delay = 0.00>
ST_3 : Operation 45 [1/1] (0.00ns)   --->   "%speclooptripcount_ln0 = speclooptripcount void @_ssdm_op_SpecLoopTripCount, i64 0, i64 8192, i64 0"   --->   Operation 45 'speclooptripcount' 'speclooptripcount_ln0' <Predicate = true> <Delay = 0.00>
ST_3 : Operation 46 [1/1] (0.00ns)   --->   "%specpipeline_ln512 = specpipeline void @_ssdm_op_SpecPipeline, i32 4, i32 0, i32 0, i32 0, void @empty_1" [/home/sgdh/Zybo-Z7-HW/proj/Zybo-Z7-HW.runs/system_v_frmbuf_wr_0_0_synth_1/prj/sol/.autopilot/db/v_frmbuf_wr.cpp:512]   --->   Operation 46 'specpipeline' 'specpipeline_ln512' <Predicate = (!icmp_ln511)> <Delay = 0.00>
ST_3 : Operation 47 [1/1] (0.00ns)   --->   "%specloopname_ln511 = specloopname void @_ssdm_op_SpecLoopName, void @empty_5" [/home/sgdh/Zybo-Z7-HW/proj/Zybo-Z7-HW.runs/system_v_frmbuf_wr_0_0_synth_1/prj/sol/.autopilot/db/v_frmbuf_wr.cpp:511]   --->   Operation 47 'specloopname' 'specloopname_ln511' <Predicate = (!icmp_ln511)> <Delay = 0.00>
ST_3 : Operation 48 [1/1] (1.58ns)   --->   "%br_ln516 = br i1 %or_ln516, void %for.inc, void %if.then44" [/home/sgdh/Zybo-Z7-HW/proj/Zybo-Z7-HW.runs/system_v_frmbuf_wr_0_0_synth_1/prj/sol/.autopilot/db/v_frmbuf_wr.cpp:516]   --->   Operation 48 'br' 'br_ln516' <Predicate = (!icmp_ln511)> <Delay = 1.58>
ST_3 : Operation 49 [1/1] (3.63ns)   --->   "%img_read_11 = read i24 @_ssdm_op_Read.ap_fifo.volatile.i24P0A, i24 %img" [/tools/Xilinx/Vitis_HLS/2022.1/common/technology/autopilot/hls_stream_39.h:145]   --->   Operation 49 'read' 'img_read_11' <Predicate = (!icmp_ln511 & or_ln516_1)> <Delay = 3.63> <CoreInst = "FIFO_SRL">   --->   Core 81 'FIFO_SRL' <Latency = 0> <II = 1> <Delay = 3.63> <Storage> <Opcode : 'read' 'write' 'nbread' 'nbwrite'> <Ports = 0> <Width = 24> <Depth = 2> <FIFO>
ST_3 : Operation 50 [1/1] (0.00ns)   --->   "%trunc_ln145_19 = trunc i24 %img_read_11" [/tools/Xilinx/Vitis_HLS/2022.1/common/technology/autopilot/hls_stream_39.h:145]   --->   Operation 50 'trunc' 'trunc_ln145_19' <Predicate = (!icmp_ln511 & or_ln516_1)> <Delay = 0.00>
ST_3 : Operation 51 [1/1] (0.00ns)   --->   "%trunc_ln145_7 = partselect i8 @_ssdm_op_PartSelect.i8.i24.i32.i32, i24 %img_read_11, i32 8, i32 15" [/tools/Xilinx/Vitis_HLS/2022.1/common/technology/autopilot/hls_stream_39.h:145]   --->   Operation 51 'partselect' 'trunc_ln145_7' <Predicate = (!icmp_ln511 & or_ln516_1)> <Delay = 0.00>
ST_3 : Operation 52 [1/1] (1.58ns)   --->   "%br_ln517 = br void %for.inc.1" [/home/sgdh/Zybo-Z7-HW/proj/Zybo-Z7-HW.runs/system_v_frmbuf_wr_0_0_synth_1/prj/sol/.autopilot/db/v_frmbuf_wr.cpp:517]   --->   Operation 52 'br' 'br_ln517' <Predicate = (!icmp_ln511 & or_ln516_1)> <Delay = 1.58>
ST_3 : Operation 77 [1/1] (0.00ns)   --->   "%store_ln0 = store i8 %p_0_1_0_0_0268_388_load, i8 %p_0_1_0_0_0268_388_out"   --->   Operation 77 'store' 'store_ln0' <Predicate = (icmp_ln511)> <Delay = 0.00>
ST_3 : Operation 78 [1/1] (0.00ns)   --->   "%store_ln0 = store i8 %p_0_0_0_0_0266_382_load, i8 %p_0_0_0_0_0266_382_out"   --->   Operation 78 'store' 'store_ln0' <Predicate = (icmp_ln511)> <Delay = 0.00>
ST_3 : Operation 79 [1/1] (0.00ns)   --->   "%ret_ln0 = ret"   --->   Operation 79 'ret' 'ret_ln0' <Predicate = (icmp_ln511)> <Delay = 0.00>

State 4 <SV = 3> <Delay = 3.63>
ST_4 : Operation 53 [1/1] (0.00ns)   --->   "%p_0_1_0_0_0268_387 = phi i8 %trunc_ln145_1, void %if.then44, i8 %p_0_1_0_0_0268_388_load, void %for.body39.split" [/tools/Xilinx/Vitis_HLS/2022.1/common/technology/autopilot/hls_stream_39.h:145]   --->   Operation 53 'phi' 'p_0_1_0_0_0268_387' <Predicate = (!icmp_ln511)> <Delay = 0.00>
ST_4 : Operation 54 [1/1] (0.00ns)   --->   "%p_0_0_0_0_0266_381 = phi i8 %trunc_ln145, void %if.then44, i8 %p_0_0_0_0_0266_382_load, void %for.body39.split" [/tools/Xilinx/Vitis_HLS/2022.1/common/technology/autopilot/hls_stream_39.h:145]   --->   Operation 54 'phi' 'p_0_0_0_0_0266_381' <Predicate = (!icmp_ln511)> <Delay = 0.00>
ST_4 : Operation 55 [1/1] (1.58ns)   --->   "%br_ln516 = br i1 %or_ln516_1, void %for.inc.1, void %if.then44.1" [/home/sgdh/Zybo-Z7-HW/proj/Zybo-Z7-HW.runs/system_v_frmbuf_wr_0_0_synth_1/prj/sol/.autopilot/db/v_frmbuf_wr.cpp:516]   --->   Operation 55 'br' 'br_ln516' <Predicate = (!icmp_ln511)> <Delay = 1.58>
ST_4 : Operation 56 [1/1] (3.63ns)   --->   "%img_read_12 = read i24 @_ssdm_op_Read.ap_fifo.volatile.i24P0A, i24 %img" [/tools/Xilinx/Vitis_HLS/2022.1/common/technology/autopilot/hls_stream_39.h:145]   --->   Operation 56 'read' 'img_read_12' <Predicate = (!icmp_ln511 & or_ln516_2)> <Delay = 3.63> <CoreInst = "FIFO_SRL">   --->   Core 81 'FIFO_SRL' <Latency = 0> <II = 1> <Delay = 3.63> <Storage> <Opcode : 'read' 'write' 'nbread' 'nbwrite'> <Ports = 0> <Width = 24> <Depth = 2> <FIFO>
ST_4 : Operation 57 [1/1] (0.00ns)   --->   "%trunc_ln145_20 = trunc i24 %img_read_12" [/tools/Xilinx/Vitis_HLS/2022.1/common/technology/autopilot/hls_stream_39.h:145]   --->   Operation 57 'trunc' 'trunc_ln145_20' <Predicate = (!icmp_ln511 & or_ln516_2)> <Delay = 0.00>
ST_4 : Operation 58 [1/1] (0.00ns)   --->   "%trunc_ln145_12 = partselect i8 @_ssdm_op_PartSelect.i8.i24.i32.i32, i24 %img_read_12, i32 8, i32 15" [/tools/Xilinx/Vitis_HLS/2022.1/common/technology/autopilot/hls_stream_39.h:145]   --->   Operation 58 'partselect' 'trunc_ln145_12' <Predicate = (!icmp_ln511 & or_ln516_2)> <Delay = 0.00>
ST_4 : Operation 59 [1/1] (1.58ns)   --->   "%br_ln517 = br void %for.inc.2" [/home/sgdh/Zybo-Z7-HW/proj/Zybo-Z7-HW.runs/system_v_frmbuf_wr_0_0_synth_1/prj/sol/.autopilot/db/v_frmbuf_wr.cpp:517]   --->   Operation 59 'br' 'br_ln517' <Predicate = (!icmp_ln511 & or_ln516_2)> <Delay = 1.58>

State 5 <SV = 4> <Delay = 3.63>
ST_5 : Operation 60 [1/1] (0.00ns)   --->   "%p_0_1_0_0_0268_386 = phi i8 %trunc_ln145_7, void %if.then44.1, i8 %p_0_1_0_0_0268_387, void %for.inc" [/tools/Xilinx/Vitis_HLS/2022.1/common/technology/autopilot/hls_stream_39.h:145]   --->   Operation 60 'phi' 'p_0_1_0_0_0268_386' <Predicate = (!icmp_ln511)> <Delay = 0.00>
ST_5 : Operation 61 [1/1] (0.00ns)   --->   "%p_0_0_0_0_0266_380 = phi i8 %trunc_ln145_19, void %if.then44.1, i8 %p_0_0_0_0_0266_381, void %for.inc" [/tools/Xilinx/Vitis_HLS/2022.1/common/technology/autopilot/hls_stream_39.h:145]   --->   Operation 61 'phi' 'p_0_0_0_0_0266_380' <Predicate = (!icmp_ln511)> <Delay = 0.00>
ST_5 : Operation 62 [1/1] (1.58ns)   --->   "%br_ln516 = br i1 %or_ln516_2, void %for.inc.2, void %if.then44.2" [/home/sgdh/Zybo-Z7-HW/proj/Zybo-Z7-HW.runs/system_v_frmbuf_wr_0_0_synth_1/prj/sol/.autopilot/db/v_frmbuf_wr.cpp:516]   --->   Operation 62 'br' 'br_ln516' <Predicate = (!icmp_ln511)> <Delay = 1.58>
ST_5 : Operation 63 [1/1] (3.63ns)   --->   "%img_read_13 = read i24 @_ssdm_op_Read.ap_fifo.volatile.i24P0A, i24 %img" [/tools/Xilinx/Vitis_HLS/2022.1/common/technology/autopilot/hls_stream_39.h:145]   --->   Operation 63 'read' 'img_read_13' <Predicate = (!icmp_ln511 & or_ln516_3)> <Delay = 3.63> <CoreInst = "FIFO_SRL">   --->   Core 81 'FIFO_SRL' <Latency = 0> <II = 1> <Delay = 3.63> <Storage> <Opcode : 'read' 'write' 'nbread' 'nbwrite'> <Ports = 0> <Width = 24> <Depth = 2> <FIFO>
ST_5 : Operation 64 [1/1] (0.00ns)   --->   "%trunc_ln145_21 = trunc i24 %img_read_13" [/tools/Xilinx/Vitis_HLS/2022.1/common/technology/autopilot/hls_stream_39.h:145]   --->   Operation 64 'trunc' 'trunc_ln145_21' <Predicate = (!icmp_ln511 & or_ln516_3)> <Delay = 0.00>
ST_5 : Operation 65 [1/1] (0.00ns)   --->   "%trunc_ln145_s = partselect i8 @_ssdm_op_PartSelect.i8.i24.i32.i32, i24 %img_read_13, i32 8, i32 15" [/tools/Xilinx/Vitis_HLS/2022.1/common/technology/autopilot/hls_stream_39.h:145]   --->   Operation 65 'partselect' 'trunc_ln145_s' <Predicate = (!icmp_ln511 & or_ln516_3)> <Delay = 0.00>
ST_5 : Operation 66 [1/1] (1.58ns)   --->   "%br_ln517 = br void %for.inc.3" [/home/sgdh/Zybo-Z7-HW/proj/Zybo-Z7-HW.runs/system_v_frmbuf_wr_0_0_synth_1/prj/sol/.autopilot/db/v_frmbuf_wr.cpp:517]   --->   Operation 66 'br' 'br_ln517' <Predicate = (!icmp_ln511 & or_ln516_3)> <Delay = 1.58>

State 6 <SV = 5> <Delay = 5.23>
ST_6 : Operation 67 [1/1] (0.00ns)   --->   "%p_0_1_0_0_0268_385 = phi i8 %trunc_ln145_12, void %if.then44.2, i8 %p_0_1_0_0_0268_386, void %for.inc.1" [/tools/Xilinx/Vitis_HLS/2022.1/common/technology/autopilot/hls_stream_39.h:145]   --->   Operation 67 'phi' 'p_0_1_0_0_0268_385' <Predicate = (!icmp_ln511)> <Delay = 0.00>
ST_6 : Operation 68 [1/1] (0.00ns)   --->   "%p_0_0_0_0_0266_384 = phi i8 %trunc_ln145_20, void %if.then44.2, i8 %p_0_0_0_0_0266_380, void %for.inc.1" [/tools/Xilinx/Vitis_HLS/2022.1/common/technology/autopilot/hls_stream_39.h:145]   --->   Operation 68 'phi' 'p_0_0_0_0_0266_384' <Predicate = (!icmp_ln511)> <Delay = 0.00>
ST_6 : Operation 69 [1/1] (1.58ns)   --->   "%br_ln516 = br i1 %or_ln516_3, void %for.inc.3, void %if.then44.3" [/home/sgdh/Zybo-Z7-HW/proj/Zybo-Z7-HW.runs/system_v_frmbuf_wr_0_0_synth_1/prj/sol/.autopilot/db/v_frmbuf_wr.cpp:516]   --->   Operation 69 'br' 'br_ln516' <Predicate = (!icmp_ln511)> <Delay = 1.58>
ST_6 : Operation 70 [1/1] (0.00ns)   --->   "%p_0_1_0_0_0268_389 = phi i8 %trunc_ln145_s, void %if.then44.3, i8 %p_0_1_0_0_0268_385, void %for.inc.2" [/tools/Xilinx/Vitis_HLS/2022.1/common/technology/autopilot/hls_stream_39.h:145]   --->   Operation 70 'phi' 'p_0_1_0_0_0268_389' <Predicate = true> <Delay = 0.00>
ST_6 : Operation 71 [1/1] (0.00ns)   --->   "%p_0_0_0_0_0266_383 = phi i8 %trunc_ln145_21, void %if.then44.3, i8 %p_0_0_0_0_0266_384, void %for.inc.2" [/tools/Xilinx/Vitis_HLS/2022.1/common/technology/autopilot/hls_stream_39.h:145]   --->   Operation 71 'phi' 'p_0_0_0_0_0266_383' <Predicate = true> <Delay = 0.00>
ST_6 : Operation 72 [1/1] (0.00ns)   --->   "%p_Result_s = bitconcatenate i64 @_ssdm_op_BitConcatenate.i64.i8.i8.i8.i8.i8.i8.i8.i8, i8 %p_0_1_0_0_0268_389, i8 %p_0_0_0_0_0266_383, i8 %p_0_1_0_0_0268_385, i8 %p_0_0_0_0_0266_384, i8 %p_0_1_0_0_0268_386, i8 %p_0_0_0_0_0266_380, i8 %p_0_1_0_0_0268_387, i8 %p_0_0_0_0_0266_381"   --->   Operation 72 'bitconcatenate' 'p_Result_s' <Predicate = true> <Delay = 0.00>
ST_6 : Operation 73 [1/1] (3.65ns)   --->   "%write_ln174 = write void @_ssdm_op_Write.ap_fifo.volatile.i64P0A, i64 %bytePlanes_plane01, i64 %p_Result_s" [/tools/Xilinx/Vitis_HLS/2022.1/common/technology/autopilot/hls_stream_39.h:174]   --->   Operation 73 'write' 'write_ln174' <Predicate = true> <Delay = 3.65> <CoreInst = "FIFO_BRAM">   --->   Core 79 'FIFO_BRAM' <Latency = 0> <II = 1> <Delay = 3.71> <Storage> <Opcode : 'read' 'write' 'nbread' 'nbwrite'> <Ports = 0> <Width = 64> <Depth = 960> <FIFO>
ST_6 : Operation 74 [1/1] (1.58ns)   --->   "%store_ln511 = store i8 %p_0_1_0_0_0268_389, i8 %p_0_1_0_0_0268_388" [/home/sgdh/Zybo-Z7-HW/proj/Zybo-Z7-HW.runs/system_v_frmbuf_wr_0_0_synth_1/prj/sol/.autopilot/db/v_frmbuf_wr.cpp:511]   --->   Operation 74 'store' 'store_ln511' <Predicate = true> <Delay = 1.58>
ST_6 : Operation 75 [1/1] (1.58ns)   --->   "%store_ln511 = store i8 %p_0_0_0_0_0266_383, i8 %p_0_0_0_0_0266_382" [/home/sgdh/Zybo-Z7-HW/proj/Zybo-Z7-HW.runs/system_v_frmbuf_wr_0_0_synth_1/prj/sol/.autopilot/db/v_frmbuf_wr.cpp:511]   --->   Operation 75 'store' 'store_ln511' <Predicate = true> <Delay = 1.58>
ST_6 : Operation 76 [1/1] (0.00ns)   --->   "%br_ln511 = br void %for.body39" [/home/sgdh/Zybo-Z7-HW/proj/Zybo-Z7-HW.runs/system_v_frmbuf_wr_0_0_synth_1/prj/sol/.autopilot/db/v_frmbuf_wr.cpp:511]   --->   Operation 76 'br' 'br_ln511' <Predicate = true> <Delay = 0.00>


============================================================
+ Verbose Summary: Timing violations
============================================================
Target clock period: 10ns, clock uncertainty: 2.7ns.

 <State 1>: 3.69ns
The critical path consists of the following:
	'alloca' operation ('x') [13]  (0 ns)
	'load' operation ('x', /home/sgdh/Zybo-Z7-HW/proj/Zybo-Z7-HW.runs/system_v_frmbuf_wr_0_0_synth_1/prj/sol/.autopilot/db/v_frmbuf_wr.cpp:511) on local variable 'x' [33]  (0 ns)
	'add' operation ('x', /home/sgdh/Zybo-Z7-HW/proj/Zybo-Z7-HW.runs/system_v_frmbuf_wr_0_0_synth_1/prj/sol/.autopilot/db/v_frmbuf_wr.cpp:511) [38]  (1.68 ns)
	'store' operation ('store_ln511', /home/sgdh/Zybo-Z7-HW/proj/Zybo-Z7-HW.runs/system_v_frmbuf_wr_0_0_synth_1/prj/sol/.autopilot/db/v_frmbuf_wr.cpp:511) of variable 'x', /home/sgdh/Zybo-Z7-HW/proj/Zybo-Z7-HW.runs/system_v_frmbuf_wr_0_0_synth_1/prj/sol/.autopilot/db/v_frmbuf_wr.cpp:511 on local variable 'x' [89]  (1.59 ns)
	blocking operation 0.42 ns on control path)

 <State 2>: 3.63ns
The critical path consists of the following:
	fifo read operation ('img_read', /tools/Xilinx/Vitis_HLS/2022.1/common/technology/autopilot/hls_stream_39.h:145) on port 'img' (/tools/Xilinx/Vitis_HLS/2022.1/common/technology/autopilot/hls_stream_39.h:145) [48]  (3.63 ns)

 <State 3>: 3.63ns
The critical path consists of the following:
	fifo read operation ('img_read_11', /tools/Xilinx/Vitis_HLS/2022.1/common/technology/autopilot/hls_stream_39.h:145) on port 'img' (/tools/Xilinx/Vitis_HLS/2022.1/common/technology/autopilot/hls_stream_39.h:145) [58]  (3.63 ns)

 <State 4>: 3.63ns
The critical path consists of the following:
	fifo read operation ('img_read_12', /tools/Xilinx/Vitis_HLS/2022.1/common/technology/autopilot/hls_stream_39.h:145) on port 'img' (/tools/Xilinx/Vitis_HLS/2022.1/common/technology/autopilot/hls_stream_39.h:145) [68]  (3.63 ns)

 <State 5>: 3.63ns
The critical path consists of the following:
	fifo read operation ('img_read_13', /tools/Xilinx/Vitis_HLS/2022.1/common/technology/autopilot/hls_stream_39.h:145) on port 'img' (/tools/Xilinx/Vitis_HLS/2022.1/common/technology/autopilot/hls_stream_39.h:145) [78]  (3.63 ns)

 <State 6>: 5.24ns
The critical path consists of the following:
	'phi' operation ('p_0_1_0_0_0268_385', /tools/Xilinx/Vitis_HLS/2022.1/common/technology/autopilot/hls_stream_39.h:145) with incoming values : ('p_0_1_0_0_0268_388_load') ('trunc_ln145_1', /tools/Xilinx/Vitis_HLS/2022.1/common/technology/autopilot/hls_stream_39.h:145) ('trunc_ln145_7', /tools/Xilinx/Vitis_HLS/2022.1/common/technology/autopilot/hls_stream_39.h:145) ('trunc_ln145_12', /tools/Xilinx/Vitis_HLS/2022.1/common/technology/autopilot/hls_stream_39.h:145) [73]  (0 ns)
	multiplexor before 'phi' operation ('p_0_1_0_0_0268_389', /tools/Xilinx/Vitis_HLS/2022.1/common/technology/autopilot/hls_stream_39.h:145) with incoming values : ('p_0_1_0_0_0268_388_load') ('trunc_ln145_1', /tools/Xilinx/Vitis_HLS/2022.1/common/technology/autopilot/hls_stream_39.h:145) ('trunc_ln145_7', /tools/Xilinx/Vitis_HLS/2022.1/common/technology/autopilot/hls_stream_39.h:145) ('trunc_ln145_12', /tools/Xilinx/Vitis_HLS/2022.1/common/technology/autopilot/hls_stream_39.h:145) ('trunc_ln145_s', /tools/Xilinx/Vitis_HLS/2022.1/common/technology/autopilot/hls_stream_39.h:145) [83]  (1.59 ns)
	'phi' operation ('p_0_1_0_0_0268_389', /tools/Xilinx/Vitis_HLS/2022.1/common/technology/autopilot/hls_stream_39.h:145) with incoming values : ('p_0_1_0_0_0268_388_load') ('trunc_ln145_1', /tools/Xilinx/Vitis_HLS/2022.1/common/technology/autopilot/hls_stream_39.h:145) ('trunc_ln145_7', /tools/Xilinx/Vitis_HLS/2022.1/common/technology/autopilot/hls_stream_39.h:145) ('trunc_ln145_12', /tools/Xilinx/Vitis_HLS/2022.1/common/technology/autopilot/hls_stream_39.h:145) ('trunc_ln145_s', /tools/Xilinx/Vitis_HLS/2022.1/common/technology/autopilot/hls_stream_39.h:145) [83]  (0 ns)
	fifo write operation ('write_ln174', /tools/Xilinx/Vitis_HLS/2022.1/common/technology/autopilot/hls_stream_39.h:174) on port 'bytePlanes_plane01' (/tools/Xilinx/Vitis_HLS/2022.1/common/technology/autopilot/hls_stream_39.h:174) [86]  (3.65 ns)


============================================================
+ Verbose Summary: Binding
============================================================
N/A
* FSMD analyzer results:
  - Output states:
 - Input state : 
  - Chain level:
	State 1
	State 2
	State 3
	State 4
	State 5
	State 6


============================================================
+ Verbose Summary: Datapath Resource usage 
============================================================
N/A
