

================================================================
== Vitis HLS Report for 'MultiPixStream2Bytes'
================================================================
* Date:           Mon Jan 15 06:27:36 2024

* Version:        2022.1.2 (Build 3605665 on Fri Aug  5 22:52:02 MDT 2022)
* Project:        prj
* Solution:       sol (Vivado IP Flow Target)
* Product family: zynq
* Target device:  xc7z020-clg400-1


================================================================
== Performance Estimates
================================================================
+ Timing: 
    * Summary: 
    +--------+----------+----------+------------+
    |  Clock |  Target  | Estimated| Uncertainty|
    +--------+----------+----------+------------+
    |ap_clk  |  10.00 ns|  7.268 ns|     2.70 ns|
    +--------+----------+----------+------------+

+ Latency: 
    * Summary: 
    +---------+-----------+-----------+-----------+-----+-----------+---------+
    |   Latency (cycles)  |   Latency (absolute)  |     Interval    | Pipeline|
    |   min   |    max    |    min    |    max    | min |    max    |   Type  |
    +---------+-----------+-----------+-----------+-----+-----------+---------+
    |        1|  283145761|  10.000 ns|  2.831 sec|    1|  283145761|       no|
    +---------+-----------+-----------+-----------+-----+-----------+---------+

    + Detail: 
        * Instance: 
        +-----------------------------------------------------------+------------------------------------------------+---------+---------+-----------+----------+-----+-------+---------+
        |                                                           |                                                |  Latency (cycles) |  Latency (absolute)  |   Interval  | Pipeline|
        |                          Instance                         |                     Module                     |   min   |   max   |    min    |    max   | min |  max  |   Type  |
        +-----------------------------------------------------------+------------------------------------------------+---------+---------+-----------+----------+-----+-------+---------+
        |grp_MultiPixStream2Bytes_Pipeline_VITIS_LOOP_586_8_fu_228  |MultiPixStream2Bytes_Pipeline_VITIS_LOOP_586_8  |        4|    65540|  40.000 ns|  0.655 ms|    4|  65540|       no|
        |grp_MultiPixStream2Bytes_Pipeline_VITIS_LOOP_549_5_fu_253  |MultiPixStream2Bytes_Pipeline_VITIS_LOOP_549_5  |        4|    32772|  40.000 ns|  0.328 ms|    4|  32772|       no|
        |grp_MultiPixStream2Bytes_Pipeline_VITIS_LOOP_511_1_fu_271  |MultiPixStream2Bytes_Pipeline_VITIS_LOOP_511_1  |        4|    32772|  40.000 ns|  0.328 ms|    4|  32772|       no|
        +-----------------------------------------------------------+------------------------------------------------+---------+---------+-----------+----------+-----+-------+---------+

        * Loop: 
        +------------------------+---------+-----------+-----------+-----------+-----------+----------+----------+
        |                        |   Latency (cycles)  | Iteration |  Initiation Interval  |   Trip   |          |
        |        Loop Name       |   min   |    max    |  Latency  |  achieved |   target  |   Count  | Pipelined|
        +------------------------+---------+-----------+-----------+-----------+-----------+----------+----------+
        |- loop_YUYV8            |        0|  141588000|  7 ~ 32775|          -|          -|  0 ~ 4320|        no|
        |- loop_UYVY8            |        0|  141588000|  7 ~ 32775|          -|          -|  0 ~ 4320|        no|
        |- loop_Y_UV8_Y_UV8_420  |        0|  283145760|  7 ~ 65543|          -|          -|  0 ~ 4320|        no|
        +------------------------+---------+-----------+-----------+-----------+-----------+----------+----------+



================================================================
== Utilization Estimates
================================================================
* Summary: 
+-----------------+---------+-----+--------+-------+-----+
|       Name      | BRAM_18K| DSP |   FF   |  LUT  | URAM|
+-----------------+---------+-----+--------+-------+-----+
|DSP              |        -|    -|       -|      -|    -|
|Expression       |        -|    -|       0|    337|    -|
|FIFO             |        -|    -|       -|      -|    -|
|Instance         |        -|    -|     601|   1033|    -|
|Memory           |        -|    -|       -|      -|    -|
|Multiplexer      |        -|    -|       -|    201|    -|
|Register         |        -|    -|     258|      -|    -|
+-----------------+---------+-----+--------+-------+-----+
|Total            |        0|    0|     859|   1571|    0|
+-----------------+---------+-----+--------+-------+-----+
|Available        |      280|  220|  106400|  53200|    0|
+-----------------+---------+-----+--------+-------+-----+
|Utilization (%)  |        0|    0|      ~0|      2|    0|
+-----------------+---------+-----+--------+-------+-----+

+ Detail: 
    * Instance: 
    +-----------------------------------------------------------+------------------------------------------------+---------+----+-----+-----+-----+
    |                          Instance                         |                     Module                     | BRAM_18K| DSP|  FF | LUT | URAM|
    +-----------------------------------------------------------+------------------------------------------------+---------+----+-----+-----+-----+
    |grp_MultiPixStream2Bytes_Pipeline_VITIS_LOOP_511_1_fu_271  |MultiPixStream2Bytes_Pipeline_VITIS_LOOP_511_1  |        0|   0|  155|  293|    0|
    |grp_MultiPixStream2Bytes_Pipeline_VITIS_LOOP_549_5_fu_253  |MultiPixStream2Bytes_Pipeline_VITIS_LOOP_549_5  |        0|   0|  155|  293|    0|
    |grp_MultiPixStream2Bytes_Pipeline_VITIS_LOOP_586_8_fu_228  |MultiPixStream2Bytes_Pipeline_VITIS_LOOP_586_8  |        0|   0|  291|  447|    0|
    +-----------------------------------------------------------+------------------------------------------------+---------+----+-----+-----+-----+
    |Total                                                      |                                                |        0|   0|  601| 1033|    0|
    +-----------------------------------------------------------+------------------------------------------------+---------+----+-----+-----+-----+

    * DSP: 
    N/A

    * Memory: 
    N/A

    * FIFO: 
    N/A

    * Expression: 
    +-----------------------+----------+----+---+----+------------+------------+
    |     Variable Name     | Operation| DSP| FF| LUT| Bitwidth P0| Bitwidth P1|
    +-----------------------+----------+----+---+----+------------+------------+
    |add_ln496_fu_501_p2    |         +|   0|  0|  23|          16|           3|
    |add_ln534_fu_430_p2    |         +|   0|  0|  23|          16|           3|
    |add_ln571_fu_313_p2    |         +|   0|  0|  23|          16|           3|
    |sub118_fu_458_p2       |         +|   0|  0|  14|          13|           2|
    |sub209_fu_347_p2       |         +|   0|  0|  14|          13|           2|
    |sub40_fu_529_p2        |         +|   0|  0|  14|          13|           2|
    |y_4_fu_641_p2          |         +|   0|  0|  12|          12|           1|
    |y_6_fu_616_p2          |         +|   0|  0|  12|          12|           1|
    |y_8_fu_580_p2          |         +|   0|  0|  12|          12|           1|
    |cmp121_2_fu_486_p2     |      icmp|   0|  0|   8|           3|           2|
    |cmp121_fu_464_p2       |      icmp|   0|  0|   8|           3|           1|
    |cmp212_2_fu_375_p2     |      icmp|   0|  0|   9|           4|           2|
    |cmp212_4_fu_397_p2     |      icmp|   0|  0|   9|           4|           3|
    |cmp212_5_fu_403_p2     |      icmp|   0|  0|   9|           4|           3|
    |cmp212_6_fu_409_p2     |      icmp|   0|  0|   9|           4|           3|
    |cmp212_fu_353_p2       |      icmp|   0|  0|   9|           4|           1|
    |cmp43_2_fu_557_p2      |      icmp|   0|  0|   8|           3|           2|
    |cmp43_fu_535_p2        |      icmp|   0|  0|   8|           3|           1|
    |grp_fu_299_p2          |      icmp|   0|  0|   8|           2|           1|
    |icmp11_fu_369_p2       |      icmp|   0|  0|   8|           3|           1|
    |icmp14_fu_391_p2       |      icmp|   0|  0|   8|           2|           1|
    |icmp8_fu_480_p2        |      icmp|   0|  0|   8|           2|           1|
    |icmp_fu_551_p2         |      icmp|   0|  0|   8|           2|           1|
    |icmp_ln508_fu_636_p2   |      icmp|   0|  0|  12|          12|          12|
    |icmp_ln546_fu_611_p2   |      icmp|   0|  0|  12|          12|          12|
    |icmp_ln576_fu_333_p2   |      icmp|   0|  0|   8|           3|           1|
    |icmp_ln583_fu_575_p2   |      icmp|   0|  0|  12|          12|          12|
    |notlhs_fu_415_p2       |      icmp|   0|  0|  10|           6|           5|
    |ap_block_state1        |        or|   0|  0|   2|           1|           1|
    |brmerge79_fu_598_p2    |        or|   0|  0|   2|           1|           1|
    |remainPix_1_fu_521_p3  |    select|   0|  0|   4|           1|           4|
    |remainPix_3_fu_450_p3  |    select|   0|  0|   4|           1|           4|
    |remainPix_5_fu_339_p3  |    select|   0|  0|   5|           1|           5|
    |tobool_not_fu_592_p2   |       xor|   0|  0|   2|           1|           2|
    +-----------------------+----------+----+---+----+------------+------------+
    |Total                  |          |   0|  0| 337|         217|         100|
    +-----------------------+----------+----+---+----+------------+------------+

    * Multiplexer: 
    +--------------------------+----+-----------+-----+-----------+
    |           Name           | LUT| Input Size| Bits| Total Bits|
    +--------------------------+----+-----------+-----+-----------+
    |Height_blk_n              |   9|          2|    1|          2|
    |VideoFormat_blk_n         |   9|          2|    1|          2|
    |WidthInBytes_blk_n        |   9|          2|    1|          2|
    |WidthInBytes_c_blk_n      |   9|          2|    1|          2|
    |ap_NS_fsm                 |  48|          9|    1|          9|
    |ap_done                   |   9|          2|    1|          2|
    |bytePlanes_plane01_din    |  14|          3|   64|        192|
    |bytePlanes_plane01_write  |  20|          4|    1|          4|
    |bytePlanes_plane12_write  |   9|          2|    1|          2|
    |height_c_blk_n            |   9|          2|    1|          2|
    |img_read                  |  20|          4|    1|          4|
    |video_format_c_blk_n      |   9|          2|    1|          2|
    |y_1_fu_162                |   9|          2|   12|         24|
    |y_2_fu_150                |   9|          2|   12|         24|
    |y_fu_174                  |   9|          2|   12|         24|
    +--------------------------+----+-----------+-----+-----------+
    |Total                     | 201|         42|  111|        297|
    +--------------------------+----+-----------+-----+-----------+

    * Register: 
    +------------------------------------------------------------------------+----+----+-----+-----------+
    |                                  Name                                  | FF | LUT| Bits| Const Bits|
    +------------------------------------------------------------------------+----+----+-----+-----------+
    |Height_read_reg_662                                                     |  12|   0|   12|          0|
    |VideoFormat_read_reg_658                                                |   6|   0|    6|          0|
    |ap_CS_fsm                                                               |   8|   0|    8|          0|
    |ap_done_reg                                                             |   1|   0|    1|          0|
    |brmerge79_reg_854                                                       |   1|   0|    1|          0|
    |cmp121_2_reg_787                                                        |   1|   0|    1|          0|
    |cmp121_reg_777                                                          |   1|   0|    1|          0|
    |cmp212_2_reg_713                                                        |   1|   0|    1|          0|
    |cmp212_4_reg_723                                                        |   1|   0|    1|          0|
    |cmp212_5_reg_728                                                        |   1|   0|    1|          0|
    |cmp212_6_reg_733                                                        |   1|   0|    1|          0|
    |cmp212_reg_703                                                          |   1|   0|    1|          0|
    |cmp43_2_reg_836                                                         |   1|   0|    1|          0|
    |cmp43_reg_826                                                           |   1|   0|    1|          0|
    |grp_MultiPixStream2Bytes_Pipeline_VITIS_LOOP_511_1_fu_271_ap_start_reg  |   1|   0|    1|          0|
    |grp_MultiPixStream2Bytes_Pipeline_VITIS_LOOP_549_5_fu_253_ap_start_reg  |   1|   0|    1|          0|
    |grp_MultiPixStream2Bytes_Pipeline_VITIS_LOOP_586_8_fu_228_ap_start_reg  |   1|   0|    1|          0|
    |icmp11_reg_708                                                          |   1|   0|    1|          0|
    |icmp14_reg_718                                                          |   1|   0|    1|          0|
    |icmp8_reg_782                                                           |   1|   0|    1|          0|
    |icmp_ln501_reg_816                                                      |   1|   0|    1|          0|
    |icmp_ln539_reg_767                                                      |   1|   0|    1|          0|
    |icmp_ln576_reg_693                                                      |   1|   0|    1|          0|
    |icmp_reg_831                                                            |   1|   0|    1|          0|
    |notlhs_reg_738                                                          |   1|   0|    1|          0|
    |p_0_0_0_0_0258_3108_lcssa121_fu_166                                     |   8|   0|    8|          0|
    |p_0_0_0_0_0258_3108_lcssa121_load_reg_862                               |   8|   0|    8|          0|
    |p_0_0_0_0_0266_383_lcssa97_fu_178                                       |   8|   0|    8|          0|
    |p_0_0_0_0_0266_383_lcssa97_load_reg_875                                 |   8|   0|    8|          0|
    |p_0_0_0_0_0_7136_lcssa157_fu_154                                        |   8|   0|    8|          0|
    |p_0_0_0_0_0_7136_lcssa157_load_reg_844                                  |   8|   0|    8|          0|
    |p_0_1_0_0_0260_3112_lcssa124_fu_170                                     |   8|   0|    8|          0|
    |p_0_1_0_0_0260_3112_lcssa124_load_reg_867                               |   8|   0|    8|          0|
    |p_0_1_0_0_0268_389_lcssa100_fu_182                                      |   8|   0|    8|          0|
    |p_0_1_0_0_0268_389_lcssa100_load_reg_880                                |   8|   0|    8|          0|
    |p_0_1_0_0_0_7145_lcssa160_fu_158                                        |   8|   0|    8|          0|
    |p_0_1_0_0_0_7145_lcssa160_load_reg_849                                  |   8|   0|    8|          0|
    |sub118_reg_772                                                          |  13|   0|   13|          0|
    |sub209_reg_698                                                          |  13|   0|   13|          0|
    |sub40_reg_821                                                           |  13|   0|   13|          0|
    |trunc_ln496_1_reg_811                                                   |  13|   0|   13|          0|
    |trunc_ln534_1_reg_762                                                   |  13|   0|   13|          0|
    |trunc_ln571_1_reg_688                                                   |  13|   0|   13|          0|
    |y_1_fu_162                                                              |  12|   0|   12|          0|
    |y_2_fu_150                                                              |  12|   0|   12|          0|
    |y_fu_174                                                                |  12|   0|   12|          0|
    +------------------------------------------------------------------------+----+----+-----+-----------+
    |Total                                                                   | 258|   0|  258|          0|
    +------------------------------------------------------------------------+----+----+-----+-----------+



================================================================
== Interface
================================================================
* Summary: 
+-----------------------------------+-----+-----+------------+----------------------+--------------+
|             RTL Ports             | Dir | Bits|  Protocol  |     Source Object    |    C Type    |
+-----------------------------------+-----+-----+------------+----------------------+--------------+
|ap_clk                             |   in|    1|  ap_ctrl_hs|  MultiPixStream2Bytes|  return value|
|ap_rst                             |   in|    1|  ap_ctrl_hs|  MultiPixStream2Bytes|  return value|
|ap_start                           |   in|    1|  ap_ctrl_hs|  MultiPixStream2Bytes|  return value|
|ap_done                            |  out|    1|  ap_ctrl_hs|  MultiPixStream2Bytes|  return value|
|ap_continue                        |   in|    1|  ap_ctrl_hs|  MultiPixStream2Bytes|  return value|
|ap_idle                            |  out|    1|  ap_ctrl_hs|  MultiPixStream2Bytes|  return value|
|ap_ready                           |  out|    1|  ap_ctrl_hs|  MultiPixStream2Bytes|  return value|
|img_dout                           |   in|   24|     ap_fifo|                   img|       pointer|
|img_num_data_valid                 |   in|    2|     ap_fifo|                   img|       pointer|
|img_fifo_cap                       |   in|    2|     ap_fifo|                   img|       pointer|
|img_empty_n                        |   in|    1|     ap_fifo|                   img|       pointer|
|img_read                           |  out|    1|     ap_fifo|                   img|       pointer|
|bytePlanes_plane01_din             |  out|   64|     ap_fifo|    bytePlanes_plane01|       pointer|
|bytePlanes_plane01_num_data_valid  |   in|   11|     ap_fifo|    bytePlanes_plane01|       pointer|
|bytePlanes_plane01_fifo_cap        |   in|   11|     ap_fifo|    bytePlanes_plane01|       pointer|
|bytePlanes_plane01_full_n          |   in|    1|     ap_fifo|    bytePlanes_plane01|       pointer|
|bytePlanes_plane01_write           |  out|    1|     ap_fifo|    bytePlanes_plane01|       pointer|
|bytePlanes_plane12_din             |  out|   64|     ap_fifo|    bytePlanes_plane12|       pointer|
|bytePlanes_plane12_num_data_valid  |   in|   11|     ap_fifo|    bytePlanes_plane12|       pointer|
|bytePlanes_plane12_fifo_cap        |   in|   11|     ap_fifo|    bytePlanes_plane12|       pointer|
|bytePlanes_plane12_full_n          |   in|    1|     ap_fifo|    bytePlanes_plane12|       pointer|
|bytePlanes_plane12_write           |  out|    1|     ap_fifo|    bytePlanes_plane12|       pointer|
|Height_dout                        |   in|   12|     ap_fifo|                Height|       pointer|
|Height_num_data_valid              |   in|    2|     ap_fifo|                Height|       pointer|
|Height_fifo_cap                    |   in|    2|     ap_fifo|                Height|       pointer|
|Height_empty_n                     |   in|    1|     ap_fifo|                Height|       pointer|
|Height_read                        |  out|    1|     ap_fifo|                Height|       pointer|
|WidthInBytes_dout                  |   in|   15|     ap_fifo|          WidthInBytes|       pointer|
|WidthInBytes_num_data_valid        |   in|    3|     ap_fifo|          WidthInBytes|       pointer|
|WidthInBytes_fifo_cap              |   in|    3|     ap_fifo|          WidthInBytes|       pointer|
|WidthInBytes_empty_n               |   in|    1|     ap_fifo|          WidthInBytes|       pointer|
|WidthInBytes_read                  |  out|    1|     ap_fifo|          WidthInBytes|       pointer|
|VideoFormat_dout                   |   in|    6|     ap_fifo|           VideoFormat|       pointer|
|VideoFormat_num_data_valid         |   in|    3|     ap_fifo|           VideoFormat|       pointer|
|VideoFormat_fifo_cap               |   in|    3|     ap_fifo|           VideoFormat|       pointer|
|VideoFormat_empty_n                |   in|    1|     ap_fifo|           VideoFormat|       pointer|
|VideoFormat_read                   |  out|    1|     ap_fifo|           VideoFormat|       pointer|
|WidthInBytes_c_din                 |  out|   15|     ap_fifo|        WidthInBytes_c|       pointer|
|WidthInBytes_c_num_data_valid      |   in|    2|     ap_fifo|        WidthInBytes_c|       pointer|
|WidthInBytes_c_fifo_cap            |   in|    2|     ap_fifo|        WidthInBytes_c|       pointer|
|WidthInBytes_c_full_n              |   in|    1|     ap_fifo|        WidthInBytes_c|       pointer|
|WidthInBytes_c_write               |  out|    1|     ap_fifo|        WidthInBytes_c|       pointer|
|height_c_din                       |  out|   12|     ap_fifo|              height_c|       pointer|
|height_c_num_data_valid            |   in|    2|     ap_fifo|              height_c|       pointer|
|height_c_fifo_cap                  |   in|    2|     ap_fifo|              height_c|       pointer|
|height_c_full_n                    |   in|    1|     ap_fifo|              height_c|       pointer|
|height_c_write                     |  out|    1|     ap_fifo|              height_c|       pointer|
|video_format_c_din                 |  out|    6|     ap_fifo|        video_format_c|       pointer|
|video_format_c_num_data_valid      |   in|    2|     ap_fifo|        video_format_c|       pointer|
|video_format_c_fifo_cap            |   in|    2|     ap_fifo|        video_format_c|       pointer|
|video_format_c_full_n              |   in|    1|     ap_fifo|        video_format_c|       pointer|
|video_format_c_write               |  out|    1|     ap_fifo|        video_format_c|       pointer|
+-----------------------------------+-----+-----+------------+----------------------+--------------+

