

================================================================
== Vitis HLS Report for 'MultiPixStream2Bytes_Pipeline_VITIS_LOOP_549_5'
================================================================
* Date:           Mon Jan 15 06:27:35 2024

* Version:        2022.1.2 (Build 3605665 on Fri Aug  5 22:52:02 MDT 2022)
* Project:        prj
* Solution:       sol (Vivado IP Flow Target)
* Product family: zynq
* Target device:  xc7z020-clg400-1


================================================================
== Performance Estimates
================================================================
+ Timing: 
    * Summary: 
    +--------+----------+----------+------------+
    |  Clock |  Target  | Estimated| Uncertainty|
    +--------+----------+----------+------------+
    |ap_clk  |  10.00 ns|  5.238 ns|     2.70 ns|
    +--------+----------+----------+------------+

+ Latency: 
    * Summary: 
    +---------+---------+-----------+----------+-----+-------+---------+
    |  Latency (cycles) |  Latency (absolute)  |   Interval  | Pipeline|
    |   min   |   max   |    min    |    max   | min |  max  |   Type  |
    +---------+---------+-----------+----------+-----+-------+---------+
    |        4|    32772|  40.000 ns|  0.328 ms|    4|  32772|       no|
    +---------+---------+-----------+----------+-----+-------+---------+

    + Detail: 
        * Instance: 
        N/A

        * Loop: 
        +--------------------+---------+---------+----------+-----------+-----------+----------+----------+
        |                    |  Latency (cycles) | Iteration|  Initiation Interval  |   Trip   |          |
        |      Loop Name     |   min   |   max   |  Latency |  achieved |   target  |   Count  | Pipelined|
        +--------------------+---------+---------+----------+-----------+-----------+----------+----------+
        |- VITIS_LOOP_549_5  |        2|    32770|         6|          4|          4|  0 ~ 8192|       yes|
        +--------------------+---------+---------+----------+-----------+-----------+----------+----------+



================================================================
== Utilization Estimates
================================================================
* Summary: 
+-----------------+---------+-----+--------+-------+-----+
|       Name      | BRAM_18K| DSP |   FF   |  LUT  | URAM|
+-----------------+---------+-----+--------+-------+-----+
|DSP              |        -|    -|       -|      -|    -|
|Expression       |        -|    -|       0|     78|    -|
|FIFO             |        -|    -|       -|      -|    -|
|Instance         |        -|    -|       -|      -|    -|
|Memory           |        -|    -|       -|      -|    -|
|Multiplexer      |        -|    -|       -|    215|    -|
|Register         |        -|    -|     155|      -|    -|
+-----------------+---------+-----+--------+-------+-----+
|Total            |        0|    0|     155|    293|    0|
+-----------------+---------+-----+--------+-------+-----+
|Available        |      280|  220|  106400|  53200|    0|
+-----------------+---------+-----+--------+-------+-----+
|Utilization (%)  |        0|    0|      ~0|     ~0|    0|
+-----------------+---------+-----+--------+-------+-----+

+ Detail: 
    * Instance: 
    N/A

    * DSP: 
    N/A

    * Memory: 
    N/A

    * FIFO: 
    N/A

    * Expression: 
    +----------------------------------+----------+----+---+----+------------+------------+
    |           Variable Name          | Operation| DSP| FF| LUT| Bitwidth P0| Bitwidth P1|
    +----------------------------------+----------+----+---+----+------------+------------+
    |x_3_fu_273_p2                     |         +|   0|  0|  14|          13|           1|
    |ap_block_pp0_stage0_11001         |       and|   0|  0|   2|           1|           1|
    |ap_block_pp0_stage2_11001         |       and|   0|  0|   2|           1|           1|
    |ap_block_pp0_stage3_11001         |       and|   0|  0|   2|           1|           1|
    |ap_block_state2_pp0_stage1_iter0  |       and|   0|  0|   2|           1|           1|
    |ap_block_state3_pp0_stage2_iter0  |       and|   0|  0|   2|           1|           1|
    |ap_block_state4_pp0_stage3_iter0  |       and|   0|  0|   2|           1|           1|
    |ap_block_state5_pp0_stage0_iter1  |       and|   0|  0|   2|           1|           1|
    |ap_condition_241                  |       and|   0|  0|   2|           1|           1|
    |ap_condition_443                  |       and|   0|  0|   2|           1|           1|
    |ap_condition_446                  |       and|   0|  0|   2|           1|           1|
    |ap_predicate_op36_read_state2     |       and|   0|  0|   2|           1|           1|
    |ap_predicate_op49_read_state3     |       and|   0|  0|   2|           1|           1|
    |ap_predicate_op56_read_state4     |       and|   0|  0|   2|           1|           1|
    |ap_predicate_op63_read_state5     |       and|   0|  0|   2|           1|           1|
    |cmp119_fu_283_p2                  |      icmp|   0|  0|  12|          14|          14|
    |icmp_ln549_fu_267_p2              |      icmp|   0|  0|  12|          13|          13|
    |ap_block_pp0_stage1_01001         |        or|   0|  0|   2|           1|           1|
    |or_ln554_1_fu_304_p2              |        or|   0|  0|   2|           1|           1|
    |or_ln554_2_fu_308_p2              |        or|   0|  0|   2|           1|           1|
    |or_ln554_3_fu_312_p2              |        or|   0|  0|   2|           1|           1|
    |or_ln554_fu_289_p2                |        or|   0|  0|   2|           1|           1|
    |ap_enable_pp0                     |       xor|   0|  0|   2|           1|           2|
    +----------------------------------+----------+----+---+----+------------+------------+
    |Total                             |          |   0|  0|  78|          60|          49|
    +----------------------------------+----------+----+---+----+------------+------------+

    * Multiplexer: 
    +--------------------------------------------------+----+-----------+-----+-----------+
    |                       Name                       | LUT| Input Size| Bits| Total Bits|
    +--------------------------------------------------+----+-----------+-----+-----------+
    |ap_NS_fsm                                         |  25|          5|    1|          5|
    |ap_done_int                                       |   9|          2|    1|          2|
    |ap_enable_reg_pp0_iter0                           |   9|          2|    1|          2|
    |ap_enable_reg_pp0_iter0_reg                       |   9|          2|    1|          2|
    |ap_enable_reg_pp0_iter1                           |   9|          2|    1|          2|
    |ap_phi_mux_p_0_0_0_0_0258_3108_phi_fu_228_p4      |   9|          2|    8|         16|
    |ap_phi_mux_p_0_1_0_0_0260_3112_phi_fu_218_p4      |   9|          2|    8|         16|
    |ap_phi_reg_pp0_iter0_p_0_0_0_0_0258_3106_reg_163  |   9|          2|    8|         16|
    |ap_phi_reg_pp0_iter0_p_0_1_0_0_0260_3110_reg_153  |   9|          2|    8|         16|
    |ap_phi_reg_pp0_iter1_p_0_0_0_0_0258_3104_reg_205  |  14|          3|    8|         24|
    |ap_phi_reg_pp0_iter1_p_0_0_0_0_0258_3105_reg_184  |   9|          2|    8|         16|
    |ap_phi_reg_pp0_iter1_p_0_0_0_0_0258_3108_reg_225  |   9|          2|    8|         16|
    |ap_phi_reg_pp0_iter1_p_0_1_0_0_0260_3109_reg_173  |   9|          2|    8|         16|
    |ap_phi_reg_pp0_iter1_p_0_1_0_0_0260_3112_reg_215  |   9|          2|    8|         16|
    |ap_phi_reg_pp0_iter1_p_0_1_0_0_0260_3113_reg_195  |  14|          3|    8|         24|
    |ap_sig_allocacmp_x                                |   9|          2|   13|         26|
    |bytePlanes_plane01_blk_n                          |   9|          2|    1|          2|
    |img_blk_n                                         |   9|          2|    1|          2|
    |p_0_0_0_0_0258_3107_fu_84                         |   9|          2|    8|         16|
    |p_0_1_0_0_0260_3111_fu_88                         |   9|          2|    8|         16|
    |x_1_fu_80                                         |   9|          2|   13|         26|
    +--------------------------------------------------+----+-----------+-----+-----------+
    |Total                                             | 215|         47|  129|        277|
    +--------------------------------------------------+----+-----------+-----+-----------+

    * Register: 
    +--------------------------------------------------+----+----+-----+-----------+
    |                       Name                       | FF | LUT| Bits| Const Bits|
    +--------------------------------------------------+----+----+-----+-----------+
    |ap_CS_fsm                                         |   4|   0|    4|          0|
    |ap_done_reg                                       |   1|   0|    1|          0|
    |ap_enable_reg_pp0_iter0_reg                       |   1|   0|    1|          0|
    |ap_enable_reg_pp0_iter1                           |   1|   0|    1|          0|
    |ap_phi_reg_pp0_iter0_p_0_0_0_0_0258_3105_reg_184  |   8|   0|    8|          0|
    |ap_phi_reg_pp0_iter0_p_0_0_0_0_0258_3106_reg_163  |   8|   0|    8|          0|
    |ap_phi_reg_pp0_iter0_p_0_1_0_0_0260_3109_reg_173  |   8|   0|    8|          0|
    |ap_phi_reg_pp0_iter0_p_0_1_0_0_0260_3110_reg_153  |   8|   0|    8|          0|
    |ap_phi_reg_pp0_iter1_p_0_0_0_0_0258_3104_reg_205  |   8|   0|    8|          0|
    |ap_phi_reg_pp0_iter1_p_0_0_0_0_0258_3105_reg_184  |   8|   0|    8|          0|
    |ap_phi_reg_pp0_iter1_p_0_0_0_0_0258_3108_reg_225  |   8|   0|    8|          0|
    |ap_phi_reg_pp0_iter1_p_0_1_0_0_0260_3109_reg_173  |   8|   0|    8|          0|
    |ap_phi_reg_pp0_iter1_p_0_1_0_0_0260_3112_reg_215  |   8|   0|    8|          0|
    |ap_phi_reg_pp0_iter1_p_0_1_0_0_0260_3113_reg_195  |   8|   0|    8|          0|
    |cmp119_reg_417                                    |   1|   0|    1|          0|
    |icmp_ln549_reg_413                                |   1|   0|    1|          0|
    |icmp_ln549_reg_413_pp0_iter1_reg                  |   1|   0|    1|          0|
    |or_ln554_1_reg_438                                |   1|   0|    1|          0|
    |or_ln554_2_reg_442                                |   1|   0|    1|          0|
    |or_ln554_3_reg_446                                |   1|   0|    1|          0|
    |or_ln554_reg_424                                  |   1|   0|    1|          0|
    |p_0_0_0_0_0258_3105_reg_184                       |   8|   0|    8|          0|
    |p_0_0_0_0_0258_3106_reg_163                       |   8|   0|    8|          0|
    |p_0_0_0_0_0258_3107_fu_84                         |   8|   0|    8|          0|
    |p_0_1_0_0_0260_3109_reg_173                       |   8|   0|    8|          0|
    |p_0_1_0_0_0260_3110_reg_153                       |   8|   0|    8|          0|
    |p_0_1_0_0_0260_3111_fu_88                         |   8|   0|    8|          0|
    |x_1_fu_80                                         |  13|   0|   13|          0|
    +--------------------------------------------------+----+----+-----+-----------+
    |Total                                             | 155|   0|  155|          0|
    +--------------------------------------------------+----+----+-----+-----------+



================================================================
== Interface
================================================================
* Summary: 
+-----------------------------------+-----+-----+------------+------------------------------------------------+--------------+
|             RTL Ports             | Dir | Bits|  Protocol  |                  Source Object                 |    C Type    |
+-----------------------------------+-----+-----+------------+------------------------------------------------+--------------+
|ap_clk                             |   in|    1|  ap_ctrl_hs|  MultiPixStream2Bytes_Pipeline_VITIS_LOOP_549_5|  return value|
|ap_rst                             |   in|    1|  ap_ctrl_hs|  MultiPixStream2Bytes_Pipeline_VITIS_LOOP_549_5|  return value|
|ap_start                           |   in|    1|  ap_ctrl_hs|  MultiPixStream2Bytes_Pipeline_VITIS_LOOP_549_5|  return value|
|ap_done                            |  out|    1|  ap_ctrl_hs|  MultiPixStream2Bytes_Pipeline_VITIS_LOOP_549_5|  return value|
|ap_idle                            |  out|    1|  ap_ctrl_hs|  MultiPixStream2Bytes_Pipeline_VITIS_LOOP_549_5|  return value|
|ap_ready                           |  out|    1|  ap_ctrl_hs|  MultiPixStream2Bytes_Pipeline_VITIS_LOOP_549_5|  return value|
|img_dout                           |   in|   24|     ap_fifo|                                             img|       pointer|
|img_num_data_valid                 |   in|    2|     ap_fifo|                                             img|       pointer|
|img_fifo_cap                       |   in|    2|     ap_fifo|                                             img|       pointer|
|img_empty_n                        |   in|    1|     ap_fifo|                                             img|       pointer|
|img_read                           |  out|    1|     ap_fifo|                                             img|       pointer|
|p_0_1_0_0_0260_3112_lcssa124       |   in|    8|     ap_none|                    p_0_1_0_0_0260_3112_lcssa124|        scalar|
|p_0_0_0_0_0258_3108_lcssa121       |   in|    8|     ap_none|                    p_0_0_0_0_0258_3108_lcssa121|        scalar|
|trunc_ln534_1                      |   in|   13|     ap_none|                                   trunc_ln534_1|        scalar|
|bytePlanes_plane01_din             |  out|   64|     ap_fifo|                              bytePlanes_plane01|       pointer|
|bytePlanes_plane01_num_data_valid  |   in|   11|     ap_fifo|                              bytePlanes_plane01|       pointer|
|bytePlanes_plane01_fifo_cap        |   in|   11|     ap_fifo|                              bytePlanes_plane01|       pointer|
|bytePlanes_plane01_full_n          |   in|    1|     ap_fifo|                              bytePlanes_plane01|       pointer|
|bytePlanes_plane01_write           |  out|    1|     ap_fifo|                              bytePlanes_plane01|       pointer|
|icmp_ln539                         |   in|    1|     ap_none|                                      icmp_ln539|        scalar|
|cmp121_2                           |   in|    1|     ap_none|                                        cmp121_2|        scalar|
|cmp121_1                           |   in|    1|     ap_none|                                        cmp121_1|        scalar|
|sub118_cast57                      |   in|   13|     ap_none|                                   sub118_cast57|        scalar|
|cmp121                             |   in|    1|     ap_none|                                          cmp121|        scalar|
|p_0_1_0_0_0260_3111_out            |  out|    8|      ap_vld|                         p_0_1_0_0_0260_3111_out|       pointer|
|p_0_1_0_0_0260_3111_out_ap_vld     |  out|    1|      ap_vld|                         p_0_1_0_0_0260_3111_out|       pointer|
|p_0_0_0_0_0258_3107_out            |  out|    8|      ap_vld|                         p_0_0_0_0_0258_3107_out|       pointer|
|p_0_0_0_0_0258_3107_out_ap_vld     |  out|    1|      ap_vld|                         p_0_0_0_0_0258_3107_out|       pointer|
+-----------------------------------+-----+-----+------------+------------------------------------------------+--------------+

